{
  "uid" : "4b2a03cb630fdedb",
  "name" : "test_contract_gph_standart_admin[user1]",
  "fullName" : "tests.test_contracts_gph.test_business_process_contract_gph_standart.TestContractGPH#test_contract_gph_standart_admin",
  "historyId" : "d5d0b3606761241d19c180af87b85b32",
  "time" : {
    "start" : 1646385459456,
    "stop" : 1646385757488,
    "duration" : 298032
  },
  "description" : "\n         Договор ГПХ руководитель НЕ проректор - стандартное простое прохождение\n        https://tfs.university.innopolis.ru/tfs/DefaultCollection/%D0%92%D0%BD%D1%83%D1%82%D1%80%D0%B5%D0%BD%D0%BD%D1%8F%D1%8F%20%D1%80%D0%B0%D0%B7%D1%80%D0%B0%D0%B1%D0%BE%D1%82%D0%BA%D0%B0/_workitems/edit/60769\n        Consideration of the first group of approvers (varies for each user)\n        ",
  "descriptionHtml" : "<pre><code>     Договор ГПХ руководитель НЕ проректор - стандартное простое прохождение\n    https://tfs.university.innopolis.ru/tfs/DefaultCollection/%D0%92%D0%BD%D1%83%D1%82%D1%80%D0%B5%D0%BD%D0%BD%D1%8F%D1%8F%20%D1%80%D0%B0%D0%B7%D1%80%D0%B0%D0%B1%D0%BE%D1%82%D0%BA%D0%B0/_workitems/edit/60769\n    Consideration of the first group of approvers (varies for each user)\n</code></pre>\n",
  "status" : "failed",
  "statusMessage" : "selene.core.exceptions.TimeoutException: Message: \n\nTimed out after 10s, while waiting for:\nbrowser.element(('xpath', \"//text()[contains(.,'Документ согласован')]/../../../../../..//a[contains(.,'Алексей Хабибуллин')]\")).is visible\n\nReason: NoSuchElementException: Message: no such element: Unable to locate element: {\"method\":\"xpath\",\"selector\":\"//text()[contains(.,'Документ согласован')]/../../../../../..//a[contains(.,'Алексей Хабибуллин')]\"}\n  (Session info: chrome=98.0.4758.102)\n\nScreenshot: file:///home/seluser/.selene/screenshots/1646383817585/1646383817603.png\nPageSource: file:///home/seluser/.selene/screenshots/1646383817585/1646383817603.html",
  "statusTrace" : "self = <selene.core.wait.Wait object at 0x7f9f2e4031f0>\nfn = <selene.core.conditions.ElementCondition object at 0x7f9f3a72f6a0>\n\n    def for_(self, fn: Callable[[E], R]) -> R:\n        finish_time = time.time() + self._timeout\n    \n        while True:\n            try:\n>               return fn(self._entity)\n\n/usr/local/lib/python3.8/dist-packages/selene/core/wait.py:102: \n_ _ _ _ _ _ _ _ _ _ _ _ _ _ _ _ _ _ _ _ _ _ _ _ _ _ _ _ _ _ _ _ _ _ _ _ _ _ _ _ \n\nself = <selene.core.conditions.ElementCondition object at 0x7f9f3a72f6a0>\nargs = (<selene.core.entity.Element object at 0x7f9f2e4039d0>,), kwargs = {}\n\n    def __call__(self, *args, **kwargs):\n>       return self._fn(*args, **kwargs)\n\n/usr/local/lib/python3.8/dist-packages/selene/core/condition.py:136: \n_ _ _ _ _ _ _ _ _ _ _ _ _ _ _ _ _ _ _ _ _ _ _ _ _ _ _ _ _ _ _ _ _ _ _ _ _ _ _ _ \n\nentity = <selene.core.entity.Element object at 0x7f9f2e4039d0>\n\n    def fn(entity: E) -> None:\n>       if not predicate(entity):\n\n/usr/local/lib/python3.8/dist-packages/selene/core/condition.py:91: \n_ _ _ _ _ _ _ _ _ _ _ _ _ _ _ _ _ _ _ _ _ _ _ _ _ _ _ _ _ _ _ _ _ _ _ _ _ _ _ _ \n\nelement = <selene.core.entity.Element object at 0x7f9f2e4039d0>\n\n>       'is visible', lambda element: element().is_displayed()\n    )\n\n/usr/local/lib/python3.8/dist-packages/selene/core/match.py:37: \n_ _ _ _ _ _ _ _ _ _ _ _ _ _ _ _ _ _ _ _ _ _ _ _ _ _ _ _ _ _ _ _ _ _ _ _ _ _ _ _ \n\nself = <selene.core.entity.Element object at 0x7f9f2e4039d0>\n\n    def __call__(self) -> WebElement:\n>       return self._locator()\n\n/usr/local/lib/python3.8/dist-packages/selene/core/entity.py:174: \n_ _ _ _ _ _ _ _ _ _ _ _ _ _ _ _ _ _ _ _ _ _ _ _ _ _ _ _ _ _ _ _ _ _ _ _ _ _ _ _ \n\nself = <selene.core.locator.Locator object at 0x7f9f2e403550>\n\n    def __call__(self) -> T:\n>       return self._locate()\n\n/usr/local/lib/python3.8/dist-packages/selene/core/locator.py:34: \n_ _ _ _ _ _ _ _ _ _ _ _ _ _ _ _ _ _ _ _ _ _ _ _ _ _ _ _ _ _ _ _ _ _ _ _ _ _ _ _ \n\n>           f'{self}.element({by})', lambda: self.driver.find_element(*by)\n        ),\n        self.config,\n    )\n\n/usr/local/lib/python3.8/dist-packages/selene/core/entity.py:1367: \n_ _ _ _ _ _ _ _ _ _ _ _ _ _ _ _ _ _ _ _ _ _ _ _ _ _ _ _ _ _ _ _ _ _ _ _ _ _ _ _ \n\nself = <selenium.webdriver.chrome.webdriver.WebDriver (session=\"1522a0842619897c89a0b720460ace0c\")>\nby = 'xpath'\nvalue = \"//text()[contains(.,'Документ согласован')]/../../../../../..//a[contains(.,'Алексей Хабибуллин')]\"\n\n    def find_element(self, by=By.ID, value=None):\n        \"\"\"\n        Find an element given a By strategy and locator. Prefer the find_element_by_* methods when\n        possible.\n    \n        :Usage:\n            element = driver.find_element(By.ID, 'foo')\n    \n        :rtype: WebElement\n        \"\"\"\n        if self.w3c:\n            if by == By.ID:\n                by = By.CSS_SELECTOR\n                value = '[id=\"%s\"]' % value\n            elif by == By.TAG_NAME:\n                by = By.CSS_SELECTOR\n            elif by == By.CLASS_NAME:\n                by = By.CSS_SELECTOR\n                value = \".%s\" % value\n            elif by == By.NAME:\n                by = By.CSS_SELECTOR\n                value = '[name=\"%s\"]' % value\n>       return self.execute(Command.FIND_ELEMENT, {\n            'using': by,\n            'value': value})['value']\n\n/usr/local/lib/python3.8/dist-packages/selenium/webdriver/remote/webdriver.py:976: \n_ _ _ _ _ _ _ _ _ _ _ _ _ _ _ _ _ _ _ _ _ _ _ _ _ _ _ _ _ _ _ _ _ _ _ _ _ _ _ _ \n\nself = <selenium.webdriver.chrome.webdriver.WebDriver (session=\"1522a0842619897c89a0b720460ace0c\")>\ndriver_command = 'findElement'\nparams = {'using': 'xpath', 'value': \"//text()[contains(.,'Документ согласован')]/../../../../../..//a[contains(.,'Алексей Хабибуллин')]\"}\n\n    def execute(self, driver_command, params=None):\n        \"\"\"\n        Sends a command to be executed by a command.CommandExecutor.\n    \n        :Args:\n         - driver_command: The name of the command to execute as a string.\n         - params: A dictionary of named parameters to send with the command.\n    \n        :Returns:\n          The command's JSON response loaded into a dictionary object.\n        \"\"\"\n        if self.session_id is not None:\n            if not params:\n                params = {'sessionId': self.session_id}\n            elif 'sessionId' not in params:\n                params['sessionId'] = self.session_id\n    \n        params = self._wrap_value(params)\n        response = self.command_executor.execute(driver_command, params)\n        if response:\n>           self.error_handler.check_response(response)\n\n/usr/local/lib/python3.8/dist-packages/selenium/webdriver/remote/webdriver.py:321: \n_ _ _ _ _ _ _ _ _ _ _ _ _ _ _ _ _ _ _ _ _ _ _ _ _ _ _ _ _ _ _ _ _ _ _ _ _ _ _ _ \n\nself = <selenium.webdriver.remote.errorhandler.ErrorHandler object at 0x7f9f05346e20>\nresponse = {'status': 404, 'value': '{\"value\":{\"error\":\"no such element\",\"message\":\"no such element: Unable to locate element: {\\...\\\\n#16 0x5613b3b08d28 \\\\u003Cunknown>\\\\n#17 0x5613b3b2348d \\\\u003Cunknown>\\\\n#18 0x7f28d39d3609 \\\\u003Cunknown>\\\\n\"}}'}\n\n    def check_response(self, response):\n        \"\"\"\n        Checks that a JSON response from the WebDriver does not have an error.\n    \n        :Args:\n         - response - The JSON response from the WebDriver server as a dictionary\n           object.\n    \n        :Raises: If the response contains an error message.\n        \"\"\"\n        status = response.get('status', None)\n        if status is None or status == ErrorCode.SUCCESS:\n            return\n        value = None\n        message = response.get(\"message\", \"\")\n        screen = response.get(\"screen\", \"\")\n        stacktrace = None\n        if isinstance(status, int):\n            value_json = response.get('value', None)\n            if value_json and isinstance(value_json, basestring):\n                import json\n                try:\n                    value = json.loads(value_json)\n                    if len(value.keys()) == 1:\n                        value = value['value']\n                    status = value.get('error', None)\n                    if status is None:\n                        status = value[\"status\"]\n                        message = value[\"value\"]\n                        if not isinstance(message, basestring):\n                            value = message\n                            message = message.get('message')\n                    else:\n                        message = value.get('message', None)\n                except ValueError:\n                    pass\n    \n        exception_class = ErrorInResponseException\n        if status in ErrorCode.NO_SUCH_ELEMENT:\n            exception_class = NoSuchElementException\n        elif status in ErrorCode.NO_SUCH_FRAME:\n            exception_class = NoSuchFrameException\n        elif status in ErrorCode.NO_SUCH_WINDOW:\n            exception_class = NoSuchWindowException\n        elif status in ErrorCode.STALE_ELEMENT_REFERENCE:\n            exception_class = StaleElementReferenceException\n        elif status in ErrorCode.ELEMENT_NOT_VISIBLE:\n            exception_class = ElementNotVisibleException\n        elif status in ErrorCode.INVALID_ELEMENT_STATE:\n            exception_class = InvalidElementStateException\n        elif status in ErrorCode.INVALID_SELECTOR \\\n                or status in ErrorCode.INVALID_XPATH_SELECTOR \\\n                or status in ErrorCode.INVALID_XPATH_SELECTOR_RETURN_TYPER:\n            exception_class = InvalidSelectorException\n        elif status in ErrorCode.ELEMENT_IS_NOT_SELECTABLE:\n            exception_class = ElementNotSelectableException\n        elif status in ErrorCode.ELEMENT_NOT_INTERACTABLE:\n            exception_class = ElementNotInteractableException\n        elif status in ErrorCode.INVALID_COOKIE_DOMAIN:\n            exception_class = InvalidCookieDomainException\n        elif status in ErrorCode.UNABLE_TO_SET_COOKIE:\n            exception_class = UnableToSetCookieException\n        elif status in ErrorCode.TIMEOUT:\n            exception_class = TimeoutException\n        elif status in ErrorCode.SCRIPT_TIMEOUT:\n            exception_class = TimeoutException\n        elif status in ErrorCode.UNKNOWN_ERROR:\n            exception_class = WebDriverException\n        elif status in ErrorCode.UNEXPECTED_ALERT_OPEN:\n            exception_class = UnexpectedAlertPresentException\n        elif status in ErrorCode.NO_ALERT_OPEN:\n            exception_class = NoAlertPresentException\n        elif status in ErrorCode.IME_NOT_AVAILABLE:\n            exception_class = ImeNotAvailableException\n        elif status in ErrorCode.IME_ENGINE_ACTIVATION_FAILED:\n            exception_class = ImeActivationFailedException\n        elif status in ErrorCode.MOVE_TARGET_OUT_OF_BOUNDS:\n            exception_class = MoveTargetOutOfBoundsException\n        elif status in ErrorCode.JAVASCRIPT_ERROR:\n            exception_class = JavascriptException\n        elif status in ErrorCode.SESSION_NOT_CREATED:\n            exception_class = SessionNotCreatedException\n        elif status in ErrorCode.INVALID_ARGUMENT:\n            exception_class = InvalidArgumentException\n        elif status in ErrorCode.NO_SUCH_COOKIE:\n            exception_class = NoSuchCookieException\n        elif status in ErrorCode.UNABLE_TO_CAPTURE_SCREEN:\n            exception_class = ScreenshotException\n        elif status in ErrorCode.ELEMENT_CLICK_INTERCEPTED:\n            exception_class = ElementClickInterceptedException\n        elif status in ErrorCode.INSECURE_CERTIFICATE:\n            exception_class = InsecureCertificateException\n        elif status in ErrorCode.INVALID_COORDINATES:\n            exception_class = InvalidCoordinatesException\n        elif status in ErrorCode.INVALID_SESSION_ID:\n            exception_class = InvalidSessionIdException\n        elif status in ErrorCode.UNKNOWN_METHOD:\n            exception_class = UnknownMethodException\n        else:\n            exception_class = WebDriverException\n        if value == '' or value is None:\n            value = response['value']\n        if isinstance(value, basestring):\n            if exception_class == ErrorInResponseException:\n                raise exception_class(response, value)\n            raise exception_class(value)\n        if message == \"\" and 'message' in value:\n            message = value['message']\n    \n        screen = None\n        if 'screen' in value:\n            screen = value['screen']\n    \n        stacktrace = None\n        if 'stackTrace' in value and value['stackTrace']:\n            stacktrace = []\n            try:\n                for frame in value['stackTrace']:\n                    line = self._value_or_default(frame, 'lineNumber', '')\n                    file = self._value_or_default(frame, 'fileName', '<anonymous>')\n                    if line:\n                        file = \"%s:%s\" % (file, line)\n                    meth = self._value_or_default(frame, 'methodName', '<anonymous>')\n                    if 'className' in frame:\n                        meth = \"%s.%s\" % (frame['className'], meth)\n                    msg = \"    at %s (%s)\"\n                    msg = msg % (meth, file)\n                    stacktrace.append(msg)\n            except TypeError:\n                pass\n        if exception_class == ErrorInResponseException:\n            raise exception_class(response, message)\n        elif exception_class == UnexpectedAlertPresentException:\n            alert_text = None\n            if 'data' in value:\n                alert_text = value['data'].get('text')\n            elif 'alert' in value:\n                alert_text = value['alert'].get('text')\n            raise exception_class(message, screen, stacktrace, alert_text)\n>       raise exception_class(message, screen, stacktrace)\nE       selenium.common.exceptions.NoSuchElementException: Message: no such element: Unable to locate element: {\"method\":\"xpath\",\"selector\":\"//text()[contains(.,'Документ согласован')]/../../../../../..//a[contains(.,'Алексей Хабибуллин')]\"}\nE         (Session info: chrome=98.0.4758.102)\n\n/usr/local/lib/python3.8/dist-packages/selenium/webdriver/remote/errorhandler.py:242: NoSuchElementException\n\nDuring handling of the above exception, another exception occurred:\n\nself = <tests.test_contracts_gph.test_business_process_contract_gph_standart.TestContractGPH object at 0x7f9f2e56ca00>\nuser = <models.contract_gph_data.ContractGPHPerson object at 0x7f9f3a4a8be0>\n\n    @pytest.mark.smoke\n    @pytest.mark.parametrize(\n        \"user\",\n        CONTRACTS_GPH_CONSTANTS_ALL,\n    )\n    def test_contract_gph_standart_admin(self, user):\n        \"\"\"\n         Договор ГПХ руководитель НЕ проректор - стандартное простое прохождение\n        https://tfs.university.innopolis.ru/tfs/DefaultCollection/%D0%92%D0%BD%D1%83%D1%82%D1%80%D0%B5%D0%BD%D0%BD%D1%8F%D1%8F%20%D1%80%D0%B0%D0%B7%D1%80%D0%B0%D0%B1%D0%BE%D1%82%D0%BA%D0%B0/_workitems/edit/60769\n        Consideration of the first group of approvers (varies for each user)\n        \"\"\"\n        contract_data_person = ContractGPHPerson(\n            user.employee, user.supervisor_1nd_group, user.supervisor_3nd_group, user.signing_ui, user.signer\n        )\n        contract_gph = ContractGPH(ContractsGPHConstants)\n        logger.info(f'login \"{contract_data_person.employee.fullname}\".')\n        admin_panel.auth_as_user(contract_data_person.employee)\n        new_contract_gph_random = ContractGPHRandom.random()\n        main_page.document_management.click()\n        main_page.contracts_gph.click()\n        contract_gph_list_page.contract_gph_create_page()\n        create_contract_gph_page.fill_required_fields(new_contract_gph_random)\n        create_contract_gph_page.create_contract()\n        contract_data_person.contract_gph_name = create_contract_gph_page.get_contract_gph_name()\n        contract_data_person.contract_gph_id = create_contract_gph_page.get_id()\n        logger.info(\n            f'title \"{contract_data_person.contract_gph_name}\", ' f'id \"{contract_data_person.contract_gph_id}\".'\n        )\n        create_contract_gph_page.assert_create(contract_data_person.contract_gph_name)\n        contract_gph_page.send_consideration()\n        contract_gph_process_page.open_contract_admin(contract_gph.id_process, contract_data_person.contract_gph_id)\n        # supervisor_1nd_group\n        for i in range(len(contract_data_person.supervisor_1nd_group)):\n            logger.info(f\"Approve {contract_data_person.supervisor_1nd_group[i].fullname}\")\n            contract_gph_page.admin_approve(contract_data_person.supervisor_1nd_group[i].fullname)\n>           contract_gph_page.for_approve_supervisor(contract_data_person.supervisor_1nd_group[i].fullname)\n\ntests/test_contracts_gph/test_business_process_contract_gph_standart.py:114: \n_ _ _ _ _ _ _ _ _ _ _ _ _ _ _ _ _ _ _ _ _ _ _ _ _ _ _ _ _ _ _ _ _ _ _ _ _ _ _ _ \npages/document_management/contracts_gph/contract_gph_page.py:139: in for_approve_supervisor\n    element(self.approve_supervisor.format(supervisor)).be_visible()\npages/base_element.py:76: in be_visible\n    self.locator.should(be.visible)\n/usr/local/lib/python3.8/dist-packages/selene/core/entity.py:379: in should\n    super().should(condition)\n/usr/local/lib/python3.8/dist-packages/selene/core/entity.py:122: in should\n    self.wait.for_(condition)\n_ _ _ _ _ _ _ _ _ _ _ _ _ _ _ _ _ _ _ _ _ _ _ _ _ _ _ _ _ _ _ _ _ _ _ _ _ _ _ _ \n\nself = <selene.core.wait.Wait object at 0x7f9f2e4031f0>\nfn = <selene.core.conditions.ElementCondition object at 0x7f9f3a72f6a0>\n\n        def for_(self, fn: Callable[[E], R]) -> R:\n            finish_time = time.time() + self._timeout\n    \n            while True:\n                try:\n                    return fn(self._entity)\n                except Exception as reason:\n                    if time.time() > finish_time:\n    \n                        reason_message = str(reason)\n    \n                        reason_string = '{name}: {message}'.format(\n                            name=reason.__class__.__name__, message=reason_message\n                        )\n                        # todo: think on how can we improve logging failures in selene, e.g. reverse msg and stacktrace\n                        # stacktrace = getattr(reason, 'stacktrace', None)\n                        timeout = self._timeout\n                        entity = self._entity\n    \n                        failure = TimeoutException(\n                            f'''\n    \n    Timed out after {timeout}s, while waiting for:\n    {entity}.{fn}\n    \n    Reason: {reason_string}'''\n                        )\n    \n>                       raise self._hook_failure(failure)\nE                       selene.core.exceptions.TimeoutException: Message: \nE                       \nE                       Timed out after 10s, while waiting for:\nE                       browser.element(('xpath', \"//text()[contains(.,'Документ согласован')]/../../../../../..//a[contains(.,'Алексей Хабибуллин')]\")).is visible\nE                       \nE                       Reason: NoSuchElementException: Message: no such element: Unable to locate element: {\"method\":\"xpath\",\"selector\":\"//text()[contains(.,'Документ согласован')]/../../../../../..//a[contains(.,'Алексей Хабибуллин')]\"}\nE                         (Session info: chrome=98.0.4758.102)\nE                       \nE                       Screenshot: file:///home/seluser/.selene/screenshots/1646383817585/1646383817603.png\nE                       PageSource: file:///home/seluser/.selene/screenshots/1646383817585/1646383817603.html\n\n/usr/local/lib/python3.8/dist-packages/selene/core/wait.py:125: TimeoutException",
  "flaky" : false,
  "newFailed" : false,
  "newBroken" : false,
  "newPassed" : false,
  "retriesCount" : 0,
  "retriesStatusChange" : false,
  "beforeStages" : [ {
    "name" : "_session_faker",
    "time" : {
      "start" : 1646383818661,
      "stop" : 1646383818786,
      "duration" : 125
    },
    "status" : "passed",
    "steps" : [ ],
    "attachments" : [ ],
    "parameters" : [ ],
    "stepsCount" : 0,
    "attachmentsCount" : 0,
    "shouldDisplayMessage" : false,
    "hasContent" : false
  }, {
    "name" : "auth_admin",
    "time" : {
      "start" : 1646383818786,
      "stop" : 1646383835082,
      "duration" : 16296
    },
    "status" : "passed",
    "steps" : [ ],
    "attachments" : [ ],
    "parameters" : [ ],
    "stepsCount" : 0,
    "attachmentsCount" : 0,
    "shouldDisplayMessage" : false,
    "hasContent" : false
  } ],
  "testStage" : {
    "description" : "\n         Договор ГПХ руководитель НЕ проректор - стандартное простое прохождение\n        https://tfs.university.innopolis.ru/tfs/DefaultCollection/%D0%92%D0%BD%D1%83%D1%82%D1%80%D0%B5%D0%BD%D0%BD%D1%8F%D1%8F%20%D1%80%D0%B0%D0%B7%D1%80%D0%B0%D0%B1%D0%BE%D1%82%D0%BA%D0%B0/_workitems/edit/60769\n        Consideration of the first group of approvers (varies for each user)\n        ",
    "status" : "failed",
    "statusMessage" : "selene.core.exceptions.TimeoutException: Message: \n\nTimed out after 10s, while waiting for:\nbrowser.element(('xpath', \"//text()[contains(.,'Документ согласован')]/../../../../../..//a[contains(.,'Алексей Хабибуллин')]\")).is visible\n\nReason: NoSuchElementException: Message: no such element: Unable to locate element: {\"method\":\"xpath\",\"selector\":\"//text()[contains(.,'Документ согласован')]/../../../../../..//a[contains(.,'Алексей Хабибуллин')]\"}\n  (Session info: chrome=98.0.4758.102)\n\nScreenshot: file:///home/seluser/.selene/screenshots/1646383817585/1646383817603.png\nPageSource: file:///home/seluser/.selene/screenshots/1646383817585/1646383817603.html",
    "statusTrace" : "self = <selene.core.wait.Wait object at 0x7f9f2e4031f0>\nfn = <selene.core.conditions.ElementCondition object at 0x7f9f3a72f6a0>\n\n    def for_(self, fn: Callable[[E], R]) -> R:\n        finish_time = time.time() + self._timeout\n    \n        while True:\n            try:\n>               return fn(self._entity)\n\n/usr/local/lib/python3.8/dist-packages/selene/core/wait.py:102: \n_ _ _ _ _ _ _ _ _ _ _ _ _ _ _ _ _ _ _ _ _ _ _ _ _ _ _ _ _ _ _ _ _ _ _ _ _ _ _ _ \n\nself = <selene.core.conditions.ElementCondition object at 0x7f9f3a72f6a0>\nargs = (<selene.core.entity.Element object at 0x7f9f2e4039d0>,), kwargs = {}\n\n    def __call__(self, *args, **kwargs):\n>       return self._fn(*args, **kwargs)\n\n/usr/local/lib/python3.8/dist-packages/selene/core/condition.py:136: \n_ _ _ _ _ _ _ _ _ _ _ _ _ _ _ _ _ _ _ _ _ _ _ _ _ _ _ _ _ _ _ _ _ _ _ _ _ _ _ _ \n\nentity = <selene.core.entity.Element object at 0x7f9f2e4039d0>\n\n    def fn(entity: E) -> None:\n>       if not predicate(entity):\n\n/usr/local/lib/python3.8/dist-packages/selene/core/condition.py:91: \n_ _ _ _ _ _ _ _ _ _ _ _ _ _ _ _ _ _ _ _ _ _ _ _ _ _ _ _ _ _ _ _ _ _ _ _ _ _ _ _ \n\nelement = <selene.core.entity.Element object at 0x7f9f2e4039d0>\n\n>       'is visible', lambda element: element().is_displayed()\n    )\n\n/usr/local/lib/python3.8/dist-packages/selene/core/match.py:37: \n_ _ _ _ _ _ _ _ _ _ _ _ _ _ _ _ _ _ _ _ _ _ _ _ _ _ _ _ _ _ _ _ _ _ _ _ _ _ _ _ \n\nself = <selene.core.entity.Element object at 0x7f9f2e4039d0>\n\n    def __call__(self) -> WebElement:\n>       return self._locator()\n\n/usr/local/lib/python3.8/dist-packages/selene/core/entity.py:174: \n_ _ _ _ _ _ _ _ _ _ _ _ _ _ _ _ _ _ _ _ _ _ _ _ _ _ _ _ _ _ _ _ _ _ _ _ _ _ _ _ \n\nself = <selene.core.locator.Locator object at 0x7f9f2e403550>\n\n    def __call__(self) -> T:\n>       return self._locate()\n\n/usr/local/lib/python3.8/dist-packages/selene/core/locator.py:34: \n_ _ _ _ _ _ _ _ _ _ _ _ _ _ _ _ _ _ _ _ _ _ _ _ _ _ _ _ _ _ _ _ _ _ _ _ _ _ _ _ \n\n>           f'{self}.element({by})', lambda: self.driver.find_element(*by)\n        ),\n        self.config,\n    )\n\n/usr/local/lib/python3.8/dist-packages/selene/core/entity.py:1367: \n_ _ _ _ _ _ _ _ _ _ _ _ _ _ _ _ _ _ _ _ _ _ _ _ _ _ _ _ _ _ _ _ _ _ _ _ _ _ _ _ \n\nself = <selenium.webdriver.chrome.webdriver.WebDriver (session=\"1522a0842619897c89a0b720460ace0c\")>\nby = 'xpath'\nvalue = \"//text()[contains(.,'Документ согласован')]/../../../../../..//a[contains(.,'Алексей Хабибуллин')]\"\n\n    def find_element(self, by=By.ID, value=None):\n        \"\"\"\n        Find an element given a By strategy and locator. Prefer the find_element_by_* methods when\n        possible.\n    \n        :Usage:\n            element = driver.find_element(By.ID, 'foo')\n    \n        :rtype: WebElement\n        \"\"\"\n        if self.w3c:\n            if by == By.ID:\n                by = By.CSS_SELECTOR\n                value = '[id=\"%s\"]' % value\n            elif by == By.TAG_NAME:\n                by = By.CSS_SELECTOR\n            elif by == By.CLASS_NAME:\n                by = By.CSS_SELECTOR\n                value = \".%s\" % value\n            elif by == By.NAME:\n                by = By.CSS_SELECTOR\n                value = '[name=\"%s\"]' % value\n>       return self.execute(Command.FIND_ELEMENT, {\n            'using': by,\n            'value': value})['value']\n\n/usr/local/lib/python3.8/dist-packages/selenium/webdriver/remote/webdriver.py:976: \n_ _ _ _ _ _ _ _ _ _ _ _ _ _ _ _ _ _ _ _ _ _ _ _ _ _ _ _ _ _ _ _ _ _ _ _ _ _ _ _ \n\nself = <selenium.webdriver.chrome.webdriver.WebDriver (session=\"1522a0842619897c89a0b720460ace0c\")>\ndriver_command = 'findElement'\nparams = {'using': 'xpath', 'value': \"//text()[contains(.,'Документ согласован')]/../../../../../..//a[contains(.,'Алексей Хабибуллин')]\"}\n\n    def execute(self, driver_command, params=None):\n        \"\"\"\n        Sends a command to be executed by a command.CommandExecutor.\n    \n        :Args:\n         - driver_command: The name of the command to execute as a string.\n         - params: A dictionary of named parameters to send with the command.\n    \n        :Returns:\n          The command's JSON response loaded into a dictionary object.\n        \"\"\"\n        if self.session_id is not None:\n            if not params:\n                params = {'sessionId': self.session_id}\n            elif 'sessionId' not in params:\n                params['sessionId'] = self.session_id\n    \n        params = self._wrap_value(params)\n        response = self.command_executor.execute(driver_command, params)\n        if response:\n>           self.error_handler.check_response(response)\n\n/usr/local/lib/python3.8/dist-packages/selenium/webdriver/remote/webdriver.py:321: \n_ _ _ _ _ _ _ _ _ _ _ _ _ _ _ _ _ _ _ _ _ _ _ _ _ _ _ _ _ _ _ _ _ _ _ _ _ _ _ _ \n\nself = <selenium.webdriver.remote.errorhandler.ErrorHandler object at 0x7f9f05346e20>\nresponse = {'status': 404, 'value': '{\"value\":{\"error\":\"no such element\",\"message\":\"no such element: Unable to locate element: {\\...\\\\n#16 0x5613b3b08d28 \\\\u003Cunknown>\\\\n#17 0x5613b3b2348d \\\\u003Cunknown>\\\\n#18 0x7f28d39d3609 \\\\u003Cunknown>\\\\n\"}}'}\n\n    def check_response(self, response):\n        \"\"\"\n        Checks that a JSON response from the WebDriver does not have an error.\n    \n        :Args:\n         - response - The JSON response from the WebDriver server as a dictionary\n           object.\n    \n        :Raises: If the response contains an error message.\n        \"\"\"\n        status = response.get('status', None)\n        if status is None or status == ErrorCode.SUCCESS:\n            return\n        value = None\n        message = response.get(\"message\", \"\")\n        screen = response.get(\"screen\", \"\")\n        stacktrace = None\n        if isinstance(status, int):\n            value_json = response.get('value', None)\n            if value_json and isinstance(value_json, basestring):\n                import json\n                try:\n                    value = json.loads(value_json)\n                    if len(value.keys()) == 1:\n                        value = value['value']\n                    status = value.get('error', None)\n                    if status is None:\n                        status = value[\"status\"]\n                        message = value[\"value\"]\n                        if not isinstance(message, basestring):\n                            value = message\n                            message = message.get('message')\n                    else:\n                        message = value.get('message', None)\n                except ValueError:\n                    pass\n    \n        exception_class = ErrorInResponseException\n        if status in ErrorCode.NO_SUCH_ELEMENT:\n            exception_class = NoSuchElementException\n        elif status in ErrorCode.NO_SUCH_FRAME:\n            exception_class = NoSuchFrameException\n        elif status in ErrorCode.NO_SUCH_WINDOW:\n            exception_class = NoSuchWindowException\n        elif status in ErrorCode.STALE_ELEMENT_REFERENCE:\n            exception_class = StaleElementReferenceException\n        elif status in ErrorCode.ELEMENT_NOT_VISIBLE:\n            exception_class = ElementNotVisibleException\n        elif status in ErrorCode.INVALID_ELEMENT_STATE:\n            exception_class = InvalidElementStateException\n        elif status in ErrorCode.INVALID_SELECTOR \\\n                or status in ErrorCode.INVALID_XPATH_SELECTOR \\\n                or status in ErrorCode.INVALID_XPATH_SELECTOR_RETURN_TYPER:\n            exception_class = InvalidSelectorException\n        elif status in ErrorCode.ELEMENT_IS_NOT_SELECTABLE:\n            exception_class = ElementNotSelectableException\n        elif status in ErrorCode.ELEMENT_NOT_INTERACTABLE:\n            exception_class = ElementNotInteractableException\n        elif status in ErrorCode.INVALID_COOKIE_DOMAIN:\n            exception_class = InvalidCookieDomainException\n        elif status in ErrorCode.UNABLE_TO_SET_COOKIE:\n            exception_class = UnableToSetCookieException\n        elif status in ErrorCode.TIMEOUT:\n            exception_class = TimeoutException\n        elif status in ErrorCode.SCRIPT_TIMEOUT:\n            exception_class = TimeoutException\n        elif status in ErrorCode.UNKNOWN_ERROR:\n            exception_class = WebDriverException\n        elif status in ErrorCode.UNEXPECTED_ALERT_OPEN:\n            exception_class = UnexpectedAlertPresentException\n        elif status in ErrorCode.NO_ALERT_OPEN:\n            exception_class = NoAlertPresentException\n        elif status in ErrorCode.IME_NOT_AVAILABLE:\n            exception_class = ImeNotAvailableException\n        elif status in ErrorCode.IME_ENGINE_ACTIVATION_FAILED:\n            exception_class = ImeActivationFailedException\n        elif status in ErrorCode.MOVE_TARGET_OUT_OF_BOUNDS:\n            exception_class = MoveTargetOutOfBoundsException\n        elif status in ErrorCode.JAVASCRIPT_ERROR:\n            exception_class = JavascriptException\n        elif status in ErrorCode.SESSION_NOT_CREATED:\n            exception_class = SessionNotCreatedException\n        elif status in ErrorCode.INVALID_ARGUMENT:\n            exception_class = InvalidArgumentException\n        elif status in ErrorCode.NO_SUCH_COOKIE:\n            exception_class = NoSuchCookieException\n        elif status in ErrorCode.UNABLE_TO_CAPTURE_SCREEN:\n            exception_class = ScreenshotException\n        elif status in ErrorCode.ELEMENT_CLICK_INTERCEPTED:\n            exception_class = ElementClickInterceptedException\n        elif status in ErrorCode.INSECURE_CERTIFICATE:\n            exception_class = InsecureCertificateException\n        elif status in ErrorCode.INVALID_COORDINATES:\n            exception_class = InvalidCoordinatesException\n        elif status in ErrorCode.INVALID_SESSION_ID:\n            exception_class = InvalidSessionIdException\n        elif status in ErrorCode.UNKNOWN_METHOD:\n            exception_class = UnknownMethodException\n        else:\n            exception_class = WebDriverException\n        if value == '' or value is None:\n            value = response['value']\n        if isinstance(value, basestring):\n            if exception_class == ErrorInResponseException:\n                raise exception_class(response, value)\n            raise exception_class(value)\n        if message == \"\" and 'message' in value:\n            message = value['message']\n    \n        screen = None\n        if 'screen' in value:\n            screen = value['screen']\n    \n        stacktrace = None\n        if 'stackTrace' in value and value['stackTrace']:\n            stacktrace = []\n            try:\n                for frame in value['stackTrace']:\n                    line = self._value_or_default(frame, 'lineNumber', '')\n                    file = self._value_or_default(frame, 'fileName', '<anonymous>')\n                    if line:\n                        file = \"%s:%s\" % (file, line)\n                    meth = self._value_or_default(frame, 'methodName', '<anonymous>')\n                    if 'className' in frame:\n                        meth = \"%s.%s\" % (frame['className'], meth)\n                    msg = \"    at %s (%s)\"\n                    msg = msg % (meth, file)\n                    stacktrace.append(msg)\n            except TypeError:\n                pass\n        if exception_class == ErrorInResponseException:\n            raise exception_class(response, message)\n        elif exception_class == UnexpectedAlertPresentException:\n            alert_text = None\n            if 'data' in value:\n                alert_text = value['data'].get('text')\n            elif 'alert' in value:\n                alert_text = value['alert'].get('text')\n            raise exception_class(message, screen, stacktrace, alert_text)\n>       raise exception_class(message, screen, stacktrace)\nE       selenium.common.exceptions.NoSuchElementException: Message: no such element: Unable to locate element: {\"method\":\"xpath\",\"selector\":\"//text()[contains(.,'Документ согласован')]/../../../../../..//a[contains(.,'Алексей Хабибуллин')]\"}\nE         (Session info: chrome=98.0.4758.102)\n\n/usr/local/lib/python3.8/dist-packages/selenium/webdriver/remote/errorhandler.py:242: NoSuchElementException\n\nDuring handling of the above exception, another exception occurred:\n\nself = <tests.test_contracts_gph.test_business_process_contract_gph_standart.TestContractGPH object at 0x7f9f2e56ca00>\nuser = <models.contract_gph_data.ContractGPHPerson object at 0x7f9f3a4a8be0>\n\n    @pytest.mark.smoke\n    @pytest.mark.parametrize(\n        \"user\",\n        CONTRACTS_GPH_CONSTANTS_ALL,\n    )\n    def test_contract_gph_standart_admin(self, user):\n        \"\"\"\n         Договор ГПХ руководитель НЕ проректор - стандартное простое прохождение\n        https://tfs.university.innopolis.ru/tfs/DefaultCollection/%D0%92%D0%BD%D1%83%D1%82%D1%80%D0%B5%D0%BD%D0%BD%D1%8F%D1%8F%20%D1%80%D0%B0%D0%B7%D1%80%D0%B0%D0%B1%D0%BE%D1%82%D0%BA%D0%B0/_workitems/edit/60769\n        Consideration of the first group of approvers (varies for each user)\n        \"\"\"\n        contract_data_person = ContractGPHPerson(\n            user.employee, user.supervisor_1nd_group, user.supervisor_3nd_group, user.signing_ui, user.signer\n        )\n        contract_gph = ContractGPH(ContractsGPHConstants)\n        logger.info(f'login \"{contract_data_person.employee.fullname}\".')\n        admin_panel.auth_as_user(contract_data_person.employee)\n        new_contract_gph_random = ContractGPHRandom.random()\n        main_page.document_management.click()\n        main_page.contracts_gph.click()\n        contract_gph_list_page.contract_gph_create_page()\n        create_contract_gph_page.fill_required_fields(new_contract_gph_random)\n        create_contract_gph_page.create_contract()\n        contract_data_person.contract_gph_name = create_contract_gph_page.get_contract_gph_name()\n        contract_data_person.contract_gph_id = create_contract_gph_page.get_id()\n        logger.info(\n            f'title \"{contract_data_person.contract_gph_name}\", ' f'id \"{contract_data_person.contract_gph_id}\".'\n        )\n        create_contract_gph_page.assert_create(contract_data_person.contract_gph_name)\n        contract_gph_page.send_consideration()\n        contract_gph_process_page.open_contract_admin(contract_gph.id_process, contract_data_person.contract_gph_id)\n        # supervisor_1nd_group\n        for i in range(len(contract_data_person.supervisor_1nd_group)):\n            logger.info(f\"Approve {contract_data_person.supervisor_1nd_group[i].fullname}\")\n            contract_gph_page.admin_approve(contract_data_person.supervisor_1nd_group[i].fullname)\n>           contract_gph_page.for_approve_supervisor(contract_data_person.supervisor_1nd_group[i].fullname)\n\ntests/test_contracts_gph/test_business_process_contract_gph_standart.py:114: \n_ _ _ _ _ _ _ _ _ _ _ _ _ _ _ _ _ _ _ _ _ _ _ _ _ _ _ _ _ _ _ _ _ _ _ _ _ _ _ _ \npages/document_management/contracts_gph/contract_gph_page.py:139: in for_approve_supervisor\n    element(self.approve_supervisor.format(supervisor)).be_visible()\npages/base_element.py:76: in be_visible\n    self.locator.should(be.visible)\n/usr/local/lib/python3.8/dist-packages/selene/core/entity.py:379: in should\n    super().should(condition)\n/usr/local/lib/python3.8/dist-packages/selene/core/entity.py:122: in should\n    self.wait.for_(condition)\n_ _ _ _ _ _ _ _ _ _ _ _ _ _ _ _ _ _ _ _ _ _ _ _ _ _ _ _ _ _ _ _ _ _ _ _ _ _ _ _ \n\nself = <selene.core.wait.Wait object at 0x7f9f2e4031f0>\nfn = <selene.core.conditions.ElementCondition object at 0x7f9f3a72f6a0>\n\n        def for_(self, fn: Callable[[E], R]) -> R:\n            finish_time = time.time() + self._timeout\n    \n            while True:\n                try:\n                    return fn(self._entity)\n                except Exception as reason:\n                    if time.time() > finish_time:\n    \n                        reason_message = str(reason)\n    \n                        reason_string = '{name}: {message}'.format(\n                            name=reason.__class__.__name__, message=reason_message\n                        )\n                        # todo: think on how can we improve logging failures in selene, e.g. reverse msg and stacktrace\n                        # stacktrace = getattr(reason, 'stacktrace', None)\n                        timeout = self._timeout\n                        entity = self._entity\n    \n                        failure = TimeoutException(\n                            f'''\n    \n    Timed out after {timeout}s, while waiting for:\n    {entity}.{fn}\n    \n    Reason: {reason_string}'''\n                        )\n    \n>                       raise self._hook_failure(failure)\nE                       selene.core.exceptions.TimeoutException: Message: \nE                       \nE                       Timed out after 10s, while waiting for:\nE                       browser.element(('xpath', \"//text()[contains(.,'Документ согласован')]/../../../../../..//a[contains(.,'Алексей Хабибуллин')]\")).is visible\nE                       \nE                       Reason: NoSuchElementException: Message: no such element: Unable to locate element: {\"method\":\"xpath\",\"selector\":\"//text()[contains(.,'Документ согласован')]/../../../../../..//a[contains(.,'Алексей Хабибуллин')]\"}\nE                         (Session info: chrome=98.0.4758.102)\nE                       \nE                       Screenshot: file:///home/seluser/.selene/screenshots/1646383817585/1646383817603.png\nE                       PageSource: file:///home/seluser/.selene/screenshots/1646383817585/1646383817603.html\n\n/usr/local/lib/python3.8/dist-packages/selene/core/wait.py:125: TimeoutException",
    "steps" : [ {
      "name" : "Авторизоваться на портале под ответственным пользователем",
      "time" : {
        "start" : 1646385459457,
        "stop" : 1646385471489,
        "duration" : 12032
      },
      "status" : "passed",
      "steps" : [ {
        "name" : "Авторизоваться под администратором портала",
        "time" : {
          "start" : 1646385459457,
          "stop" : 1646385460002,
          "duration" : 545
        },
        "status" : "passed",
        "steps" : [ ],
        "attachments" : [ ],
        "parameters" : [ ],
        "stepsCount" : 0,
        "attachmentsCount" : 0,
        "shouldDisplayMessage" : false,
        "hasContent" : false
      } ],
      "attachments" : [ ],
      "parameters" : [ {
        "name" : "user",
        "value" : "Аделина Нургалеева"
      } ],
      "stepsCount" : 1,
      "attachmentsCount" : 0,
      "shouldDisplayMessage" : false,
      "hasContent" : true
    }, {
      "name" : "Open contract create page",
      "time" : {
        "start" : 1646385480493,
        "stop" : 1646385484829,
        "duration" : 4336
      },
      "status" : "passed",
      "steps" : [ ],
      "attachments" : [ ],
      "parameters" : [ ],
      "stepsCount" : 0,
      "attachmentsCount" : 0,
      "shouldDisplayMessage" : false,
      "hasContent" : false
    }, {
      "name" : "Заполнить обязательные поля",
      "time" : {
        "start" : 1646385484829,
        "stop" : 1646385487162,
        "duration" : 2333
      },
      "status" : "passed",
      "steps" : [ ],
      "attachments" : [ ],
      "parameters" : [ {
        "name" : "data",
        "value" : "<models.contract_gph_data.ContractGPHRandom object at 0x7f9f2e76a760>"
      } ],
      "stepsCount" : 0,
      "attachmentsCount" : 0,
      "shouldDisplayMessage" : false,
      "hasContent" : true
    }, {
      "name" : "Сохранение договора",
      "time" : {
        "start" : 1646385487162,
        "stop" : 1646385613019,
        "duration" : 125857
      },
      "status" : "passed",
      "steps" : [ ],
      "attachments" : [ ],
      "parameters" : [ ],
      "stepsCount" : 0,
      "attachmentsCount" : 0,
      "shouldDisplayMessage" : false,
      "hasContent" : false
    }, {
      "name" : "Получение номера договора",
      "time" : {
        "start" : 1646385613019,
        "stop" : 1646385613051,
        "duration" : 32
      },
      "status" : "passed",
      "steps" : [ ],
      "attachments" : [ ],
      "parameters" : [ ],
      "stepsCount" : 0,
      "attachmentsCount" : 0,
      "shouldDisplayMessage" : false,
      "hasContent" : false
    }, {
      "name" : "Получение номера договора",
      "time" : {
        "start" : 1646385613051,
        "stop" : 1646385613081,
        "duration" : 30
      },
      "status" : "passed",
      "steps" : [ ],
      "attachments" : [ ],
      "parameters" : [ ],
      "stepsCount" : 0,
      "attachmentsCount" : 0,
      "shouldDisplayMessage" : false,
      "hasContent" : false
    }, {
      "name" : "ASSERT",
      "time" : {
        "start" : 1646385613081,
        "stop" : 1646385613100,
        "duration" : 19
      },
      "status" : "passed",
      "steps" : [ ],
      "attachments" : [ ],
      "parameters" : [ {
        "name" : "contract_gph",
        "value" : "'Договор ГПХ 09:17:51.488765'"
      } ],
      "stepsCount" : 0,
      "attachmentsCount" : 0,
      "shouldDisplayMessage" : false,
      "hasContent" : true
    }, {
      "name" : "Send for consideration",
      "time" : {
        "start" : 1646385613100,
        "stop" : 1646385621969,
        "duration" : 8869
      },
      "status" : "passed",
      "steps" : [ ],
      "attachments" : [ ],
      "parameters" : [ ],
      "stepsCount" : 0,
      "attachmentsCount" : 0,
      "shouldDisplayMessage" : false,
      "hasContent" : false
    }, {
      "name" : "Авторизоваться под администратором портала",
      "time" : {
        "start" : 1646385621969,
        "stop" : 1646385622568,
        "duration" : 599
      },
      "status" : "passed",
      "steps" : [ ],
      "attachments" : [ ],
      "parameters" : [ ],
      "stepsCount" : 0,
      "attachmentsCount" : 0,
      "shouldDisplayMessage" : false,
      "hasContent" : false
    }, {
      "name" : "Screen-shot done",
      "time" : {
        "start" : 1646385757583,
        "stop" : 1646385757864,
        "duration" : 281
      },
      "status" : "passed",
      "steps" : [ ],
      "attachments" : [ {
        "uid" : "72351bd83961f7ac",
        "name" : "screenshot",
        "source" : "72351bd83961f7ac.png",
        "type" : "image/png",
        "size" : 236089
      } ],
      "parameters" : [ ],
      "stepsCount" : 0,
      "attachmentsCount" : 1,
      "shouldDisplayMessage" : false,
      "hasContent" : true
    } ],
    "attachments" : [ {
      "uid" : "3088c62afa36ac96",
      "name" : "log",
      "source" : "3088c62afa36ac96.txt",
      "type" : "text/plain",
      "size" : 406
    } ],
    "parameters" : [ ],
    "stepsCount" : 11,
    "attachmentsCount" : 2,
    "shouldDisplayMessage" : true,
    "hasContent" : true
  },
  "afterStages" : [ {
    "name" : "auth_admin::0",
    "time" : {
      "start" : 1646401380670,
      "stop" : 1646401380911,
      "duration" : 241
    },
    "status" : "passed",
    "steps" : [ ],
    "attachments" : [ ],
    "parameters" : [ ],
    "stepsCount" : 0,
    "attachmentsCount" : 0,
    "shouldDisplayMessage" : false,
    "hasContent" : false
  } ],
  "labels" : [ {
    "name" : "tag",
    "value" : "smoke"
  }, {
    "name" : "tag",
    "value" : "contract_gph"
  }, {
    "name" : "parentSuite",
    "value" : "tests.test_contracts_gph"
  }, {
    "name" : "suite",
    "value" : "test_business_process_contract_gph_standart"
  }, {
    "name" : "subSuite",
    "value" : "TestContractGPH"
  }, {
    "name" : "host",
    "value" : "portal-test-qa-nth69"
  }, {
    "name" : "thread",
    "value" : "6-MainThread"
  }, {
    "name" : "framework",
    "value" : "pytest"
  }, {
    "name" : "language",
    "value" : "cpython3"
  }, {
    "name" : "package",
    "value" : "tests.test_contracts_gph.test_business_process_contract_gph_standart"
  }, {
    "name" : "resultFormat",
    "value" : "allure2"
  } ],
  "parameters" : [ {
    "name" : "user",
    "value" : "<models.contract_gph_data.ContractGPHPerson object at 0x7f9f3a4a8be0>"
  } ],
  "links" : [ ],
  "hidden" : false,
  "retry" : false,
  "extra" : {
    "severity" : "normal",
    "retries" : [ ],
    "categories" : [ {
      "name" : "Product defects",
      "matchedStatuses" : [ ],
      "flaky" : false
    } ],
    "tags" : [ "smoke", "contract_gph" ]
  },
  "source" : "4b2a03cb630fdedb.json",
  "parameterValues" : [ "<models.contract_gph_data.ContractGPHPerson object at 0x7f9f3a4a8be0>" ]
}