{
  "uid" : "83de60485cfdfde",
  "name" : "test_approve_contract_cooperation_first_group_approvers",
  "fullName" : "tests.test_contracts.test_business_process_contract_cooperation.TestContractCooperation#test_approve_contract_cooperation_first_group_approvers",
  "historyId" : "6121dc078d5afd054520ff0a09a54390",
  "time" : {
    "start" : 1643538940254,
    "stop" : 1643538966257,
    "duration" : 26003
  },
  "description" : "\n        Создание и согласование меморандума о сотрудничестве\n        Consideration of the first group of approvers (varies for each user)\n        ",
  "descriptionHtml" : "<pre><code>    Создание и согласование меморандума о сотрудничестве\n    Consideration of the first group of approvers (varies for each user)\n</code></pre>\n",
  "status" : "failed",
  "statusMessage" : "selene.core.exceptions.TimeoutException: Message: \n\nTimed out after 10s, while waiting for:\nbrowser.element(('xpath', '//a[@title=\\'Согласование договора \"Договор о сотрудничестве тест4\"\\']/../../..//a[contains(.,\\'Согласовать\\')]')).click\n\nReason: NoSuchElementException: Message: no such element: Unable to locate element: {\"method\":\"xpath\",\"selector\":\"//a[@title='Согласование договора \"Договор о сотрудничестве тест4\"']/../../..//a[contains(.,'Согласовать')]\"}\n  (Session info: chrome=97.0.4692.99)\n\nScreenshot: file:///home/seluser/.selene/screenshots/1643538623626/1643538623632.png\nPageSource: file:///home/seluser/.selene/screenshots/1643538623626/1643538623632.html",
  "statusTrace" : "self = <selene.core.wait.Wait object at 0x7fed0ed5aa00>\nfn = <selene.core.wait.Command object at 0x7fed0ed5a4c0>\n\n    def for_(self, fn: Callable[[E], R]) -> R:\n        finish_time = time.time() + self._timeout\n    \n        while True:\n            try:\n>               return fn(self._entity)\n\n/usr/local/lib/python3.8/dist-packages/selene/core/wait.py:102: \n_ _ _ _ _ _ _ _ _ _ _ _ _ _ _ _ _ _ _ _ _ _ _ _ _ _ _ _ _ _ _ _ _ _ _ _ _ _ _ _ \n\nself = <selene.core.wait.Command object at 0x7fed0ed5a4c0>\nentity = <selene.core.entity.Element object at 0x7fece5aa72e0>\n\n    def __call__(self, entity: T) -> R:\n>       return self._fn(entity)\n\n/usr/local/lib/python3.8/dist-packages/selene/core/wait.py:56: \n_ _ _ _ _ _ _ _ _ _ _ _ _ _ _ _ _ _ _ _ _ _ _ _ _ _ _ _ _ _ _ _ _ _ _ _ _ _ _ _ \n\nelement = <selene.core.entity.Element object at 0x7fece5aa72e0>\n\n>   self.wait.command('click', lambda element: element().click())\n\n/usr/local/lib/python3.8/dist-packages/selene/core/entity.py:325: \n_ _ _ _ _ _ _ _ _ _ _ _ _ _ _ _ _ _ _ _ _ _ _ _ _ _ _ _ _ _ _ _ _ _ _ _ _ _ _ _ \n\nself = <selene.core.entity.Element object at 0x7fece5aa72e0>\n\n    def __call__(self) -> WebElement:\n>       return self._locator()\n\n/usr/local/lib/python3.8/dist-packages/selene/core/entity.py:174: \n_ _ _ _ _ _ _ _ _ _ _ _ _ _ _ _ _ _ _ _ _ _ _ _ _ _ _ _ _ _ _ _ _ _ _ _ _ _ _ _ \n\nself = <selene.core.locator.Locator object at 0x7fece5aa7d30>\n\n    def __call__(self) -> T:\n>       return self._locate()\n\n/usr/local/lib/python3.8/dist-packages/selene/core/locator.py:34: \n_ _ _ _ _ _ _ _ _ _ _ _ _ _ _ _ _ _ _ _ _ _ _ _ _ _ _ _ _ _ _ _ _ _ _ _ _ _ _ _ \n\n>           f'{self}.element({by})', lambda: self.driver.find_element(*by)\n        ),\n        self.config,\n    )\n\n/usr/local/lib/python3.8/dist-packages/selene/core/entity.py:1367: \n_ _ _ _ _ _ _ _ _ _ _ _ _ _ _ _ _ _ _ _ _ _ _ _ _ _ _ _ _ _ _ _ _ _ _ _ _ _ _ _ \n\nself = <selenium.webdriver.chrome.webdriver.WebDriver (session=\"2493df6df79fe90300a24a46b95424be\")>\nby = 'xpath'\nvalue = '//a[@title=\\'Согласование договора \"Договор о сотрудничестве тест4\"\\']/../../..//a[contains(.,\\'Согласовать\\')]'\n\n    def find_element(self, by=By.ID, value=None):\n        \"\"\"\n        Find an element given a By strategy and locator. Prefer the find_element_by_* methods when\n        possible.\n    \n        :Usage:\n            element = driver.find_element(By.ID, 'foo')\n    \n        :rtype: WebElement\n        \"\"\"\n        if self.w3c:\n            if by == By.ID:\n                by = By.CSS_SELECTOR\n                value = '[id=\"%s\"]' % value\n            elif by == By.TAG_NAME:\n                by = By.CSS_SELECTOR\n            elif by == By.CLASS_NAME:\n                by = By.CSS_SELECTOR\n                value = \".%s\" % value\n            elif by == By.NAME:\n                by = By.CSS_SELECTOR\n                value = '[name=\"%s\"]' % value\n>       return self.execute(Command.FIND_ELEMENT, {\n            'using': by,\n            'value': value})['value']\n\n/usr/local/lib/python3.8/dist-packages/selenium/webdriver/remote/webdriver.py:976: \n_ _ _ _ _ _ _ _ _ _ _ _ _ _ _ _ _ _ _ _ _ _ _ _ _ _ _ _ _ _ _ _ _ _ _ _ _ _ _ _ \n\nself = <selenium.webdriver.chrome.webdriver.WebDriver (session=\"2493df6df79fe90300a24a46b95424be\")>\ndriver_command = 'findElement'\nparams = {'using': 'xpath', 'value': '//a[@title=\\'Согласование договора \"Договор о сотрудничестве тест4\"\\']/../../..//a[contains(.,\\'Согласовать\\')]'}\n\n    def execute(self, driver_command, params=None):\n        \"\"\"\n        Sends a command to be executed by a command.CommandExecutor.\n    \n        :Args:\n         - driver_command: The name of the command to execute as a string.\n         - params: A dictionary of named parameters to send with the command.\n    \n        :Returns:\n          The command's JSON response loaded into a dictionary object.\n        \"\"\"\n        if self.session_id is not None:\n            if not params:\n                params = {'sessionId': self.session_id}\n            elif 'sessionId' not in params:\n                params['sessionId'] = self.session_id\n    \n        params = self._wrap_value(params)\n        response = self.command_executor.execute(driver_command, params)\n        if response:\n>           self.error_handler.check_response(response)\n\n/usr/local/lib/python3.8/dist-packages/selenium/webdriver/remote/webdriver.py:321: \n_ _ _ _ _ _ _ _ _ _ _ _ _ _ _ _ _ _ _ _ _ _ _ _ _ _ _ _ _ _ _ _ _ _ _ _ _ _ _ _ \n\nself = <selenium.webdriver.remote.errorhandler.ErrorHandler object at 0x7fece59a4b50>\nresponse = {'status': 404, 'value': '{\"value\":{\"error\":\"no such element\",\"message\":\"no such element: Unable to locate element: {\\...\\\\n#16 0x55c39651ec68 \\\\u003Cunknown>\\\\n#17 0x55c396539aad \\\\u003Cunknown>\\\\n#18 0x7f0894caf609 \\\\u003Cunknown>\\\\n\"}}'}\n\n    def check_response(self, response):\n        \"\"\"\n        Checks that a JSON response from the WebDriver does not have an error.\n    \n        :Args:\n         - response - The JSON response from the WebDriver server as a dictionary\n           object.\n    \n        :Raises: If the response contains an error message.\n        \"\"\"\n        status = response.get('status', None)\n        if status is None or status == ErrorCode.SUCCESS:\n            return\n        value = None\n        message = response.get(\"message\", \"\")\n        screen = response.get(\"screen\", \"\")\n        stacktrace = None\n        if isinstance(status, int):\n            value_json = response.get('value', None)\n            if value_json and isinstance(value_json, basestring):\n                import json\n                try:\n                    value = json.loads(value_json)\n                    if len(value.keys()) == 1:\n                        value = value['value']\n                    status = value.get('error', None)\n                    if status is None:\n                        status = value[\"status\"]\n                        message = value[\"value\"]\n                        if not isinstance(message, basestring):\n                            value = message\n                            message = message.get('message')\n                    else:\n                        message = value.get('message', None)\n                except ValueError:\n                    pass\n    \n        exception_class = ErrorInResponseException\n        if status in ErrorCode.NO_SUCH_ELEMENT:\n            exception_class = NoSuchElementException\n        elif status in ErrorCode.NO_SUCH_FRAME:\n            exception_class = NoSuchFrameException\n        elif status in ErrorCode.NO_SUCH_WINDOW:\n            exception_class = NoSuchWindowException\n        elif status in ErrorCode.STALE_ELEMENT_REFERENCE:\n            exception_class = StaleElementReferenceException\n        elif status in ErrorCode.ELEMENT_NOT_VISIBLE:\n            exception_class = ElementNotVisibleException\n        elif status in ErrorCode.INVALID_ELEMENT_STATE:\n            exception_class = InvalidElementStateException\n        elif status in ErrorCode.INVALID_SELECTOR \\\n                or status in ErrorCode.INVALID_XPATH_SELECTOR \\\n                or status in ErrorCode.INVALID_XPATH_SELECTOR_RETURN_TYPER:\n            exception_class = InvalidSelectorException\n        elif status in ErrorCode.ELEMENT_IS_NOT_SELECTABLE:\n            exception_class = ElementNotSelectableException\n        elif status in ErrorCode.ELEMENT_NOT_INTERACTABLE:\n            exception_class = ElementNotInteractableException\n        elif status in ErrorCode.INVALID_COOKIE_DOMAIN:\n            exception_class = InvalidCookieDomainException\n        elif status in ErrorCode.UNABLE_TO_SET_COOKIE:\n            exception_class = UnableToSetCookieException\n        elif status in ErrorCode.TIMEOUT:\n            exception_class = TimeoutException\n        elif status in ErrorCode.SCRIPT_TIMEOUT:\n            exception_class = TimeoutException\n        elif status in ErrorCode.UNKNOWN_ERROR:\n            exception_class = WebDriverException\n        elif status in ErrorCode.UNEXPECTED_ALERT_OPEN:\n            exception_class = UnexpectedAlertPresentException\n        elif status in ErrorCode.NO_ALERT_OPEN:\n            exception_class = NoAlertPresentException\n        elif status in ErrorCode.IME_NOT_AVAILABLE:\n            exception_class = ImeNotAvailableException\n        elif status in ErrorCode.IME_ENGINE_ACTIVATION_FAILED:\n            exception_class = ImeActivationFailedException\n        elif status in ErrorCode.MOVE_TARGET_OUT_OF_BOUNDS:\n            exception_class = MoveTargetOutOfBoundsException\n        elif status in ErrorCode.JAVASCRIPT_ERROR:\n            exception_class = JavascriptException\n        elif status in ErrorCode.SESSION_NOT_CREATED:\n            exception_class = SessionNotCreatedException\n        elif status in ErrorCode.INVALID_ARGUMENT:\n            exception_class = InvalidArgumentException\n        elif status in ErrorCode.NO_SUCH_COOKIE:\n            exception_class = NoSuchCookieException\n        elif status in ErrorCode.UNABLE_TO_CAPTURE_SCREEN:\n            exception_class = ScreenshotException\n        elif status in ErrorCode.ELEMENT_CLICK_INTERCEPTED:\n            exception_class = ElementClickInterceptedException\n        elif status in ErrorCode.INSECURE_CERTIFICATE:\n            exception_class = InsecureCertificateException\n        elif status in ErrorCode.INVALID_COORDINATES:\n            exception_class = InvalidCoordinatesException\n        elif status in ErrorCode.INVALID_SESSION_ID:\n            exception_class = InvalidSessionIdException\n        elif status in ErrorCode.UNKNOWN_METHOD:\n            exception_class = UnknownMethodException\n        else:\n            exception_class = WebDriverException\n        if value == '' or value is None:\n            value = response['value']\n        if isinstance(value, basestring):\n            if exception_class == ErrorInResponseException:\n                raise exception_class(response, value)\n            raise exception_class(value)\n        if message == \"\" and 'message' in value:\n            message = value['message']\n    \n        screen = None\n        if 'screen' in value:\n            screen = value['screen']\n    \n        stacktrace = None\n        if 'stackTrace' in value and value['stackTrace']:\n            stacktrace = []\n            try:\n                for frame in value['stackTrace']:\n                    line = self._value_or_default(frame, 'lineNumber', '')\n                    file = self._value_or_default(frame, 'fileName', '<anonymous>')\n                    if line:\n                        file = \"%s:%s\" % (file, line)\n                    meth = self._value_or_default(frame, 'methodName', '<anonymous>')\n                    if 'className' in frame:\n                        meth = \"%s.%s\" % (frame['className'], meth)\n                    msg = \"    at %s (%s)\"\n                    msg = msg % (meth, file)\n                    stacktrace.append(msg)\n            except TypeError:\n                pass\n        if exception_class == ErrorInResponseException:\n            raise exception_class(response, message)\n        elif exception_class == UnexpectedAlertPresentException:\n            alert_text = None\n            if 'data' in value:\n                alert_text = value['data'].get('text')\n            elif 'alert' in value:\n                alert_text = value['alert'].get('text')\n            raise exception_class(message, screen, stacktrace, alert_text)\n>       raise exception_class(message, screen, stacktrace)\nE       selenium.common.exceptions.NoSuchElementException: Message: no such element: Unable to locate element: {\"method\":\"xpath\",\"selector\":\"//a[@title='Согласование договора \"Договор о сотрудничестве тест4\"']/../../..//a[contains(.,'Согласовать')]\"}\nE         (Session info: chrome=97.0.4692.99)\n\n/usr/local/lib/python3.8/dist-packages/selenium/webdriver/remote/errorhandler.py:242: NoSuchElementException\n\nDuring handling of the above exception, another exception occurred:\n\nself = <tests.test_contracts.test_business_process_contract_cooperation.TestContractCooperation object at 0x7fed0ec82ac0>\ncreate_contract_cooperation = None\n\n    @pytest.mark.smoke\n    def test_approve_contract_cooperation_first_group_approvers(self, create_contract_cooperation):\n        \"\"\"\n        Создание и согласование меморандума о сотрудничестве\n        Consideration of the first group of approvers (varies for each user)\n        \"\"\"\n        contract_page.send_consideration()\n        # supervisor_1nd_group_1\n        logger.info(f'login \"{ContractsConstants.supervisor_1nd_group[4]}\".')\n        admin_panel.auth_as_user(UsersConstants.TATIANA_KAMALETDINOVA)\n        contract_page.open_contract_page()\n        logger.info(\"approve_contract_on_page\")\n>       contract_cooperation_page.approve_contract_on_page.click()\n\ntests/test_contracts/test_business_process_contract_cooperation.py:32: \n_ _ _ _ _ _ _ _ _ _ _ _ _ _ _ _ _ _ _ _ _ _ _ _ _ _ _ _ _ _ _ _ _ _ _ _ _ _ _ _ \n/usr/local/lib/python3.8/dist-packages/selene/core/entity.py:325: in click\n    self.wait.command('click', lambda element: element().click())\n/usr/local/lib/python3.8/dist-packages/selene/core/wait.py:136: in command\n    self.for_(Command(description, fn))\n_ _ _ _ _ _ _ _ _ _ _ _ _ _ _ _ _ _ _ _ _ _ _ _ _ _ _ _ _ _ _ _ _ _ _ _ _ _ _ _ \n\nself = <selene.core.wait.Wait object at 0x7fed0ed5aa00>\nfn = <selene.core.wait.Command object at 0x7fed0ed5a4c0>\n\n        def for_(self, fn: Callable[[E], R]) -> R:\n            finish_time = time.time() + self._timeout\n    \n            while True:\n                try:\n                    return fn(self._entity)\n                except Exception as reason:\n                    if time.time() > finish_time:\n    \n                        reason_message = str(reason)\n    \n                        reason_string = '{name}: {message}'.format(\n                            name=reason.__class__.__name__, message=reason_message\n                        )\n                        # todo: think on how can we improve logging failures in selene, e.g. reverse msg and stacktrace\n                        # stacktrace = getattr(reason, 'stacktrace', None)\n                        timeout = self._timeout\n                        entity = self._entity\n    \n                        failure = TimeoutException(\n                            f'''\n    \n    Timed out after {timeout}s, while waiting for:\n    {entity}.{fn}\n    \n    Reason: {reason_string}'''\n                        )\n    \n>                       raise self._hook_failure(failure)\nE                       selene.core.exceptions.TimeoutException: Message: \nE                       \nE                       Timed out after 10s, while waiting for:\nE                       browser.element(('xpath', '//a[@title=\\'Согласование договора \"Договор о сотрудничестве тест4\"\\']/../../..//a[contains(.,\\'Согласовать\\')]')).click\nE                       \nE                       Reason: NoSuchElementException: Message: no such element: Unable to locate element: {\"method\":\"xpath\",\"selector\":\"//a[@title='Согласование договора \"Договор о сотрудничестве тест4\"']/../../..//a[contains(.,'Согласовать')]\"}\nE                         (Session info: chrome=97.0.4692.99)\nE                       \nE                       Screenshot: file:///home/seluser/.selene/screenshots/1643538623626/1643538623632.png\nE                       PageSource: file:///home/seluser/.selene/screenshots/1643538623626/1643538623632.html\n\n/usr/local/lib/python3.8/dist-packages/selene/core/wait.py:125: TimeoutException",
  "flaky" : false,
  "newFailed" : false,
  "newBroken" : false,
  "newPassed" : false,
  "retriesCount" : 0,
  "retriesStatusChange" : false,
  "beforeStages" : [ {
    "name" : "_session_faker",
    "time" : {
      "start" : 1643538624243,
      "stop" : 1643538624344,
      "duration" : 101
    },
    "status" : "passed",
    "steps" : [ ],
    "attachments" : [ ],
    "parameters" : [ ],
    "stepsCount" : 0,
    "attachmentsCount" : 0,
    "shouldDisplayMessage" : false,
    "hasContent" : false
  }, {
    "name" : "auth_admin",
    "time" : {
      "start" : 1643538624344,
      "stop" : 1643538630711,
      "duration" : 6367
    },
    "status" : "passed",
    "steps" : [ ],
    "attachments" : [ ],
    "parameters" : [ ],
    "stepsCount" : 0,
    "attachmentsCount" : 0,
    "shouldDisplayMessage" : false,
    "hasContent" : false
  }, {
    "name" : "create_contract_cooperation",
    "time" : {
      "start" : 1643538892896,
      "stop" : 1643538940254,
      "duration" : 47358
    },
    "status" : "passed",
    "steps" : [ {
      "name" : "Авторизоваться на портале под ответственным пользователем",
      "time" : {
        "start" : 1643538892897,
        "stop" : 1643538899478,
        "duration" : 6581
      },
      "status" : "passed",
      "steps" : [ {
        "name" : "Авторизоваться под администратором портала",
        "time" : {
          "start" : 1643538892897,
          "stop" : 1643538893477,
          "duration" : 580
        },
        "status" : "passed",
        "steps" : [ ],
        "attachments" : [ ],
        "parameters" : [ ],
        "stepsCount" : 0,
        "attachmentsCount" : 0,
        "shouldDisplayMessage" : false,
        "hasContent" : false
      } ],
      "attachments" : [ ],
      "parameters" : [ {
        "name" : "user",
        "value" : "<common.user.User object at 0x7fed1aad2310>"
      } ],
      "stepsCount" : 1,
      "attachmentsCount" : 0,
      "shouldDisplayMessage" : false,
      "hasContent" : true
    }, {
      "name" : "Open contract create page",
      "time" : {
        "start" : 1643538904609,
        "stop" : 1643538906470,
        "duration" : 1861
      },
      "status" : "passed",
      "steps" : [ ],
      "attachments" : [ ],
      "parameters" : [ ],
      "stepsCount" : 0,
      "attachmentsCount" : 0,
      "shouldDisplayMessage" : false,
      "hasContent" : false
    }, {
      "name" : "Заполнить обязательные поля",
      "time" : {
        "start" : 1643538906471,
        "stop" : 1643538940254,
        "duration" : 33783
      },
      "status" : "passed",
      "steps" : [ ],
      "attachments" : [ ],
      "parameters" : [ ],
      "stepsCount" : 0,
      "attachmentsCount" : 0,
      "shouldDisplayMessage" : false,
      "hasContent" : false
    } ],
    "attachments" : [ ],
    "parameters" : [ ],
    "stepsCount" : 4,
    "attachmentsCount" : 0,
    "shouldDisplayMessage" : false,
    "hasContent" : true
  } ],
  "testStage" : {
    "description" : "\n        Создание и согласование меморандума о сотрудничестве\n        Consideration of the first group of approvers (varies for each user)\n        ",
    "status" : "failed",
    "statusMessage" : "selene.core.exceptions.TimeoutException: Message: \n\nTimed out after 10s, while waiting for:\nbrowser.element(('xpath', '//a[@title=\\'Согласование договора \"Договор о сотрудничестве тест4\"\\']/../../..//a[contains(.,\\'Согласовать\\')]')).click\n\nReason: NoSuchElementException: Message: no such element: Unable to locate element: {\"method\":\"xpath\",\"selector\":\"//a[@title='Согласование договора \"Договор о сотрудничестве тест4\"']/../../..//a[contains(.,'Согласовать')]\"}\n  (Session info: chrome=97.0.4692.99)\n\nScreenshot: file:///home/seluser/.selene/screenshots/1643538623626/1643538623632.png\nPageSource: file:///home/seluser/.selene/screenshots/1643538623626/1643538623632.html",
    "statusTrace" : "self = <selene.core.wait.Wait object at 0x7fed0ed5aa00>\nfn = <selene.core.wait.Command object at 0x7fed0ed5a4c0>\n\n    def for_(self, fn: Callable[[E], R]) -> R:\n        finish_time = time.time() + self._timeout\n    \n        while True:\n            try:\n>               return fn(self._entity)\n\n/usr/local/lib/python3.8/dist-packages/selene/core/wait.py:102: \n_ _ _ _ _ _ _ _ _ _ _ _ _ _ _ _ _ _ _ _ _ _ _ _ _ _ _ _ _ _ _ _ _ _ _ _ _ _ _ _ \n\nself = <selene.core.wait.Command object at 0x7fed0ed5a4c0>\nentity = <selene.core.entity.Element object at 0x7fece5aa72e0>\n\n    def __call__(self, entity: T) -> R:\n>       return self._fn(entity)\n\n/usr/local/lib/python3.8/dist-packages/selene/core/wait.py:56: \n_ _ _ _ _ _ _ _ _ _ _ _ _ _ _ _ _ _ _ _ _ _ _ _ _ _ _ _ _ _ _ _ _ _ _ _ _ _ _ _ \n\nelement = <selene.core.entity.Element object at 0x7fece5aa72e0>\n\n>   self.wait.command('click', lambda element: element().click())\n\n/usr/local/lib/python3.8/dist-packages/selene/core/entity.py:325: \n_ _ _ _ _ _ _ _ _ _ _ _ _ _ _ _ _ _ _ _ _ _ _ _ _ _ _ _ _ _ _ _ _ _ _ _ _ _ _ _ \n\nself = <selene.core.entity.Element object at 0x7fece5aa72e0>\n\n    def __call__(self) -> WebElement:\n>       return self._locator()\n\n/usr/local/lib/python3.8/dist-packages/selene/core/entity.py:174: \n_ _ _ _ _ _ _ _ _ _ _ _ _ _ _ _ _ _ _ _ _ _ _ _ _ _ _ _ _ _ _ _ _ _ _ _ _ _ _ _ \n\nself = <selene.core.locator.Locator object at 0x7fece5aa7d30>\n\n    def __call__(self) -> T:\n>       return self._locate()\n\n/usr/local/lib/python3.8/dist-packages/selene/core/locator.py:34: \n_ _ _ _ _ _ _ _ _ _ _ _ _ _ _ _ _ _ _ _ _ _ _ _ _ _ _ _ _ _ _ _ _ _ _ _ _ _ _ _ \n\n>           f'{self}.element({by})', lambda: self.driver.find_element(*by)\n        ),\n        self.config,\n    )\n\n/usr/local/lib/python3.8/dist-packages/selene/core/entity.py:1367: \n_ _ _ _ _ _ _ _ _ _ _ _ _ _ _ _ _ _ _ _ _ _ _ _ _ _ _ _ _ _ _ _ _ _ _ _ _ _ _ _ \n\nself = <selenium.webdriver.chrome.webdriver.WebDriver (session=\"2493df6df79fe90300a24a46b95424be\")>\nby = 'xpath'\nvalue = '//a[@title=\\'Согласование договора \"Договор о сотрудничестве тест4\"\\']/../../..//a[contains(.,\\'Согласовать\\')]'\n\n    def find_element(self, by=By.ID, value=None):\n        \"\"\"\n        Find an element given a By strategy and locator. Prefer the find_element_by_* methods when\n        possible.\n    \n        :Usage:\n            element = driver.find_element(By.ID, 'foo')\n    \n        :rtype: WebElement\n        \"\"\"\n        if self.w3c:\n            if by == By.ID:\n                by = By.CSS_SELECTOR\n                value = '[id=\"%s\"]' % value\n            elif by == By.TAG_NAME:\n                by = By.CSS_SELECTOR\n            elif by == By.CLASS_NAME:\n                by = By.CSS_SELECTOR\n                value = \".%s\" % value\n            elif by == By.NAME:\n                by = By.CSS_SELECTOR\n                value = '[name=\"%s\"]' % value\n>       return self.execute(Command.FIND_ELEMENT, {\n            'using': by,\n            'value': value})['value']\n\n/usr/local/lib/python3.8/dist-packages/selenium/webdriver/remote/webdriver.py:976: \n_ _ _ _ _ _ _ _ _ _ _ _ _ _ _ _ _ _ _ _ _ _ _ _ _ _ _ _ _ _ _ _ _ _ _ _ _ _ _ _ \n\nself = <selenium.webdriver.chrome.webdriver.WebDriver (session=\"2493df6df79fe90300a24a46b95424be\")>\ndriver_command = 'findElement'\nparams = {'using': 'xpath', 'value': '//a[@title=\\'Согласование договора \"Договор о сотрудничестве тест4\"\\']/../../..//a[contains(.,\\'Согласовать\\')]'}\n\n    def execute(self, driver_command, params=None):\n        \"\"\"\n        Sends a command to be executed by a command.CommandExecutor.\n    \n        :Args:\n         - driver_command: The name of the command to execute as a string.\n         - params: A dictionary of named parameters to send with the command.\n    \n        :Returns:\n          The command's JSON response loaded into a dictionary object.\n        \"\"\"\n        if self.session_id is not None:\n            if not params:\n                params = {'sessionId': self.session_id}\n            elif 'sessionId' not in params:\n                params['sessionId'] = self.session_id\n    \n        params = self._wrap_value(params)\n        response = self.command_executor.execute(driver_command, params)\n        if response:\n>           self.error_handler.check_response(response)\n\n/usr/local/lib/python3.8/dist-packages/selenium/webdriver/remote/webdriver.py:321: \n_ _ _ _ _ _ _ _ _ _ _ _ _ _ _ _ _ _ _ _ _ _ _ _ _ _ _ _ _ _ _ _ _ _ _ _ _ _ _ _ \n\nself = <selenium.webdriver.remote.errorhandler.ErrorHandler object at 0x7fece59a4b50>\nresponse = {'status': 404, 'value': '{\"value\":{\"error\":\"no such element\",\"message\":\"no such element: Unable to locate element: {\\...\\\\n#16 0x55c39651ec68 \\\\u003Cunknown>\\\\n#17 0x55c396539aad \\\\u003Cunknown>\\\\n#18 0x7f0894caf609 \\\\u003Cunknown>\\\\n\"}}'}\n\n    def check_response(self, response):\n        \"\"\"\n        Checks that a JSON response from the WebDriver does not have an error.\n    \n        :Args:\n         - response - The JSON response from the WebDriver server as a dictionary\n           object.\n    \n        :Raises: If the response contains an error message.\n        \"\"\"\n        status = response.get('status', None)\n        if status is None or status == ErrorCode.SUCCESS:\n            return\n        value = None\n        message = response.get(\"message\", \"\")\n        screen = response.get(\"screen\", \"\")\n        stacktrace = None\n        if isinstance(status, int):\n            value_json = response.get('value', None)\n            if value_json and isinstance(value_json, basestring):\n                import json\n                try:\n                    value = json.loads(value_json)\n                    if len(value.keys()) == 1:\n                        value = value['value']\n                    status = value.get('error', None)\n                    if status is None:\n                        status = value[\"status\"]\n                        message = value[\"value\"]\n                        if not isinstance(message, basestring):\n                            value = message\n                            message = message.get('message')\n                    else:\n                        message = value.get('message', None)\n                except ValueError:\n                    pass\n    \n        exception_class = ErrorInResponseException\n        if status in ErrorCode.NO_SUCH_ELEMENT:\n            exception_class = NoSuchElementException\n        elif status in ErrorCode.NO_SUCH_FRAME:\n            exception_class = NoSuchFrameException\n        elif status in ErrorCode.NO_SUCH_WINDOW:\n            exception_class = NoSuchWindowException\n        elif status in ErrorCode.STALE_ELEMENT_REFERENCE:\n            exception_class = StaleElementReferenceException\n        elif status in ErrorCode.ELEMENT_NOT_VISIBLE:\n            exception_class = ElementNotVisibleException\n        elif status in ErrorCode.INVALID_ELEMENT_STATE:\n            exception_class = InvalidElementStateException\n        elif status in ErrorCode.INVALID_SELECTOR \\\n                or status in ErrorCode.INVALID_XPATH_SELECTOR \\\n                or status in ErrorCode.INVALID_XPATH_SELECTOR_RETURN_TYPER:\n            exception_class = InvalidSelectorException\n        elif status in ErrorCode.ELEMENT_IS_NOT_SELECTABLE:\n            exception_class = ElementNotSelectableException\n        elif status in ErrorCode.ELEMENT_NOT_INTERACTABLE:\n            exception_class = ElementNotInteractableException\n        elif status in ErrorCode.INVALID_COOKIE_DOMAIN:\n            exception_class = InvalidCookieDomainException\n        elif status in ErrorCode.UNABLE_TO_SET_COOKIE:\n            exception_class = UnableToSetCookieException\n        elif status in ErrorCode.TIMEOUT:\n            exception_class = TimeoutException\n        elif status in ErrorCode.SCRIPT_TIMEOUT:\n            exception_class = TimeoutException\n        elif status in ErrorCode.UNKNOWN_ERROR:\n            exception_class = WebDriverException\n        elif status in ErrorCode.UNEXPECTED_ALERT_OPEN:\n            exception_class = UnexpectedAlertPresentException\n        elif status in ErrorCode.NO_ALERT_OPEN:\n            exception_class = NoAlertPresentException\n        elif status in ErrorCode.IME_NOT_AVAILABLE:\n            exception_class = ImeNotAvailableException\n        elif status in ErrorCode.IME_ENGINE_ACTIVATION_FAILED:\n            exception_class = ImeActivationFailedException\n        elif status in ErrorCode.MOVE_TARGET_OUT_OF_BOUNDS:\n            exception_class = MoveTargetOutOfBoundsException\n        elif status in ErrorCode.JAVASCRIPT_ERROR:\n            exception_class = JavascriptException\n        elif status in ErrorCode.SESSION_NOT_CREATED:\n            exception_class = SessionNotCreatedException\n        elif status in ErrorCode.INVALID_ARGUMENT:\n            exception_class = InvalidArgumentException\n        elif status in ErrorCode.NO_SUCH_COOKIE:\n            exception_class = NoSuchCookieException\n        elif status in ErrorCode.UNABLE_TO_CAPTURE_SCREEN:\n            exception_class = ScreenshotException\n        elif status in ErrorCode.ELEMENT_CLICK_INTERCEPTED:\n            exception_class = ElementClickInterceptedException\n        elif status in ErrorCode.INSECURE_CERTIFICATE:\n            exception_class = InsecureCertificateException\n        elif status in ErrorCode.INVALID_COORDINATES:\n            exception_class = InvalidCoordinatesException\n        elif status in ErrorCode.INVALID_SESSION_ID:\n            exception_class = InvalidSessionIdException\n        elif status in ErrorCode.UNKNOWN_METHOD:\n            exception_class = UnknownMethodException\n        else:\n            exception_class = WebDriverException\n        if value == '' or value is None:\n            value = response['value']\n        if isinstance(value, basestring):\n            if exception_class == ErrorInResponseException:\n                raise exception_class(response, value)\n            raise exception_class(value)\n        if message == \"\" and 'message' in value:\n            message = value['message']\n    \n        screen = None\n        if 'screen' in value:\n            screen = value['screen']\n    \n        stacktrace = None\n        if 'stackTrace' in value and value['stackTrace']:\n            stacktrace = []\n            try:\n                for frame in value['stackTrace']:\n                    line = self._value_or_default(frame, 'lineNumber', '')\n                    file = self._value_or_default(frame, 'fileName', '<anonymous>')\n                    if line:\n                        file = \"%s:%s\" % (file, line)\n                    meth = self._value_or_default(frame, 'methodName', '<anonymous>')\n                    if 'className' in frame:\n                        meth = \"%s.%s\" % (frame['className'], meth)\n                    msg = \"    at %s (%s)\"\n                    msg = msg % (meth, file)\n                    stacktrace.append(msg)\n            except TypeError:\n                pass\n        if exception_class == ErrorInResponseException:\n            raise exception_class(response, message)\n        elif exception_class == UnexpectedAlertPresentException:\n            alert_text = None\n            if 'data' in value:\n                alert_text = value['data'].get('text')\n            elif 'alert' in value:\n                alert_text = value['alert'].get('text')\n            raise exception_class(message, screen, stacktrace, alert_text)\n>       raise exception_class(message, screen, stacktrace)\nE       selenium.common.exceptions.NoSuchElementException: Message: no such element: Unable to locate element: {\"method\":\"xpath\",\"selector\":\"//a[@title='Согласование договора \"Договор о сотрудничестве тест4\"']/../../..//a[contains(.,'Согласовать')]\"}\nE         (Session info: chrome=97.0.4692.99)\n\n/usr/local/lib/python3.8/dist-packages/selenium/webdriver/remote/errorhandler.py:242: NoSuchElementException\n\nDuring handling of the above exception, another exception occurred:\n\nself = <tests.test_contracts.test_business_process_contract_cooperation.TestContractCooperation object at 0x7fed0ec82ac0>\ncreate_contract_cooperation = None\n\n    @pytest.mark.smoke\n    def test_approve_contract_cooperation_first_group_approvers(self, create_contract_cooperation):\n        \"\"\"\n        Создание и согласование меморандума о сотрудничестве\n        Consideration of the first group of approvers (varies for each user)\n        \"\"\"\n        contract_page.send_consideration()\n        # supervisor_1nd_group_1\n        logger.info(f'login \"{ContractsConstants.supervisor_1nd_group[4]}\".')\n        admin_panel.auth_as_user(UsersConstants.TATIANA_KAMALETDINOVA)\n        contract_page.open_contract_page()\n        logger.info(\"approve_contract_on_page\")\n>       contract_cooperation_page.approve_contract_on_page.click()\n\ntests/test_contracts/test_business_process_contract_cooperation.py:32: \n_ _ _ _ _ _ _ _ _ _ _ _ _ _ _ _ _ _ _ _ _ _ _ _ _ _ _ _ _ _ _ _ _ _ _ _ _ _ _ _ \n/usr/local/lib/python3.8/dist-packages/selene/core/entity.py:325: in click\n    self.wait.command('click', lambda element: element().click())\n/usr/local/lib/python3.8/dist-packages/selene/core/wait.py:136: in command\n    self.for_(Command(description, fn))\n_ _ _ _ _ _ _ _ _ _ _ _ _ _ _ _ _ _ _ _ _ _ _ _ _ _ _ _ _ _ _ _ _ _ _ _ _ _ _ _ \n\nself = <selene.core.wait.Wait object at 0x7fed0ed5aa00>\nfn = <selene.core.wait.Command object at 0x7fed0ed5a4c0>\n\n        def for_(self, fn: Callable[[E], R]) -> R:\n            finish_time = time.time() + self._timeout\n    \n            while True:\n                try:\n                    return fn(self._entity)\n                except Exception as reason:\n                    if time.time() > finish_time:\n    \n                        reason_message = str(reason)\n    \n                        reason_string = '{name}: {message}'.format(\n                            name=reason.__class__.__name__, message=reason_message\n                        )\n                        # todo: think on how can we improve logging failures in selene, e.g. reverse msg and stacktrace\n                        # stacktrace = getattr(reason, 'stacktrace', None)\n                        timeout = self._timeout\n                        entity = self._entity\n    \n                        failure = TimeoutException(\n                            f'''\n    \n    Timed out after {timeout}s, while waiting for:\n    {entity}.{fn}\n    \n    Reason: {reason_string}'''\n                        )\n    \n>                       raise self._hook_failure(failure)\nE                       selene.core.exceptions.TimeoutException: Message: \nE                       \nE                       Timed out after 10s, while waiting for:\nE                       browser.element(('xpath', '//a[@title=\\'Согласование договора \"Договор о сотрудничестве тест4\"\\']/../../..//a[contains(.,\\'Согласовать\\')]')).click\nE                       \nE                       Reason: NoSuchElementException: Message: no such element: Unable to locate element: {\"method\":\"xpath\",\"selector\":\"//a[@title='Согласование договора \"Договор о сотрудничестве тест4\"']/../../..//a[contains(.,'Согласовать')]\"}\nE                         (Session info: chrome=97.0.4692.99)\nE                       \nE                       Screenshot: file:///home/seluser/.selene/screenshots/1643538623626/1643538623632.png\nE                       PageSource: file:///home/seluser/.selene/screenshots/1643538623626/1643538623632.html\n\n/usr/local/lib/python3.8/dist-packages/selene/core/wait.py:125: TimeoutException",
    "steps" : [ {
      "name" : "Send for consideration",
      "time" : {
        "start" : 1643538940255,
        "stop" : 1643538945526,
        "duration" : 5271
      },
      "status" : "passed",
      "steps" : [ ],
      "attachments" : [ ],
      "parameters" : [ ],
      "stepsCount" : 0,
      "attachmentsCount" : 0,
      "shouldDisplayMessage" : false,
      "hasContent" : false
    }, {
      "name" : "Авторизоваться на портале под ответственным пользователем",
      "time" : {
        "start" : 1643538945526,
        "stop" : 1643538952343,
        "duration" : 6817
      },
      "status" : "passed",
      "steps" : [ {
        "name" : "Авторизоваться под администратором портала",
        "time" : {
          "start" : 1643538945526,
          "stop" : 1643538946125,
          "duration" : 599
        },
        "status" : "passed",
        "steps" : [ ],
        "attachments" : [ ],
        "parameters" : [ ],
        "stepsCount" : 0,
        "attachmentsCount" : 0,
        "shouldDisplayMessage" : false,
        "hasContent" : false
      } ],
      "attachments" : [ ],
      "parameters" : [ {
        "name" : "user",
        "value" : "<common.user.User object at 0x7fed1aaea4f0>"
      } ],
      "stepsCount" : 1,
      "attachmentsCount" : 0,
      "shouldDisplayMessage" : false,
      "hasContent" : true
    }, {
      "name" : "Open contract page",
      "time" : {
        "start" : 1643538952343,
        "stop" : 1643538955989,
        "duration" : 3646
      },
      "status" : "passed",
      "steps" : [ ],
      "attachments" : [ ],
      "parameters" : [ ],
      "stepsCount" : 0,
      "attachmentsCount" : 0,
      "shouldDisplayMessage" : false,
      "hasContent" : false
    }, {
      "name" : "Screen-shot done",
      "time" : {
        "start" : 1643538966321,
        "stop" : 1643538966520,
        "duration" : 199
      },
      "status" : "passed",
      "steps" : [ ],
      "attachments" : [ {
        "uid" : "9d433933239d45c1",
        "name" : "screenshot",
        "source" : "9d433933239d45c1.png",
        "type" : "image/png",
        "size" : 182961
      } ],
      "parameters" : [ ],
      "stepsCount" : 0,
      "attachmentsCount" : 1,
      "shouldDisplayMessage" : false,
      "hasContent" : true
    } ],
    "attachments" : [ {
      "uid" : "ad280bbd2e719303",
      "name" : "log",
      "source" : "ad280bbd2e719303.txt",
      "type" : "text/plain",
      "size" : 600
    } ],
    "parameters" : [ ],
    "stepsCount" : 5,
    "attachmentsCount" : 2,
    "shouldDisplayMessage" : true,
    "hasContent" : true
  },
  "afterStages" : [ {
    "name" : "auth_admin::0",
    "time" : {
      "start" : 1643543891194,
      "stop" : 1643543891202,
      "duration" : 8
    },
    "status" : "passed",
    "steps" : [ ],
    "attachments" : [ ],
    "parameters" : [ ],
    "stepsCount" : 0,
    "attachmentsCount" : 0,
    "shouldDisplayMessage" : false,
    "hasContent" : false
  } ],
  "labels" : [ {
    "name" : "tag",
    "value" : "contract"
  }, {
    "name" : "tag",
    "value" : "smoke"
  }, {
    "name" : "parentSuite",
    "value" : "tests.test_contracts"
  }, {
    "name" : "suite",
    "value" : "test_business_process_contract_cooperation"
  }, {
    "name" : "subSuite",
    "value" : "TestContractCooperation"
  }, {
    "name" : "host",
    "value" : "portal-test-qa-7npdq"
  }, {
    "name" : "thread",
    "value" : "6-MainThread"
  }, {
    "name" : "framework",
    "value" : "pytest"
  }, {
    "name" : "language",
    "value" : "cpython3"
  }, {
    "name" : "package",
    "value" : "tests.test_contracts.test_business_process_contract_cooperation"
  }, {
    "name" : "resultFormat",
    "value" : "allure2"
  } ],
  "parameters" : [ ],
  "links" : [ ],
  "hidden" : false,
  "retry" : false,
  "extra" : {
    "severity" : "normal",
    "retries" : [ ],
    "categories" : [ {
      "name" : "Product defects",
      "matchedStatuses" : [ ],
      "flaky" : false
    } ],
    "history" : {
      "statistic" : {
        "failed" : 2,
        "broken" : 0,
        "skipped" : 0,
        "passed" : 0,
        "unknown" : 0,
        "total" : 2
      },
      "items" : [ {
        "uid" : "6eba44d52c794fbc",
        "reportUrl" : "../4/index.html#testresult/6eba44d52c794fbc",
        "status" : "failed",
        "statusDetails" : "selene.core.exceptions.TimeoutException: Message: \n\nTimed out after 10s, while waiting for:\nbrowser.element(('xpath', '//a[@title=\\'Согласование договора \"Договор о сотрудничестве тест4\"\\']/../../..//a[contains(.,\\'Согласовать\\')]')).click\n\nReason: NoSuchElementException: Message: no such element: Unable to locate element: {\"method\":\"xpath\",\"selector\":\"//a[@title='Согласование договора \"Договор о сотрудничестве тест4\"']/../../..//a[contains(.,'Согласовать')]\"}\n  (Session info: chrome=97.0.4692.99)\n\nScreenshot: file:///home/seluser/.selene/screenshots/1643538623626/1643538623632.png\nPageSource: file:///home/seluser/.selene/screenshots/1643538623626/1643538623632.html",
        "time" : {
          "start" : 1643538940254,
          "stop" : 1643538966257,
          "duration" : 26003
        }
      } ]
    },
    "tags" : [ "contract", "smoke" ]
  },
  "source" : "83de60485cfdfde.json",
  "parameterValues" : [ ]
}