{
  "uid" : "8a0b4a5e90a9af54",
  "name" : "test_delete_decree_text_after_approving",
  "fullName" : "tests.test_decrees.test_decrees.TestDecrees#test_delete_decree_text_after_approving",
  "historyId" : "e567e4c0114248fc12db523fe5e8fe1b",
  "time" : {
    "start" : 1644146981909,
    "stop" : 1644146981909,
    "duration" : 0
  },
  "description" : "\n        Подписание приказов, приложений ПЭП (без выписок). Удаление документов после подписания, но перед регистрацией\n        https://tfs.university.innopolis.ru/tfs/DefaultCollection/%D0%92%D0%BD%D1%83%D1%82%D1%80%D0%B5%D0%BD%D0%BD%D1%8F%D1%8F%20%D1%80%D0%B0%D0%B7%D1%80%D0%B0%D0%B1%D0%BE%D1%82%D0%BA%D0%B0/_workitems/edit/55805\n        ",
  "descriptionHtml" : "<pre><code>    Подписание приказов, приложений ПЭП (без выписок). Удаление документов после подписания, но перед регистрацией\n    https://tfs.university.innopolis.ru/tfs/DefaultCollection/%D0%92%D0%BD%D1%83%D1%82%D1%80%D0%B5%D0%BD%D0%BD%D1%8F%D1%8F%20%D1%80%D0%B0%D0%B7%D1%80%D0%B0%D0%B1%D0%BE%D1%82%D0%BA%D0%B0/_workitems/edit/55805\n</code></pre>\n",
  "status" : "failed",
  "statusMessage" : "selene.core.exceptions.TimeoutException: Message: \n\nTimed out after 10s, while waiting for:\nbrowser.element(('xpath', \"//a[@href='/processes/list/100/view/0/?list_section_id=']\")).click\n\nReason: ElementClickInterceptedException: Message: element click intercepted: Element <a href=\"/processes/list/100/view/0/?list_section_id=\" class=\"bp-bx-application-icon\">...</a> is not clickable at point (979, 362). Other element would receive the click: <div id=\"popup-window-content-TutorialWindowbizproc_userdata\" class=\"popup-window-content\">...</div>\n  (Session info: chrome=97.0.4692.99)\n\nScreenshot: file:///home/seluser/.selene/screenshots/1644143429078/1644143429090.png\nPageSource: file:///home/seluser/.selene/screenshots/1644143429078/1644143429090.html",
  "statusTrace" : "self = <selene.core.wait.Wait object at 0x7f5b2c4c6400>\nfn = <selene.core.wait.Command object at 0x7f5b2c4c65e0>\n\n    def for_(self, fn: Callable[[E], R]) -> R:\n        finish_time = time.time() + self._timeout\n    \n        while True:\n            try:\n>               return fn(self._entity)\n\n/usr/local/lib/python3.8/dist-packages/selene/core/wait.py:102: \n_ _ _ _ _ _ _ _ _ _ _ _ _ _ _ _ _ _ _ _ _ _ _ _ _ _ _ _ _ _ _ _ _ _ _ _ _ _ _ _ \n\nself = <selene.core.wait.Command object at 0x7f5b2c4c65e0>\nentity = <selene.core.entity.Element object at 0x7f5b38157ca0>\n\n    def __call__(self, entity: T) -> R:\n>       return self._fn(entity)\n\n/usr/local/lib/python3.8/dist-packages/selene/core/wait.py:56: \n_ _ _ _ _ _ _ _ _ _ _ _ _ _ _ _ _ _ _ _ _ _ _ _ _ _ _ _ _ _ _ _ _ _ _ _ _ _ _ _ \n\nelement = <selene.core.entity.Element object at 0x7f5b38157ca0>\n\n>   self.wait.command('click', lambda element: element().click())\n\n/usr/local/lib/python3.8/dist-packages/selene/core/entity.py:325: \n_ _ _ _ _ _ _ _ _ _ _ _ _ _ _ _ _ _ _ _ _ _ _ _ _ _ _ _ _ _ _ _ _ _ _ _ _ _ _ _ \n\nself = <selenium.webdriver.remote.webelement.WebElement (session=\"1a05e103561ef836a230fa885805630b\", element=\"c7a3352e-fb7e-4af0-a704-8ece2824ad6f\")>\n\n    def click(self):\n        \"\"\"Clicks the element.\"\"\"\n>       self._execute(Command.CLICK_ELEMENT)\n\n/usr/local/lib/python3.8/dist-packages/selenium/webdriver/remote/webelement.py:80: \n_ _ _ _ _ _ _ _ _ _ _ _ _ _ _ _ _ _ _ _ _ _ _ _ _ _ _ _ _ _ _ _ _ _ _ _ _ _ _ _ \n\nself = <selenium.webdriver.remote.webelement.WebElement (session=\"1a05e103561ef836a230fa885805630b\", element=\"c7a3352e-fb7e-4af0-a704-8ece2824ad6f\")>\ncommand = 'clickElement'\nparams = {'id': 'c7a3352e-fb7e-4af0-a704-8ece2824ad6f', 'sessionId': '1a05e103561ef836a230fa885805630b'}\n\n    def _execute(self, command, params=None):\n        \"\"\"Executes a command against the underlying HTML element.\n    \n        Args:\n          command: The name of the command to _execute as a string.\n          params: A dictionary of named parameters to send with the command.\n    \n        Returns:\n          The command's JSON response loaded into a dictionary object.\n        \"\"\"\n        if not params:\n            params = {}\n        params['id'] = self._id\n>       return self._parent.execute(command, params)\n\n/usr/local/lib/python3.8/dist-packages/selenium/webdriver/remote/webelement.py:633: \n_ _ _ _ _ _ _ _ _ _ _ _ _ _ _ _ _ _ _ _ _ _ _ _ _ _ _ _ _ _ _ _ _ _ _ _ _ _ _ _ \n\nself = <selenium.webdriver.chrome.webdriver.WebDriver (session=\"1a05e103561ef836a230fa885805630b\")>\ndriver_command = 'clickElement'\nparams = {'id': 'c7a3352e-fb7e-4af0-a704-8ece2824ad6f'}\n\n    def execute(self, driver_command, params=None):\n        \"\"\"\n        Sends a command to be executed by a command.CommandExecutor.\n    \n        :Args:\n         - driver_command: The name of the command to execute as a string.\n         - params: A dictionary of named parameters to send with the command.\n    \n        :Returns:\n          The command's JSON response loaded into a dictionary object.\n        \"\"\"\n        if self.session_id is not None:\n            if not params:\n                params = {'sessionId': self.session_id}\n            elif 'sessionId' not in params:\n                params['sessionId'] = self.session_id\n    \n        params = self._wrap_value(params)\n        response = self.command_executor.execute(driver_command, params)\n        if response:\n>           self.error_handler.check_response(response)\n\n/usr/local/lib/python3.8/dist-packages/selenium/webdriver/remote/webdriver.py:321: \n_ _ _ _ _ _ _ _ _ _ _ _ _ _ _ _ _ _ _ _ _ _ _ _ _ _ _ _ _ _ _ _ _ _ _ _ _ _ _ _ \n\nself = <selenium.webdriver.remote.errorhandler.ErrorHandler object at 0x7f5b3818bf40>\nresponse = {'status': 400, 'value': '{\"value\":{\"error\":\"element click intercepted\",\"message\":\"element click intercepted: Element ...\\\\n#20 0x55754ba15c68 \\\\u003Cunknown>\\\\n#21 0x55754ba30aad \\\\u003Cunknown>\\\\n#22 0x7fba0a28a609 \\\\u003Cunknown>\\\\n\"}}'}\n\n    def check_response(self, response):\n        \"\"\"\n        Checks that a JSON response from the WebDriver does not have an error.\n    \n        :Args:\n         - response - The JSON response from the WebDriver server as a dictionary\n           object.\n    \n        :Raises: If the response contains an error message.\n        \"\"\"\n        status = response.get('status', None)\n        if status is None or status == ErrorCode.SUCCESS:\n            return\n        value = None\n        message = response.get(\"message\", \"\")\n        screen = response.get(\"screen\", \"\")\n        stacktrace = None\n        if isinstance(status, int):\n            value_json = response.get('value', None)\n            if value_json and isinstance(value_json, basestring):\n                import json\n                try:\n                    value = json.loads(value_json)\n                    if len(value.keys()) == 1:\n                        value = value['value']\n                    status = value.get('error', None)\n                    if status is None:\n                        status = value[\"status\"]\n                        message = value[\"value\"]\n                        if not isinstance(message, basestring):\n                            value = message\n                            message = message.get('message')\n                    else:\n                        message = value.get('message', None)\n                except ValueError:\n                    pass\n    \n        exception_class = ErrorInResponseException\n        if status in ErrorCode.NO_SUCH_ELEMENT:\n            exception_class = NoSuchElementException\n        elif status in ErrorCode.NO_SUCH_FRAME:\n            exception_class = NoSuchFrameException\n        elif status in ErrorCode.NO_SUCH_WINDOW:\n            exception_class = NoSuchWindowException\n        elif status in ErrorCode.STALE_ELEMENT_REFERENCE:\n            exception_class = StaleElementReferenceException\n        elif status in ErrorCode.ELEMENT_NOT_VISIBLE:\n            exception_class = ElementNotVisibleException\n        elif status in ErrorCode.INVALID_ELEMENT_STATE:\n            exception_class = InvalidElementStateException\n        elif status in ErrorCode.INVALID_SELECTOR \\\n                or status in ErrorCode.INVALID_XPATH_SELECTOR \\\n                or status in ErrorCode.INVALID_XPATH_SELECTOR_RETURN_TYPER:\n            exception_class = InvalidSelectorException\n        elif status in ErrorCode.ELEMENT_IS_NOT_SELECTABLE:\n            exception_class = ElementNotSelectableException\n        elif status in ErrorCode.ELEMENT_NOT_INTERACTABLE:\n            exception_class = ElementNotInteractableException\n        elif status in ErrorCode.INVALID_COOKIE_DOMAIN:\n            exception_class = InvalidCookieDomainException\n        elif status in ErrorCode.UNABLE_TO_SET_COOKIE:\n            exception_class = UnableToSetCookieException\n        elif status in ErrorCode.TIMEOUT:\n            exception_class = TimeoutException\n        elif status in ErrorCode.SCRIPT_TIMEOUT:\n            exception_class = TimeoutException\n        elif status in ErrorCode.UNKNOWN_ERROR:\n            exception_class = WebDriverException\n        elif status in ErrorCode.UNEXPECTED_ALERT_OPEN:\n            exception_class = UnexpectedAlertPresentException\n        elif status in ErrorCode.NO_ALERT_OPEN:\n            exception_class = NoAlertPresentException\n        elif status in ErrorCode.IME_NOT_AVAILABLE:\n            exception_class = ImeNotAvailableException\n        elif status in ErrorCode.IME_ENGINE_ACTIVATION_FAILED:\n            exception_class = ImeActivationFailedException\n        elif status in ErrorCode.MOVE_TARGET_OUT_OF_BOUNDS:\n            exception_class = MoveTargetOutOfBoundsException\n        elif status in ErrorCode.JAVASCRIPT_ERROR:\n            exception_class = JavascriptException\n        elif status in ErrorCode.SESSION_NOT_CREATED:\n            exception_class = SessionNotCreatedException\n        elif status in ErrorCode.INVALID_ARGUMENT:\n            exception_class = InvalidArgumentException\n        elif status in ErrorCode.NO_SUCH_COOKIE:\n            exception_class = NoSuchCookieException\n        elif status in ErrorCode.UNABLE_TO_CAPTURE_SCREEN:\n            exception_class = ScreenshotException\n        elif status in ErrorCode.ELEMENT_CLICK_INTERCEPTED:\n            exception_class = ElementClickInterceptedException\n        elif status in ErrorCode.INSECURE_CERTIFICATE:\n            exception_class = InsecureCertificateException\n        elif status in ErrorCode.INVALID_COORDINATES:\n            exception_class = InvalidCoordinatesException\n        elif status in ErrorCode.INVALID_SESSION_ID:\n            exception_class = InvalidSessionIdException\n        elif status in ErrorCode.UNKNOWN_METHOD:\n            exception_class = UnknownMethodException\n        else:\n            exception_class = WebDriverException\n        if value == '' or value is None:\n            value = response['value']\n        if isinstance(value, basestring):\n            if exception_class == ErrorInResponseException:\n                raise exception_class(response, value)\n            raise exception_class(value)\n        if message == \"\" and 'message' in value:\n            message = value['message']\n    \n        screen = None\n        if 'screen' in value:\n            screen = value['screen']\n    \n        stacktrace = None\n        if 'stackTrace' in value and value['stackTrace']:\n            stacktrace = []\n            try:\n                for frame in value['stackTrace']:\n                    line = self._value_or_default(frame, 'lineNumber', '')\n                    file = self._value_or_default(frame, 'fileName', '<anonymous>')\n                    if line:\n                        file = \"%s:%s\" % (file, line)\n                    meth = self._value_or_default(frame, 'methodName', '<anonymous>')\n                    if 'className' in frame:\n                        meth = \"%s.%s\" % (frame['className'], meth)\n                    msg = \"    at %s (%s)\"\n                    msg = msg % (meth, file)\n                    stacktrace.append(msg)\n            except TypeError:\n                pass\n        if exception_class == ErrorInResponseException:\n            raise exception_class(response, message)\n        elif exception_class == UnexpectedAlertPresentException:\n            alert_text = None\n            if 'data' in value:\n                alert_text = value['data'].get('text')\n            elif 'alert' in value:\n                alert_text = value['alert'].get('text')\n            raise exception_class(message, screen, stacktrace, alert_text)\n>       raise exception_class(message, screen, stacktrace)\nE       selenium.common.exceptions.ElementClickInterceptedException: Message: element click intercepted: Element <a href=\"/processes/list/100/view/0/?list_section_id=\" class=\"bp-bx-application-icon\">...</a> is not clickable at point (979, 362). Other element would receive the click: <div id=\"popup-window-content-TutorialWindowbizproc_userdata\" class=\"popup-window-content\">...</div>\nE         (Session info: chrome=97.0.4692.99)\n\n/usr/local/lib/python3.8/dist-packages/selenium/webdriver/remote/errorhandler.py:242: ElementClickInterceptedException\n\nDuring handling of the above exception, another exception occurred:\n\ndecree_3rd_type = <models.decree_data.Decree object at 0x7f5b2c49a580>\n\n    @pytest.fixture\n    def state_for_delete_after_approving(decree_3rd_type):\n        logger.info(\"Отправка приказа на рассмотрение\")\n        decree_page.send_consideration()\n    \n        logger.info(\"Одобрение приказа на стадии проверки корректности\")\n        admin_panel.auth_as_user(decree_3rd_type.corrector)\n        decrees_list_page.open_decree_by_number(decree_3rd_type.decree_id)\n        decree_page.accept_corrector()\n    \n        logger.info(\"Согласование приказа 1ым согласующим\")\n        admin_panel.auth_as_user(decree_3rd_type.supervisors_1st_group[0])\n>       decrees_list_page.open_decree_by_number(decree_3rd_type.decree_id)\n\ntests/test_decrees/conftest.py:93: \n_ _ _ _ _ _ _ _ _ _ _ _ _ _ _ _ _ _ _ _ _ _ _ _ _ _ _ _ _ _ _ _ _ _ _ _ _ _ _ _ \npages/document_management/decrees/decrees_list_page.py:34: in open_decree_by_number\n    self.open()\npages/document_management/decrees/decrees_list_page.py:29: in open\n    main_page.decrees.click()\n/usr/local/lib/python3.8/dist-packages/selene/core/entity.py:325: in click\n    self.wait.command('click', lambda element: element().click())\n/usr/local/lib/python3.8/dist-packages/selene/core/wait.py:136: in command\n    self.for_(Command(description, fn))\n_ _ _ _ _ _ _ _ _ _ _ _ _ _ _ _ _ _ _ _ _ _ _ _ _ _ _ _ _ _ _ _ _ _ _ _ _ _ _ _ \n\nself = <selene.core.wait.Wait object at 0x7f5b2c4c6400>\nfn = <selene.core.wait.Command object at 0x7f5b2c4c65e0>\n\n        def for_(self, fn: Callable[[E], R]) -> R:\n            finish_time = time.time() + self._timeout\n    \n            while True:\n                try:\n                    return fn(self._entity)\n                except Exception as reason:\n                    if time.time() > finish_time:\n    \n                        reason_message = str(reason)\n    \n                        reason_string = '{name}: {message}'.format(\n                            name=reason.__class__.__name__, message=reason_message\n                        )\n                        # todo: think on how can we improve logging failures in selene, e.g. reverse msg and stacktrace\n                        # stacktrace = getattr(reason, 'stacktrace', None)\n                        timeout = self._timeout\n                        entity = self._entity\n    \n                        failure = TimeoutException(\n                            f'''\n    \n    Timed out after {timeout}s, while waiting for:\n    {entity}.{fn}\n    \n    Reason: {reason_string}'''\n                        )\n    \n>                       raise self._hook_failure(failure)\nE                       selene.core.exceptions.TimeoutException: Message: \nE                       \nE                       Timed out after 10s, while waiting for:\nE                       browser.element(('xpath', \"//a[@href='/processes/list/100/view/0/?list_section_id=']\")).click\nE                       \nE                       Reason: ElementClickInterceptedException: Message: element click intercepted: Element <a href=\"/processes/list/100/view/0/?list_section_id=\" class=\"bp-bx-application-icon\">...</a> is not clickable at point (979, 362). Other element would receive the click: <div id=\"popup-window-content-TutorialWindowbizproc_userdata\" class=\"popup-window-content\">...</div>\nE                         (Session info: chrome=97.0.4692.99)\nE                       \nE                       Screenshot: file:///home/seluser/.selene/screenshots/1644143429078/1644143429090.png\nE                       PageSource: file:///home/seluser/.selene/screenshots/1644143429078/1644143429090.html\n\n/usr/local/lib/python3.8/dist-packages/selene/core/wait.py:125: TimeoutException",
  "flaky" : false,
  "newFailed" : false,
  "newBroken" : false,
  "newPassed" : false,
  "retriesCount" : 0,
  "retriesStatusChange" : false,
  "beforeStages" : [ {
    "name" : "_session_faker",
    "time" : {
      "start" : 1644143432274,
      "stop" : 1644143432470,
      "duration" : 196
    },
    "status" : "passed",
    "steps" : [ ],
    "attachments" : [ ],
    "parameters" : [ ],
    "stepsCount" : 0,
    "attachmentsCount" : 0,
    "shouldDisplayMessage" : false,
    "hasContent" : false
  }, {
    "name" : "auth_admin",
    "time" : {
      "start" : 1644143432470,
      "stop" : 1644143447772,
      "duration" : 15302
    },
    "status" : "passed",
    "steps" : [ ],
    "attachments" : [ ],
    "parameters" : [ ],
    "stepsCount" : 0,
    "attachmentsCount" : 0,
    "shouldDisplayMessage" : false,
    "hasContent" : false
  }, {
    "name" : "decree_3rd_type",
    "time" : {
      "start" : 1644146981910,
      "stop" : 1644147017194,
      "duration" : 35284
    },
    "status" : "passed",
    "steps" : [ {
      "name" : "Авторизоваться на портале под ответственным пользователем",
      "time" : {
        "start" : 1644146981910,
        "stop" : 1644146989527,
        "duration" : 7617
      },
      "status" : "passed",
      "steps" : [ {
        "name" : "Авторизоваться под администратором портала",
        "time" : {
          "start" : 1644146981911,
          "stop" : 1644146982469,
          "duration" : 558
        },
        "status" : "passed",
        "steps" : [ ],
        "attachments" : [ ],
        "parameters" : [ ],
        "stepsCount" : 0,
        "attachmentsCount" : 0,
        "shouldDisplayMessage" : false,
        "hasContent" : false
      } ],
      "attachments" : [ ],
      "parameters" : [ {
        "name" : "user",
        "value" : "<common.user.User object at 0x7f5b381a36a0>"
      } ],
      "stepsCount" : 1,
      "attachmentsCount" : 0,
      "shouldDisplayMessage" : false,
      "hasContent" : true
    }, {
      "name" : "Открытие страницы создания приказа",
      "time" : {
        "start" : 1644146989527,
        "stop" : 1644146998894,
        "duration" : 9367
      },
      "status" : "passed",
      "steps" : [ {
        "name" : "Открыть список приказов",
        "time" : {
          "start" : 1644146989527,
          "stop" : 1644146996220,
          "duration" : 6693
        },
        "status" : "passed",
        "steps" : [ ],
        "attachments" : [ ],
        "parameters" : [ ],
        "stepsCount" : 0,
        "attachmentsCount" : 0,
        "shouldDisplayMessage" : false,
        "hasContent" : false
      } ],
      "attachments" : [ ],
      "parameters" : [ ],
      "stepsCount" : 1,
      "attachmentsCount" : 0,
      "shouldDisplayMessage" : false,
      "hasContent" : true
    }, {
      "name" : "Заполнение обязательных полей и создание приказа",
      "time" : {
        "start" : 1644146998894,
        "stop" : 1644147017165,
        "duration" : 18271
      },
      "status" : "passed",
      "steps" : [ ],
      "attachments" : [ ],
      "parameters" : [ {
        "name" : "decree_data",
        "value" : "<models.decree_data.Decree object at 0x7f5b2c49a580>"
      } ],
      "stepsCount" : 0,
      "attachmentsCount" : 0,
      "shouldDisplayMessage" : false,
      "hasContent" : true
    }, {
      "name" : "Получение номера приказа",
      "time" : {
        "start" : 1644147017165,
        "stop" : 1644147017194,
        "duration" : 29
      },
      "status" : "passed",
      "steps" : [ ],
      "attachments" : [ ],
      "parameters" : [ ],
      "stepsCount" : 0,
      "attachmentsCount" : 0,
      "shouldDisplayMessage" : false,
      "hasContent" : false
    } ],
    "attachments" : [ ],
    "parameters" : [ ],
    "stepsCount" : 6,
    "attachmentsCount" : 0,
    "shouldDisplayMessage" : false,
    "hasContent" : true
  }, {
    "name" : "state_for_delete_after_approving",
    "time" : {
      "start" : 1644147017194,
      "stop" : 1644147070370,
      "duration" : 53176
    },
    "status" : "failed",
    "statusMessage" : "selene.core.exceptions.TimeoutException: Message: \n\nTimed out after 10s, while waiting for:\nbrowser.element(('xpath', \"//a[@href='/processes/list/100/view/0/?list_section_id=']\")).click\n\nReason: ElementClickInterceptedException: Message: element click intercepted: Element <a href=\"/processes/list/100/view/0/?list_section_id=\" class=\"bp-bx-application-icon\">...</a> is not clickable at point (979, 362). Other element would receive the click: <div id=\"popup-window-content-TutorialWindowbizproc_userdata\" class=\"popup-window-content\">...</div>\n  (Session info: chrome=97.0.4692.99)\n\nScreenshot: file:///home/seluser/.selene/screenshots/1644143429078/1644143429090.png\nPageSource: file:///home/seluser/.selene/screenshots/1644143429078/1644143429090.html\n\n",
    "statusTrace" : "  File \"/usr/local/lib/python3.8/dist-packages/pluggy/_callers.py\", line 39, in _multicall\n    res = hook_impl.function(*args)\n  File \"/usr/local/lib/python3.8/dist-packages/_pytest/fixtures.py\", line 1126, in pytest_fixture_setup\n    result = call_fixture_func(fixturefunc, request, kwargs)\n  File \"/usr/local/lib/python3.8/dist-packages/_pytest/fixtures.py\", line 925, in call_fixture_func\n    fixture_result = next(generator)\n  File \"/app/tests/test_decrees/conftest.py\", line 93, in state_for_delete_after_approving\n    decrees_list_page.open_decree_by_number(decree_3rd_type.decree_id)\n  File \"/usr/local/lib/python3.8/dist-packages/allure_commons/_allure.py\", line 172, in impl\n    return func(*a, **kw)\n  File \"/app/pages/document_management/decrees/decrees_list_page.py\", line 34, in open_decree_by_number\n    self.open()\n  File \"/usr/local/lib/python3.8/dist-packages/allure_commons/_allure.py\", line 172, in impl\n    return func(*a, **kw)\n  File \"/app/pages/document_management/decrees/decrees_list_page.py\", line 29, in open\n    main_page.decrees.click()\n  File \"/usr/local/lib/python3.8/dist-packages/selene/core/entity.py\", line 325, in click\n    self.wait.command('click', lambda element: element().click())\n  File \"/usr/local/lib/python3.8/dist-packages/selene/core/wait.py\", line 136, in command\n    self.for_(Command(description, fn))\n  File \"/usr/local/lib/python3.8/dist-packages/selene/core/wait.py\", line 125, in for_\n    raise self._hook_failure(failure)\n",
    "steps" : [ {
      "name" : "Отправка приказа на рассмотрение",
      "time" : {
        "start" : 1644147017194,
        "stop" : 1644147023360,
        "duration" : 6166
      },
      "status" : "passed",
      "steps" : [ ],
      "attachments" : [ ],
      "parameters" : [ ],
      "stepsCount" : 0,
      "attachmentsCount" : 0,
      "shouldDisplayMessage" : false,
      "hasContent" : false
    }, {
      "name" : "Авторизоваться на портале под ответственным пользователем",
      "time" : {
        "start" : 1644147023360,
        "stop" : 1644147031887,
        "duration" : 8527
      },
      "status" : "passed",
      "steps" : [ {
        "name" : "Авторизоваться под администратором портала",
        "time" : {
          "start" : 1644147023360,
          "stop" : 1644147023989,
          "duration" : 629
        },
        "status" : "passed",
        "steps" : [ ],
        "attachments" : [ ],
        "parameters" : [ ],
        "stepsCount" : 0,
        "attachmentsCount" : 0,
        "shouldDisplayMessage" : false,
        "hasContent" : false
      } ],
      "attachments" : [ ],
      "parameters" : [ {
        "name" : "user",
        "value" : "<common.user.User object at 0x7f5b381a3640>"
      } ],
      "stepsCount" : 1,
      "attachmentsCount" : 0,
      "shouldDisplayMessage" : false,
      "hasContent" : true
    }, {
      "name" : "Открыть приказ по номеру",
      "time" : {
        "start" : 1644147031888,
        "stop" : 1644147040755,
        "duration" : 8867
      },
      "status" : "passed",
      "steps" : [ {
        "name" : "Открыть список приказов",
        "time" : {
          "start" : 1644147031888,
          "stop" : 1644147037633,
          "duration" : 5745
        },
        "status" : "passed",
        "steps" : [ ],
        "attachments" : [ ],
        "parameters" : [ ],
        "stepsCount" : 0,
        "attachmentsCount" : 0,
        "shouldDisplayMessage" : false,
        "hasContent" : false
      } ],
      "attachments" : [ ],
      "parameters" : [ {
        "name" : "number",
        "value" : "'440052'"
      } ],
      "stepsCount" : 1,
      "attachmentsCount" : 0,
      "shouldDisplayMessage" : false,
      "hasContent" : true
    }, {
      "name" : "Одобрение на стадии проверки корректности приказа",
      "time" : {
        "start" : 1644147040755,
        "stop" : 1644147047840,
        "duration" : 7085
      },
      "status" : "passed",
      "steps" : [ ],
      "attachments" : [ ],
      "parameters" : [ ],
      "stepsCount" : 0,
      "attachmentsCount" : 0,
      "shouldDisplayMessage" : false,
      "hasContent" : false
    }, {
      "name" : "Авторизоваться на портале под ответственным пользователем",
      "time" : {
        "start" : 1644147047840,
        "stop" : 1644147055893,
        "duration" : 8053
      },
      "status" : "passed",
      "steps" : [ {
        "name" : "Авторизоваться под администратором портала",
        "time" : {
          "start" : 1644147047841,
          "stop" : 1644147048548,
          "duration" : 707
        },
        "status" : "passed",
        "steps" : [ ],
        "attachments" : [ ],
        "parameters" : [ ],
        "stepsCount" : 0,
        "attachmentsCount" : 0,
        "shouldDisplayMessage" : false,
        "hasContent" : false
      } ],
      "attachments" : [ ],
      "parameters" : [ {
        "name" : "user",
        "value" : "<common.user.User object at 0x7f5b381fea60>"
      } ],
      "stepsCount" : 1,
      "attachmentsCount" : 0,
      "shouldDisplayMessage" : false,
      "hasContent" : true
    }, {
      "name" : "Открыть приказ по номеру",
      "time" : {
        "start" : 1644147055893,
        "stop" : 1644147070369,
        "duration" : 14476
      },
      "status" : "failed",
      "statusMessage" : "selene.core.exceptions.TimeoutException: Message: \n\nTimed out after 10s, while waiting for:\nbrowser.element(('xpath', \"//a[@href='/processes/list/100/view/0/?list_section_id=']\")).click\n\nReason: ElementClickInterceptedException: Message: element click intercepted: Element <a href=\"/processes/list/100/view/0/?list_section_id=\" class=\"bp-bx-application-icon\">...</a> is not clickable at point (979, 362). Other element would receive the click: <div id=\"popup-window-content-TutorialWindowbizproc_userdata\" class=\"popup-window-content\">...</div>\n  (Session info: chrome=97.0.4692.99)\n\nScreenshot: file:///home/seluser/.selene/screenshots/1644143429078/1644143429090.png\nPageSource: file:///home/seluser/.selene/screenshots/1644143429078/1644143429090.html\n\n",
      "statusTrace" : "  File \"/usr/local/lib/python3.8/dist-packages/allure_commons/_allure.py\", line 172, in impl\n    return func(*a, **kw)\n  File \"/app/pages/document_management/decrees/decrees_list_page.py\", line 34, in open_decree_by_number\n    self.open()\n  File \"/usr/local/lib/python3.8/dist-packages/allure_commons/_allure.py\", line 172, in impl\n    return func(*a, **kw)\n  File \"/app/pages/document_management/decrees/decrees_list_page.py\", line 29, in open\n    main_page.decrees.click()\n  File \"/usr/local/lib/python3.8/dist-packages/selene/core/entity.py\", line 325, in click\n    self.wait.command('click', lambda element: element().click())\n  File \"/usr/local/lib/python3.8/dist-packages/selene/core/wait.py\", line 136, in command\n    self.for_(Command(description, fn))\n  File \"/usr/local/lib/python3.8/dist-packages/selene/core/wait.py\", line 125, in for_\n    raise self._hook_failure(failure)\n",
      "steps" : [ {
        "name" : "Открыть список приказов",
        "time" : {
          "start" : 1644147055893,
          "stop" : 1644147070369,
          "duration" : 14476
        },
        "status" : "failed",
        "statusMessage" : "selene.core.exceptions.TimeoutException: Message: \n\nTimed out after 10s, while waiting for:\nbrowser.element(('xpath', \"//a[@href='/processes/list/100/view/0/?list_section_id=']\")).click\n\nReason: ElementClickInterceptedException: Message: element click intercepted: Element <a href=\"/processes/list/100/view/0/?list_section_id=\" class=\"bp-bx-application-icon\">...</a> is not clickable at point (979, 362). Other element would receive the click: <div id=\"popup-window-content-TutorialWindowbizproc_userdata\" class=\"popup-window-content\">...</div>\n  (Session info: chrome=97.0.4692.99)\n\nScreenshot: file:///home/seluser/.selene/screenshots/1644143429078/1644143429090.png\nPageSource: file:///home/seluser/.selene/screenshots/1644143429078/1644143429090.html\n\n",
        "statusTrace" : "  File \"/usr/local/lib/python3.8/dist-packages/allure_commons/_allure.py\", line 172, in impl\n    return func(*a, **kw)\n  File \"/app/pages/document_management/decrees/decrees_list_page.py\", line 29, in open\n    main_page.decrees.click()\n  File \"/usr/local/lib/python3.8/dist-packages/selene/core/entity.py\", line 325, in click\n    self.wait.command('click', lambda element: element().click())\n  File \"/usr/local/lib/python3.8/dist-packages/selene/core/wait.py\", line 136, in command\n    self.for_(Command(description, fn))\n  File \"/usr/local/lib/python3.8/dist-packages/selene/core/wait.py\", line 125, in for_\n    raise self._hook_failure(failure)\n",
        "steps" : [ ],
        "attachments" : [ ],
        "parameters" : [ ],
        "stepsCount" : 0,
        "attachmentsCount" : 0,
        "shouldDisplayMessage" : true,
        "hasContent" : true
      } ],
      "attachments" : [ ],
      "parameters" : [ {
        "name" : "number",
        "value" : "'440052'"
      } ],
      "stepsCount" : 1,
      "attachmentsCount" : 0,
      "shouldDisplayMessage" : false,
      "hasContent" : true
    } ],
    "attachments" : [ ],
    "parameters" : [ ],
    "stepsCount" : 10,
    "attachmentsCount" : 0,
    "shouldDisplayMessage" : false,
    "hasContent" : true
  } ],
  "testStage" : {
    "description" : "\n        Подписание приказов, приложений ПЭП (без выписок). Удаление документов после подписания, но перед регистрацией\n        https://tfs.university.innopolis.ru/tfs/DefaultCollection/%D0%92%D0%BD%D1%83%D1%82%D1%80%D0%B5%D0%BD%D0%BD%D1%8F%D1%8F%20%D1%80%D0%B0%D0%B7%D1%80%D0%B0%D0%B1%D0%BE%D1%82%D0%BA%D0%B0/_workitems/edit/55805\n        ",
    "status" : "failed",
    "statusMessage" : "selene.core.exceptions.TimeoutException: Message: \n\nTimed out after 10s, while waiting for:\nbrowser.element(('xpath', \"//a[@href='/processes/list/100/view/0/?list_section_id=']\")).click\n\nReason: ElementClickInterceptedException: Message: element click intercepted: Element <a href=\"/processes/list/100/view/0/?list_section_id=\" class=\"bp-bx-application-icon\">...</a> is not clickable at point (979, 362). Other element would receive the click: <div id=\"popup-window-content-TutorialWindowbizproc_userdata\" class=\"popup-window-content\">...</div>\n  (Session info: chrome=97.0.4692.99)\n\nScreenshot: file:///home/seluser/.selene/screenshots/1644143429078/1644143429090.png\nPageSource: file:///home/seluser/.selene/screenshots/1644143429078/1644143429090.html",
    "statusTrace" : "self = <selene.core.wait.Wait object at 0x7f5b2c4c6400>\nfn = <selene.core.wait.Command object at 0x7f5b2c4c65e0>\n\n    def for_(self, fn: Callable[[E], R]) -> R:\n        finish_time = time.time() + self._timeout\n    \n        while True:\n            try:\n>               return fn(self._entity)\n\n/usr/local/lib/python3.8/dist-packages/selene/core/wait.py:102: \n_ _ _ _ _ _ _ _ _ _ _ _ _ _ _ _ _ _ _ _ _ _ _ _ _ _ _ _ _ _ _ _ _ _ _ _ _ _ _ _ \n\nself = <selene.core.wait.Command object at 0x7f5b2c4c65e0>\nentity = <selene.core.entity.Element object at 0x7f5b38157ca0>\n\n    def __call__(self, entity: T) -> R:\n>       return self._fn(entity)\n\n/usr/local/lib/python3.8/dist-packages/selene/core/wait.py:56: \n_ _ _ _ _ _ _ _ _ _ _ _ _ _ _ _ _ _ _ _ _ _ _ _ _ _ _ _ _ _ _ _ _ _ _ _ _ _ _ _ \n\nelement = <selene.core.entity.Element object at 0x7f5b38157ca0>\n\n>   self.wait.command('click', lambda element: element().click())\n\n/usr/local/lib/python3.8/dist-packages/selene/core/entity.py:325: \n_ _ _ _ _ _ _ _ _ _ _ _ _ _ _ _ _ _ _ _ _ _ _ _ _ _ _ _ _ _ _ _ _ _ _ _ _ _ _ _ \n\nself = <selenium.webdriver.remote.webelement.WebElement (session=\"1a05e103561ef836a230fa885805630b\", element=\"c7a3352e-fb7e-4af0-a704-8ece2824ad6f\")>\n\n    def click(self):\n        \"\"\"Clicks the element.\"\"\"\n>       self._execute(Command.CLICK_ELEMENT)\n\n/usr/local/lib/python3.8/dist-packages/selenium/webdriver/remote/webelement.py:80: \n_ _ _ _ _ _ _ _ _ _ _ _ _ _ _ _ _ _ _ _ _ _ _ _ _ _ _ _ _ _ _ _ _ _ _ _ _ _ _ _ \n\nself = <selenium.webdriver.remote.webelement.WebElement (session=\"1a05e103561ef836a230fa885805630b\", element=\"c7a3352e-fb7e-4af0-a704-8ece2824ad6f\")>\ncommand = 'clickElement'\nparams = {'id': 'c7a3352e-fb7e-4af0-a704-8ece2824ad6f', 'sessionId': '1a05e103561ef836a230fa885805630b'}\n\n    def _execute(self, command, params=None):\n        \"\"\"Executes a command against the underlying HTML element.\n    \n        Args:\n          command: The name of the command to _execute as a string.\n          params: A dictionary of named parameters to send with the command.\n    \n        Returns:\n          The command's JSON response loaded into a dictionary object.\n        \"\"\"\n        if not params:\n            params = {}\n        params['id'] = self._id\n>       return self._parent.execute(command, params)\n\n/usr/local/lib/python3.8/dist-packages/selenium/webdriver/remote/webelement.py:633: \n_ _ _ _ _ _ _ _ _ _ _ _ _ _ _ _ _ _ _ _ _ _ _ _ _ _ _ _ _ _ _ _ _ _ _ _ _ _ _ _ \n\nself = <selenium.webdriver.chrome.webdriver.WebDriver (session=\"1a05e103561ef836a230fa885805630b\")>\ndriver_command = 'clickElement'\nparams = {'id': 'c7a3352e-fb7e-4af0-a704-8ece2824ad6f'}\n\n    def execute(self, driver_command, params=None):\n        \"\"\"\n        Sends a command to be executed by a command.CommandExecutor.\n    \n        :Args:\n         - driver_command: The name of the command to execute as a string.\n         - params: A dictionary of named parameters to send with the command.\n    \n        :Returns:\n          The command's JSON response loaded into a dictionary object.\n        \"\"\"\n        if self.session_id is not None:\n            if not params:\n                params = {'sessionId': self.session_id}\n            elif 'sessionId' not in params:\n                params['sessionId'] = self.session_id\n    \n        params = self._wrap_value(params)\n        response = self.command_executor.execute(driver_command, params)\n        if response:\n>           self.error_handler.check_response(response)\n\n/usr/local/lib/python3.8/dist-packages/selenium/webdriver/remote/webdriver.py:321: \n_ _ _ _ _ _ _ _ _ _ _ _ _ _ _ _ _ _ _ _ _ _ _ _ _ _ _ _ _ _ _ _ _ _ _ _ _ _ _ _ \n\nself = <selenium.webdriver.remote.errorhandler.ErrorHandler object at 0x7f5b3818bf40>\nresponse = {'status': 400, 'value': '{\"value\":{\"error\":\"element click intercepted\",\"message\":\"element click intercepted: Element ...\\\\n#20 0x55754ba15c68 \\\\u003Cunknown>\\\\n#21 0x55754ba30aad \\\\u003Cunknown>\\\\n#22 0x7fba0a28a609 \\\\u003Cunknown>\\\\n\"}}'}\n\n    def check_response(self, response):\n        \"\"\"\n        Checks that a JSON response from the WebDriver does not have an error.\n    \n        :Args:\n         - response - The JSON response from the WebDriver server as a dictionary\n           object.\n    \n        :Raises: If the response contains an error message.\n        \"\"\"\n        status = response.get('status', None)\n        if status is None or status == ErrorCode.SUCCESS:\n            return\n        value = None\n        message = response.get(\"message\", \"\")\n        screen = response.get(\"screen\", \"\")\n        stacktrace = None\n        if isinstance(status, int):\n            value_json = response.get('value', None)\n            if value_json and isinstance(value_json, basestring):\n                import json\n                try:\n                    value = json.loads(value_json)\n                    if len(value.keys()) == 1:\n                        value = value['value']\n                    status = value.get('error', None)\n                    if status is None:\n                        status = value[\"status\"]\n                        message = value[\"value\"]\n                        if not isinstance(message, basestring):\n                            value = message\n                            message = message.get('message')\n                    else:\n                        message = value.get('message', None)\n                except ValueError:\n                    pass\n    \n        exception_class = ErrorInResponseException\n        if status in ErrorCode.NO_SUCH_ELEMENT:\n            exception_class = NoSuchElementException\n        elif status in ErrorCode.NO_SUCH_FRAME:\n            exception_class = NoSuchFrameException\n        elif status in ErrorCode.NO_SUCH_WINDOW:\n            exception_class = NoSuchWindowException\n        elif status in ErrorCode.STALE_ELEMENT_REFERENCE:\n            exception_class = StaleElementReferenceException\n        elif status in ErrorCode.ELEMENT_NOT_VISIBLE:\n            exception_class = ElementNotVisibleException\n        elif status in ErrorCode.INVALID_ELEMENT_STATE:\n            exception_class = InvalidElementStateException\n        elif status in ErrorCode.INVALID_SELECTOR \\\n                or status in ErrorCode.INVALID_XPATH_SELECTOR \\\n                or status in ErrorCode.INVALID_XPATH_SELECTOR_RETURN_TYPER:\n            exception_class = InvalidSelectorException\n        elif status in ErrorCode.ELEMENT_IS_NOT_SELECTABLE:\n            exception_class = ElementNotSelectableException\n        elif status in ErrorCode.ELEMENT_NOT_INTERACTABLE:\n            exception_class = ElementNotInteractableException\n        elif status in ErrorCode.INVALID_COOKIE_DOMAIN:\n            exception_class = InvalidCookieDomainException\n        elif status in ErrorCode.UNABLE_TO_SET_COOKIE:\n            exception_class = UnableToSetCookieException\n        elif status in ErrorCode.TIMEOUT:\n            exception_class = TimeoutException\n        elif status in ErrorCode.SCRIPT_TIMEOUT:\n            exception_class = TimeoutException\n        elif status in ErrorCode.UNKNOWN_ERROR:\n            exception_class = WebDriverException\n        elif status in ErrorCode.UNEXPECTED_ALERT_OPEN:\n            exception_class = UnexpectedAlertPresentException\n        elif status in ErrorCode.NO_ALERT_OPEN:\n            exception_class = NoAlertPresentException\n        elif status in ErrorCode.IME_NOT_AVAILABLE:\n            exception_class = ImeNotAvailableException\n        elif status in ErrorCode.IME_ENGINE_ACTIVATION_FAILED:\n            exception_class = ImeActivationFailedException\n        elif status in ErrorCode.MOVE_TARGET_OUT_OF_BOUNDS:\n            exception_class = MoveTargetOutOfBoundsException\n        elif status in ErrorCode.JAVASCRIPT_ERROR:\n            exception_class = JavascriptException\n        elif status in ErrorCode.SESSION_NOT_CREATED:\n            exception_class = SessionNotCreatedException\n        elif status in ErrorCode.INVALID_ARGUMENT:\n            exception_class = InvalidArgumentException\n        elif status in ErrorCode.NO_SUCH_COOKIE:\n            exception_class = NoSuchCookieException\n        elif status in ErrorCode.UNABLE_TO_CAPTURE_SCREEN:\n            exception_class = ScreenshotException\n        elif status in ErrorCode.ELEMENT_CLICK_INTERCEPTED:\n            exception_class = ElementClickInterceptedException\n        elif status in ErrorCode.INSECURE_CERTIFICATE:\n            exception_class = InsecureCertificateException\n        elif status in ErrorCode.INVALID_COORDINATES:\n            exception_class = InvalidCoordinatesException\n        elif status in ErrorCode.INVALID_SESSION_ID:\n            exception_class = InvalidSessionIdException\n        elif status in ErrorCode.UNKNOWN_METHOD:\n            exception_class = UnknownMethodException\n        else:\n            exception_class = WebDriverException\n        if value == '' or value is None:\n            value = response['value']\n        if isinstance(value, basestring):\n            if exception_class == ErrorInResponseException:\n                raise exception_class(response, value)\n            raise exception_class(value)\n        if message == \"\" and 'message' in value:\n            message = value['message']\n    \n        screen = None\n        if 'screen' in value:\n            screen = value['screen']\n    \n        stacktrace = None\n        if 'stackTrace' in value and value['stackTrace']:\n            stacktrace = []\n            try:\n                for frame in value['stackTrace']:\n                    line = self._value_or_default(frame, 'lineNumber', '')\n                    file = self._value_or_default(frame, 'fileName', '<anonymous>')\n                    if line:\n                        file = \"%s:%s\" % (file, line)\n                    meth = self._value_or_default(frame, 'methodName', '<anonymous>')\n                    if 'className' in frame:\n                        meth = \"%s.%s\" % (frame['className'], meth)\n                    msg = \"    at %s (%s)\"\n                    msg = msg % (meth, file)\n                    stacktrace.append(msg)\n            except TypeError:\n                pass\n        if exception_class == ErrorInResponseException:\n            raise exception_class(response, message)\n        elif exception_class == UnexpectedAlertPresentException:\n            alert_text = None\n            if 'data' in value:\n                alert_text = value['data'].get('text')\n            elif 'alert' in value:\n                alert_text = value['alert'].get('text')\n            raise exception_class(message, screen, stacktrace, alert_text)\n>       raise exception_class(message, screen, stacktrace)\nE       selenium.common.exceptions.ElementClickInterceptedException: Message: element click intercepted: Element <a href=\"/processes/list/100/view/0/?list_section_id=\" class=\"bp-bx-application-icon\">...</a> is not clickable at point (979, 362). Other element would receive the click: <div id=\"popup-window-content-TutorialWindowbizproc_userdata\" class=\"popup-window-content\">...</div>\nE         (Session info: chrome=97.0.4692.99)\n\n/usr/local/lib/python3.8/dist-packages/selenium/webdriver/remote/errorhandler.py:242: ElementClickInterceptedException\n\nDuring handling of the above exception, another exception occurred:\n\ndecree_3rd_type = <models.decree_data.Decree object at 0x7f5b2c49a580>\n\n    @pytest.fixture\n    def state_for_delete_after_approving(decree_3rd_type):\n        logger.info(\"Отправка приказа на рассмотрение\")\n        decree_page.send_consideration()\n    \n        logger.info(\"Одобрение приказа на стадии проверки корректности\")\n        admin_panel.auth_as_user(decree_3rd_type.corrector)\n        decrees_list_page.open_decree_by_number(decree_3rd_type.decree_id)\n        decree_page.accept_corrector()\n    \n        logger.info(\"Согласование приказа 1ым согласующим\")\n        admin_panel.auth_as_user(decree_3rd_type.supervisors_1st_group[0])\n>       decrees_list_page.open_decree_by_number(decree_3rd_type.decree_id)\n\ntests/test_decrees/conftest.py:93: \n_ _ _ _ _ _ _ _ _ _ _ _ _ _ _ _ _ _ _ _ _ _ _ _ _ _ _ _ _ _ _ _ _ _ _ _ _ _ _ _ \npages/document_management/decrees/decrees_list_page.py:34: in open_decree_by_number\n    self.open()\npages/document_management/decrees/decrees_list_page.py:29: in open\n    main_page.decrees.click()\n/usr/local/lib/python3.8/dist-packages/selene/core/entity.py:325: in click\n    self.wait.command('click', lambda element: element().click())\n/usr/local/lib/python3.8/dist-packages/selene/core/wait.py:136: in command\n    self.for_(Command(description, fn))\n_ _ _ _ _ _ _ _ _ _ _ _ _ _ _ _ _ _ _ _ _ _ _ _ _ _ _ _ _ _ _ _ _ _ _ _ _ _ _ _ \n\nself = <selene.core.wait.Wait object at 0x7f5b2c4c6400>\nfn = <selene.core.wait.Command object at 0x7f5b2c4c65e0>\n\n        def for_(self, fn: Callable[[E], R]) -> R:\n            finish_time = time.time() + self._timeout\n    \n            while True:\n                try:\n                    return fn(self._entity)\n                except Exception as reason:\n                    if time.time() > finish_time:\n    \n                        reason_message = str(reason)\n    \n                        reason_string = '{name}: {message}'.format(\n                            name=reason.__class__.__name__, message=reason_message\n                        )\n                        # todo: think on how can we improve logging failures in selene, e.g. reverse msg and stacktrace\n                        # stacktrace = getattr(reason, 'stacktrace', None)\n                        timeout = self._timeout\n                        entity = self._entity\n    \n                        failure = TimeoutException(\n                            f'''\n    \n    Timed out after {timeout}s, while waiting for:\n    {entity}.{fn}\n    \n    Reason: {reason_string}'''\n                        )\n    \n>                       raise self._hook_failure(failure)\nE                       selene.core.exceptions.TimeoutException: Message: \nE                       \nE                       Timed out after 10s, while waiting for:\nE                       browser.element(('xpath', \"//a[@href='/processes/list/100/view/0/?list_section_id=']\")).click\nE                       \nE                       Reason: ElementClickInterceptedException: Message: element click intercepted: Element <a href=\"/processes/list/100/view/0/?list_section_id=\" class=\"bp-bx-application-icon\">...</a> is not clickable at point (979, 362). Other element would receive the click: <div id=\"popup-window-content-TutorialWindowbizproc_userdata\" class=\"popup-window-content\">...</div>\nE                         (Session info: chrome=97.0.4692.99)\nE                       \nE                       Screenshot: file:///home/seluser/.selene/screenshots/1644143429078/1644143429090.png\nE                       PageSource: file:///home/seluser/.selene/screenshots/1644143429078/1644143429090.html\n\n/usr/local/lib/python3.8/dist-packages/selene/core/wait.py:125: TimeoutException",
    "steps" : [ ],
    "attachments" : [ {
      "uid" : "28f503fc0c0e32e8",
      "name" : "log",
      "source" : "28f503fc0c0e32e8.txt",
      "type" : "text/plain",
      "size" : 657
    } ],
    "parameters" : [ ],
    "stepsCount" : 0,
    "attachmentsCount" : 1,
    "shouldDisplayMessage" : true,
    "hasContent" : true
  },
  "afterStages" : [ {
    "name" : "decree_3rd_type::0",
    "time" : {
      "start" : 1644147070435,
      "stop" : 1644147090961,
      "duration" : 20526
    },
    "status" : "passed",
    "steps" : [ {
      "name" : "Авторизоваться под администратором портала",
      "time" : {
        "start" : 1644147070435,
        "stop" : 1644147071045,
        "duration" : 610
      },
      "status" : "passed",
      "steps" : [ ],
      "attachments" : [ ],
      "parameters" : [ ],
      "stepsCount" : 0,
      "attachmentsCount" : 0,
      "shouldDisplayMessage" : false,
      "hasContent" : false
    }, {
      "name" : "Открыть приказ по номеру",
      "time" : {
        "start" : 1644147076023,
        "stop" : 1644147085758,
        "duration" : 9735
      },
      "status" : "passed",
      "steps" : [ {
        "name" : "Открыть список приказов",
        "time" : {
          "start" : 1644147076023,
          "stop" : 1644147082249,
          "duration" : 6226
        },
        "status" : "passed",
        "steps" : [ ],
        "attachments" : [ ],
        "parameters" : [ ],
        "stepsCount" : 0,
        "attachmentsCount" : 0,
        "shouldDisplayMessage" : false,
        "hasContent" : false
      } ],
      "attachments" : [ ],
      "parameters" : [ {
        "name" : "number",
        "value" : "'440052'"
      } ],
      "stepsCount" : 1,
      "attachmentsCount" : 0,
      "shouldDisplayMessage" : false,
      "hasContent" : true
    } ],
    "attachments" : [ ],
    "parameters" : [ ],
    "stepsCount" : 3,
    "attachmentsCount" : 0,
    "shouldDisplayMessage" : false,
    "hasContent" : true
  }, {
    "name" : "auth_admin::0",
    "time" : {
      "start" : 1644150807066,
      "stop" : 1644150807247,
      "duration" : 181
    },
    "status" : "passed",
    "steps" : [ ],
    "attachments" : [ ],
    "parameters" : [ ],
    "stepsCount" : 0,
    "attachmentsCount" : 0,
    "shouldDisplayMessage" : false,
    "hasContent" : false
  } ],
  "labels" : [ {
    "name" : "tag",
    "value" : "decrees"
  }, {
    "name" : "parentSuite",
    "value" : "tests.test_decrees"
  }, {
    "name" : "suite",
    "value" : "test_decrees"
  }, {
    "name" : "subSuite",
    "value" : "TestDecrees"
  }, {
    "name" : "host",
    "value" : "portal-test-qa-5xnvt"
  }, {
    "name" : "thread",
    "value" : "6-MainThread"
  }, {
    "name" : "framework",
    "value" : "pytest"
  }, {
    "name" : "language",
    "value" : "cpython3"
  }, {
    "name" : "package",
    "value" : "tests.test_decrees.test_decrees"
  }, {
    "name" : "resultFormat",
    "value" : "allure2"
  } ],
  "parameters" : [ ],
  "links" : [ ],
  "hidden" : true,
  "retry" : true,
  "extra" : {
    "categories" : [ ],
    "tags" : [ "decrees" ]
  },
  "source" : "8a0b4a5e90a9af54.json",
  "parameterValues" : [ ]
}