{
  "uid" : "b6a81b97a511405f",
  "name" : "test_contract_gph_standart",
  "fullName" : "tests.test_contracts_gph.test_business_process_contract_gph_standart.TestContractGPH#test_contract_gph_standart",
  "historyId" : "fc0f14bc6c18cd78ec4d343cd908c04f",
  "time" : {
    "start" : 1644508686658,
    "stop" : 1644508938974,
    "duration" : 252316
  },
  "description" : "\n        Договор ГПХ руководитель проректор - стандартное простое прохождение\n        https://tfs.university.innopolis.ru/tfs/DefaultCollection/%D0%92%D0%BD%D1%83%D1%82%D1%80%D0%B5%D0%BD%D0%BD%D1%8F%D1%8F%20%D1%80%D0%B0%D0%B7%D1%80%D0%B0%D0%B1%D0%BE%D1%82%D0%BA%D0%B0/_workitems/edit/60454\n        Consideration of the first group of approvers (varies for each user)\n        ",
  "descriptionHtml" : "<pre><code>    Договор ГПХ руководитель проректор - стандартное простое прохождение\n    https://tfs.university.innopolis.ru/tfs/DefaultCollection/%D0%92%D0%BD%D1%83%D1%82%D1%80%D0%B5%D0%BD%D0%BD%D1%8F%D1%8F%20%D1%80%D0%B0%D0%B7%D1%80%D0%B0%D0%B1%D0%BE%D1%82%D0%BA%D0%B0/_workitems/edit/60454\n    Consideration of the first group of approvers (varies for each user)\n</code></pre>\n",
  "status" : "failed",
  "statusMessage" : "selene.core.exceptions.TimeoutException: Message: \n\nTimed out after 10s, while waiting for:\nbrowser.element(('css selector', '#popup-window-content-menu-popup-action_button_bizproc_task_list_control_menu > div > div > span:nth-child(2) > span.menu-popup-item-text > span')).click\n\nReason: NoSuchElementException: Message: no such element: Unable to locate element: {\"method\":\"css selector\",\"selector\":\"#popup-window-content-menu-popup-action_button_bizproc_task_list_control_menu > div > div > span:nth-child(2) > span.menu-popup-item-text > span\"}\n  (Session info: chrome=97.0.4692.99)\n\nScreenshot: file:///home/seluser/.selene/screenshots/1644506296801/1644506296809.png\nPageSource: file:///home/seluser/.selene/screenshots/1644506296801/1644506296809.html",
  "statusTrace" : "self = <selene.core.wait.Wait object at 0x7f2ea00ba820>\nfn = <selene.core.wait.Command object at 0x7f2ea00ba8e0>\n\n    def for_(self, fn: Callable[[E], R]) -> R:\n        finish_time = time.time() + self._timeout\n    \n        while True:\n            try:\n>               return fn(self._entity)\n\n/usr/local/lib/python3.8/dist-packages/selene/core/wait.py:102: \n_ _ _ _ _ _ _ _ _ _ _ _ _ _ _ _ _ _ _ _ _ _ _ _ _ _ _ _ _ _ _ _ _ _ _ _ _ _ _ _ \n\nself = <selene.core.wait.Command object at 0x7f2ea00ba8e0>\nentity = <selene.core.entity.Element object at 0x7f2ea03ada60>\n\n    def __call__(self, entity: T) -> R:\n>       return self._fn(entity)\n\n/usr/local/lib/python3.8/dist-packages/selene/core/wait.py:56: \n_ _ _ _ _ _ _ _ _ _ _ _ _ _ _ _ _ _ _ _ _ _ _ _ _ _ _ _ _ _ _ _ _ _ _ _ _ _ _ _ \n\nelement = <selene.core.entity.Element object at 0x7f2ea03ada60>\n\n>   self.wait.command('click', lambda element: element().click())\n\n/usr/local/lib/python3.8/dist-packages/selene/core/entity.py:325: \n_ _ _ _ _ _ _ _ _ _ _ _ _ _ _ _ _ _ _ _ _ _ _ _ _ _ _ _ _ _ _ _ _ _ _ _ _ _ _ _ \n\nself = <selene.core.entity.Element object at 0x7f2ea03ada60>\n\n    def __call__(self) -> WebElement:\n>       return self._locator()\n\n/usr/local/lib/python3.8/dist-packages/selene/core/entity.py:174: \n_ _ _ _ _ _ _ _ _ _ _ _ _ _ _ _ _ _ _ _ _ _ _ _ _ _ _ _ _ _ _ _ _ _ _ _ _ _ _ _ \n\nself = <selene.core.locator.Locator object at 0x7f2ea03ad9a0>\n\n    def __call__(self) -> T:\n>       return self._locate()\n\n/usr/local/lib/python3.8/dist-packages/selene/core/locator.py:34: \n_ _ _ _ _ _ _ _ _ _ _ _ _ _ _ _ _ _ _ _ _ _ _ _ _ _ _ _ _ _ _ _ _ _ _ _ _ _ _ _ \n\n>           f'{self}.element({by})', lambda: self.driver.find_element(*by)\n        ),\n        self.config,\n    )\n\n/usr/local/lib/python3.8/dist-packages/selene/core/entity.py:1367: \n_ _ _ _ _ _ _ _ _ _ _ _ _ _ _ _ _ _ _ _ _ _ _ _ _ _ _ _ _ _ _ _ _ _ _ _ _ _ _ _ \n\nself = <selenium.webdriver.chrome.webdriver.WebDriver (session=\"ef22365b1f8974361382f87b597fb334\")>\nby = 'css selector'\nvalue = '#popup-window-content-menu-popup-action_button_bizproc_task_list_control_menu > div > div > span:nth-child(2) > span.menu-popup-item-text > span'\n\n    def find_element(self, by=By.ID, value=None):\n        \"\"\"\n        Find an element given a By strategy and locator. Prefer the find_element_by_* methods when\n        possible.\n    \n        :Usage:\n            element = driver.find_element(By.ID, 'foo')\n    \n        :rtype: WebElement\n        \"\"\"\n        if self.w3c:\n            if by == By.ID:\n                by = By.CSS_SELECTOR\n                value = '[id=\"%s\"]' % value\n            elif by == By.TAG_NAME:\n                by = By.CSS_SELECTOR\n            elif by == By.CLASS_NAME:\n                by = By.CSS_SELECTOR\n                value = \".%s\" % value\n            elif by == By.NAME:\n                by = By.CSS_SELECTOR\n                value = '[name=\"%s\"]' % value\n>       return self.execute(Command.FIND_ELEMENT, {\n            'using': by,\n            'value': value})['value']\n\n/usr/local/lib/python3.8/dist-packages/selenium/webdriver/remote/webdriver.py:976: \n_ _ _ _ _ _ _ _ _ _ _ _ _ _ _ _ _ _ _ _ _ _ _ _ _ _ _ _ _ _ _ _ _ _ _ _ _ _ _ _ \n\nself = <selenium.webdriver.chrome.webdriver.WebDriver (session=\"ef22365b1f8974361382f87b597fb334\")>\ndriver_command = 'findElement'\nparams = {'using': 'css selector', 'value': '#popup-window-content-menu-popup-action_button_bizproc_task_list_control_menu > div > div > span:nth-child(2) > span.menu-popup-item-text > span'}\n\n    def execute(self, driver_command, params=None):\n        \"\"\"\n        Sends a command to be executed by a command.CommandExecutor.\n    \n        :Args:\n         - driver_command: The name of the command to execute as a string.\n         - params: A dictionary of named parameters to send with the command.\n    \n        :Returns:\n          The command's JSON response loaded into a dictionary object.\n        \"\"\"\n        if self.session_id is not None:\n            if not params:\n                params = {'sessionId': self.session_id}\n            elif 'sessionId' not in params:\n                params['sessionId'] = self.session_id\n    \n        params = self._wrap_value(params)\n        response = self.command_executor.execute(driver_command, params)\n        if response:\n>           self.error_handler.check_response(response)\n\n/usr/local/lib/python3.8/dist-packages/selenium/webdriver/remote/webdriver.py:321: \n_ _ _ _ _ _ _ _ _ _ _ _ _ _ _ _ _ _ _ _ _ _ _ _ _ _ _ _ _ _ _ _ _ _ _ _ _ _ _ _ \n\nself = <selenium.webdriver.remote.errorhandler.ErrorHandler object at 0x7f2ed54ec9d0>\nresponse = {'status': 404, 'value': '{\"value\":{\"error\":\"no such element\",\"message\":\"no such element: Unable to locate element: {\\...\\\\n#16 0x5649dc4c9c68 \\\\u003Cunknown>\\\\n#17 0x5649dc4e4aad \\\\u003Cunknown>\\\\n#18 0x7fa5b3edc609 \\\\u003Cunknown>\\\\n\"}}'}\n\n    def check_response(self, response):\n        \"\"\"\n        Checks that a JSON response from the WebDriver does not have an error.\n    \n        :Args:\n         - response - The JSON response from the WebDriver server as a dictionary\n           object.\n    \n        :Raises: If the response contains an error message.\n        \"\"\"\n        status = response.get('status', None)\n        if status is None or status == ErrorCode.SUCCESS:\n            return\n        value = None\n        message = response.get(\"message\", \"\")\n        screen = response.get(\"screen\", \"\")\n        stacktrace = None\n        if isinstance(status, int):\n            value_json = response.get('value', None)\n            if value_json and isinstance(value_json, basestring):\n                import json\n                try:\n                    value = json.loads(value_json)\n                    if len(value.keys()) == 1:\n                        value = value['value']\n                    status = value.get('error', None)\n                    if status is None:\n                        status = value[\"status\"]\n                        message = value[\"value\"]\n                        if not isinstance(message, basestring):\n                            value = message\n                            message = message.get('message')\n                    else:\n                        message = value.get('message', None)\n                except ValueError:\n                    pass\n    \n        exception_class = ErrorInResponseException\n        if status in ErrorCode.NO_SUCH_ELEMENT:\n            exception_class = NoSuchElementException\n        elif status in ErrorCode.NO_SUCH_FRAME:\n            exception_class = NoSuchFrameException\n        elif status in ErrorCode.NO_SUCH_WINDOW:\n            exception_class = NoSuchWindowException\n        elif status in ErrorCode.STALE_ELEMENT_REFERENCE:\n            exception_class = StaleElementReferenceException\n        elif status in ErrorCode.ELEMENT_NOT_VISIBLE:\n            exception_class = ElementNotVisibleException\n        elif status in ErrorCode.INVALID_ELEMENT_STATE:\n            exception_class = InvalidElementStateException\n        elif status in ErrorCode.INVALID_SELECTOR \\\n                or status in ErrorCode.INVALID_XPATH_SELECTOR \\\n                or status in ErrorCode.INVALID_XPATH_SELECTOR_RETURN_TYPER:\n            exception_class = InvalidSelectorException\n        elif status in ErrorCode.ELEMENT_IS_NOT_SELECTABLE:\n            exception_class = ElementNotSelectableException\n        elif status in ErrorCode.ELEMENT_NOT_INTERACTABLE:\n            exception_class = ElementNotInteractableException\n        elif status in ErrorCode.INVALID_COOKIE_DOMAIN:\n            exception_class = InvalidCookieDomainException\n        elif status in ErrorCode.UNABLE_TO_SET_COOKIE:\n            exception_class = UnableToSetCookieException\n        elif status in ErrorCode.TIMEOUT:\n            exception_class = TimeoutException\n        elif status in ErrorCode.SCRIPT_TIMEOUT:\n            exception_class = TimeoutException\n        elif status in ErrorCode.UNKNOWN_ERROR:\n            exception_class = WebDriverException\n        elif status in ErrorCode.UNEXPECTED_ALERT_OPEN:\n            exception_class = UnexpectedAlertPresentException\n        elif status in ErrorCode.NO_ALERT_OPEN:\n            exception_class = NoAlertPresentException\n        elif status in ErrorCode.IME_NOT_AVAILABLE:\n            exception_class = ImeNotAvailableException\n        elif status in ErrorCode.IME_ENGINE_ACTIVATION_FAILED:\n            exception_class = ImeActivationFailedException\n        elif status in ErrorCode.MOVE_TARGET_OUT_OF_BOUNDS:\n            exception_class = MoveTargetOutOfBoundsException\n        elif status in ErrorCode.JAVASCRIPT_ERROR:\n            exception_class = JavascriptException\n        elif status in ErrorCode.SESSION_NOT_CREATED:\n            exception_class = SessionNotCreatedException\n        elif status in ErrorCode.INVALID_ARGUMENT:\n            exception_class = InvalidArgumentException\n        elif status in ErrorCode.NO_SUCH_COOKIE:\n            exception_class = NoSuchCookieException\n        elif status in ErrorCode.UNABLE_TO_CAPTURE_SCREEN:\n            exception_class = ScreenshotException\n        elif status in ErrorCode.ELEMENT_CLICK_INTERCEPTED:\n            exception_class = ElementClickInterceptedException\n        elif status in ErrorCode.INSECURE_CERTIFICATE:\n            exception_class = InsecureCertificateException\n        elif status in ErrorCode.INVALID_COORDINATES:\n            exception_class = InvalidCoordinatesException\n        elif status in ErrorCode.INVALID_SESSION_ID:\n            exception_class = InvalidSessionIdException\n        elif status in ErrorCode.UNKNOWN_METHOD:\n            exception_class = UnknownMethodException\n        else:\n            exception_class = WebDriverException\n        if value == '' or value is None:\n            value = response['value']\n        if isinstance(value, basestring):\n            if exception_class == ErrorInResponseException:\n                raise exception_class(response, value)\n            raise exception_class(value)\n        if message == \"\" and 'message' in value:\n            message = value['message']\n    \n        screen = None\n        if 'screen' in value:\n            screen = value['screen']\n    \n        stacktrace = None\n        if 'stackTrace' in value and value['stackTrace']:\n            stacktrace = []\n            try:\n                for frame in value['stackTrace']:\n                    line = self._value_or_default(frame, 'lineNumber', '')\n                    file = self._value_or_default(frame, 'fileName', '<anonymous>')\n                    if line:\n                        file = \"%s:%s\" % (file, line)\n                    meth = self._value_or_default(frame, 'methodName', '<anonymous>')\n                    if 'className' in frame:\n                        meth = \"%s.%s\" % (frame['className'], meth)\n                    msg = \"    at %s (%s)\"\n                    msg = msg % (meth, file)\n                    stacktrace.append(msg)\n            except TypeError:\n                pass\n        if exception_class == ErrorInResponseException:\n            raise exception_class(response, message)\n        elif exception_class == UnexpectedAlertPresentException:\n            alert_text = None\n            if 'data' in value:\n                alert_text = value['data'].get('text')\n            elif 'alert' in value:\n                alert_text = value['alert'].get('text')\n            raise exception_class(message, screen, stacktrace, alert_text)\n>       raise exception_class(message, screen, stacktrace)\nE       selenium.common.exceptions.NoSuchElementException: Message: no such element: Unable to locate element: {\"method\":\"css selector\",\"selector\":\"#popup-window-content-menu-popup-action_button_bizproc_task_list_control_menu > div > div > span:nth-child(2) > span.menu-popup-item-text > span\"}\nE         (Session info: chrome=97.0.4692.99)\n\n/usr/local/lib/python3.8/dist-packages/selenium/webdriver/remote/errorhandler.py:242: NoSuchElementException\n\nDuring handling of the above exception, another exception occurred:\n\nself = <tests.test_contracts_gph.test_business_process_contract_gph_standart.TestContractGPH object at 0x7f2ec94b7280>\nfor_contract_gph_standart = <models.contract_gph_data.ContractGPH object at 0x7f2ec94b7bb0>\n\n    @pytest.mark.smoke\n    def test_contract_gph_standart(self, for_contract_gph_standart):\n        \"\"\"\n        Договор ГПХ руководитель проректор - стандартное простое прохождение\n        https://tfs.university.innopolis.ru/tfs/DefaultCollection/%D0%92%D0%BD%D1%83%D1%82%D1%80%D0%B5%D0%BD%D0%BD%D1%8F%D1%8F%20%D1%80%D0%B0%D0%B7%D1%80%D0%B0%D0%B1%D0%BE%D1%82%D0%BA%D0%B0/_workitems/edit/60454\n        Consideration of the first group of approvers (varies for each user)\n        \"\"\"\n        contract_gph = for_contract_gph_standart\n        contract_gph_page.send_consideration()\n        # supervisor_2nd_group_1\n        logger.info(f\"login {contract_gph.supervisor_2nd_group[0].fullname}\")\n        admin_panel.auth_as_user(contract_gph.supervisor_2nd_group[0])\n        contract_gph_page.open_contract_page()\n        contract_gph_page.approve_contract_modal_window(contract_gph.contract_gph_name)\n        contract_gph_process_page.open_contract()\n        logger.info(f\"find contract {contract_gph.contract_gph_name}\")\n        contract_gph_list_page.find_contract_gph(contract_gph.contract_gph_name)\n        contract_gph_page.approve_supervisor_2nd_group_1.should(be.visible)\n        #     # supervisor_2nd_group_2\n        logger.info(f\"login {contract_gph.supervisor_2nd_group[1].fullname}\")\n        admin_panel.auth_as_user(contract_gph.supervisor_2nd_group[1])\n        contract_gph_page.open_contract_page()\n        contract_gph_page.approve_contract_modal_window(contract_gph.contract_gph_name)\n        contract_gph_process_page.open_contract()\n        logger.info(f\"find contract {contract_gph.contract_gph_name}\")\n        contract_gph_list_page.find_contract_gph(contract_gph.contract_gph_name)\n        contract_gph_page.approve_supervisor_2nd_group_2.should(be.visible)\n        #     # supervisor_2nd_group_3\n        logger.info(f\"login {contract_gph.supervisor_2nd_group[2].fullname}\")\n        admin_panel.auth_as_user(contract_gph.supervisor_2nd_group[2])\n        contract_gph_page.open_contract_page()\n        contract_gph_page.approve_contract_modal_window(contract_gph.contract_gph_name)\n        contract_gph_process_page.open_contract()\n        logger.info(f\"find contract {contract_gph.contract_gph_name}\")\n        contract_gph_list_page.find_contract_gph(contract_gph.contract_gph_name)\n        contract_gph_page.approve_supervisor_2nd_group_3.should(be.visible)\n        #     # supervisor_2nd_group_4\n        logger.info(f\"login {contract_gph.supervisor_2nd_group[3].fullname}\")\n        admin_panel.auth_as_user(contract_gph.supervisor_2nd_group[3])\n        contract_gph_page.open_contract_page()\n        contract_gph_page.approve_contract_modal_window(contract_gph.contract_gph_name)\n        contract_gph_process_page.open_contract()\n        logger.info(f\"find contract {contract_gph.contract_gph_name}\")\n        contract_gph_list_page.find_contract_gph(contract_gph.contract_gph_name)\n        contract_gph_page.approve_supervisor_2nd_group_4.should(be.visible)\n        # supervisor_3nd_group_1\n        logger.info(f\"login {contract_gph.supervisor_3nd_group[0].fullname}\")\n        admin_panel.auth_as_user(contract_gph.supervisor_3nd_group[0])\n        contract_gph_page.open_contract_page()\n        contract_gph_page.approve_contract_modal_window(contract_gph.contract_gph_name)\n        contract_gph_process_page.open_contract()\n        logger.info(f\"find contract {contract_gph.contract_gph_name}\")\n        contract_gph_list_page.find_contract_gph(contract_gph.contract_gph_name)\n        contract_gph_page.supervisor_3nd_group_1.should(be.visible)\n        # supervisor_3nd_group_2\n        logger.info(f\"login {contract_gph.supervisor_3nd_group[1].fullname}\")\n        admin_panel.auth_as_user(contract_gph.supervisor_3nd_group[1])\n        contract_gph_page.open_contract_page()\n        contract_gph_page.approve_contract_modal_window(contract_gph.contract_gph_name)\n        contract_gph_process_page.open_contract()\n        logger.info(f\"find contract {contract_gph.contract_gph_name}\")\n        contract_gph_list_page.find_contract_gph(contract_gph.contract_gph_name)\n        contract_gph_page.supervisor_3nd_group_2.should(be.visible)\n        # Singer approval\n        logger.info(f'login \"{contract_gph.signer.fullname}\".')\n        admin_panel.auth_as_user(contract_gph.signer)\n        contract_gph_page.open_contract_page()\n>       contract_gph_page.approve_on_check_box(contract_gph.contract_gph_id)\n\ntests/test_contracts_gph/test_business_process_contract_gph_standart.py:85: \n_ _ _ _ _ _ _ _ _ _ _ _ _ _ _ _ _ _ _ _ _ _ _ _ _ _ _ _ _ _ _ _ _ _ _ _ _ _ _ _ \npages/document_management/contracts_gph/contract_gph_page.py:166: in approve_on_check_box\n    self.approve_bottom.click()\n/usr/local/lib/python3.8/dist-packages/selene/core/entity.py:325: in click\n    self.wait.command('click', lambda element: element().click())\n/usr/local/lib/python3.8/dist-packages/selene/core/wait.py:136: in command\n    self.for_(Command(description, fn))\n_ _ _ _ _ _ _ _ _ _ _ _ _ _ _ _ _ _ _ _ _ _ _ _ _ _ _ _ _ _ _ _ _ _ _ _ _ _ _ _ \n\nself = <selene.core.wait.Wait object at 0x7f2ea00ba820>\nfn = <selene.core.wait.Command object at 0x7f2ea00ba8e0>\n\n        def for_(self, fn: Callable[[E], R]) -> R:\n            finish_time = time.time() + self._timeout\n    \n            while True:\n                try:\n                    return fn(self._entity)\n                except Exception as reason:\n                    if time.time() > finish_time:\n    \n                        reason_message = str(reason)\n    \n                        reason_string = '{name}: {message}'.format(\n                            name=reason.__class__.__name__, message=reason_message\n                        )\n                        # todo: think on how can we improve logging failures in selene, e.g. reverse msg and stacktrace\n                        # stacktrace = getattr(reason, 'stacktrace', None)\n                        timeout = self._timeout\n                        entity = self._entity\n    \n                        failure = TimeoutException(\n                            f'''\n    \n    Timed out after {timeout}s, while waiting for:\n    {entity}.{fn}\n    \n    Reason: {reason_string}'''\n                        )\n    \n>                       raise self._hook_failure(failure)\nE                       selene.core.exceptions.TimeoutException: Message: \nE                       \nE                       Timed out after 10s, while waiting for:\nE                       browser.element(('css selector', '#popup-window-content-menu-popup-action_button_bizproc_task_list_control_menu > div > div > span:nth-child(2) > span.menu-popup-item-text > span')).click\nE                       \nE                       Reason: NoSuchElementException: Message: no such element: Unable to locate element: {\"method\":\"css selector\",\"selector\":\"#popup-window-content-menu-popup-action_button_bizproc_task_list_control_menu > div > div > span:nth-child(2) > span.menu-popup-item-text > span\"}\nE                         (Session info: chrome=97.0.4692.99)\nE                       \nE                       Screenshot: file:///home/seluser/.selene/screenshots/1644506296801/1644506296809.png\nE                       PageSource: file:///home/seluser/.selene/screenshots/1644506296801/1644506296809.html\n\n/usr/local/lib/python3.8/dist-packages/selene/core/wait.py:125: TimeoutException",
  "flaky" : false,
  "newFailed" : false,
  "newBroken" : false,
  "newPassed" : false,
  "retriesCount" : 0,
  "retriesStatusChange" : false,
  "beforeStages" : [ {
    "name" : "_session_faker",
    "time" : {
      "start" : 1644506297641,
      "stop" : 1644506297732,
      "duration" : 91
    },
    "status" : "passed",
    "steps" : [ ],
    "attachments" : [ ],
    "parameters" : [ ],
    "stepsCount" : 0,
    "attachmentsCount" : 0,
    "shouldDisplayMessage" : false,
    "hasContent" : false
  }, {
    "name" : "auth_admin",
    "time" : {
      "start" : 1644506297732,
      "stop" : 1644506313078,
      "duration" : 15346
    },
    "status" : "passed",
    "steps" : [ ],
    "attachments" : [ ],
    "parameters" : [ ],
    "stepsCount" : 0,
    "attachmentsCount" : 0,
    "shouldDisplayMessage" : false,
    "hasContent" : false
  }, {
    "name" : "for_contract_gph_standart",
    "time" : {
      "start" : 1644508658738,
      "stop" : 1644508686657,
      "duration" : 27919
    },
    "status" : "passed",
    "steps" : [ {
      "name" : "Авторизоваться на портале под ответственным пользователем",
      "time" : {
        "start" : 1644508658738,
        "stop" : 1644508666347,
        "duration" : 7609
      },
      "status" : "passed",
      "steps" : [ {
        "name" : "Авторизоваться под администратором портала",
        "time" : {
          "start" : 1644508658738,
          "stop" : 1644508659342,
          "duration" : 604
        },
        "status" : "passed",
        "steps" : [ ],
        "attachments" : [ ],
        "parameters" : [ ],
        "stepsCount" : 0,
        "attachmentsCount" : 0,
        "shouldDisplayMessage" : false,
        "hasContent" : false
      } ],
      "attachments" : [ ],
      "parameters" : [ {
        "name" : "user",
        "value" : "<common.user.User object at 0x7f2ed54877f0>"
      } ],
      "stepsCount" : 1,
      "attachmentsCount" : 0,
      "shouldDisplayMessage" : false,
      "hasContent" : true
    }, {
      "name" : "Open contract create page",
      "time" : {
        "start" : 1644508674115,
        "stop" : 1644508677765,
        "duration" : 3650
      },
      "status" : "passed",
      "steps" : [ ],
      "attachments" : [ ],
      "parameters" : [ ],
      "stepsCount" : 0,
      "attachmentsCount" : 0,
      "shouldDisplayMessage" : false,
      "hasContent" : false
    }, {
      "name" : "Заполнить обязательные поля",
      "time" : {
        "start" : 1644508677765,
        "stop" : 1644508679873,
        "duration" : 2108
      },
      "status" : "passed",
      "steps" : [ ],
      "attachments" : [ ],
      "parameters" : [ {
        "name" : "data",
        "value" : "<models.contract_gph_data.ContractGPHRandom object at 0x7f2ec94b7a00>"
      } ],
      "stepsCount" : 0,
      "attachmentsCount" : 0,
      "shouldDisplayMessage" : false,
      "hasContent" : true
    }, {
      "name" : "Сохранение договора",
      "time" : {
        "start" : 1644508679874,
        "stop" : 1644508686589,
        "duration" : 6715
      },
      "status" : "passed",
      "steps" : [ ],
      "attachments" : [ ],
      "parameters" : [ ],
      "stepsCount" : 0,
      "attachmentsCount" : 0,
      "shouldDisplayMessage" : false,
      "hasContent" : false
    }, {
      "name" : "Получение номера договора",
      "time" : {
        "start" : 1644508686589,
        "stop" : 1644508686617,
        "duration" : 28
      },
      "status" : "passed",
      "steps" : [ ],
      "attachments" : [ ],
      "parameters" : [ ],
      "stepsCount" : 0,
      "attachmentsCount" : 0,
      "shouldDisplayMessage" : false,
      "hasContent" : false
    }, {
      "name" : "Получение номера договора",
      "time" : {
        "start" : 1644508686617,
        "stop" : 1644508686643,
        "duration" : 26
      },
      "status" : "passed",
      "steps" : [ ],
      "attachments" : [ ],
      "parameters" : [ ],
      "stepsCount" : 0,
      "attachmentsCount" : 0,
      "shouldDisplayMessage" : false,
      "hasContent" : false
    }, {
      "name" : "ASSERT",
      "time" : {
        "start" : 1644508686644,
        "stop" : 1644508686657,
        "duration" : 13
      },
      "status" : "passed",
      "steps" : [ ],
      "attachments" : [ ],
      "parameters" : [ {
        "name" : "contract_gph",
        "value" : "'Договор ГПХ стандартный шаблон тест2 15:57:46.347516'"
      } ],
      "stepsCount" : 0,
      "attachmentsCount" : 0,
      "shouldDisplayMessage" : false,
      "hasContent" : true
    } ],
    "attachments" : [ ],
    "parameters" : [ ],
    "stepsCount" : 8,
    "attachmentsCount" : 0,
    "shouldDisplayMessage" : false,
    "hasContent" : true
  } ],
  "testStage" : {
    "description" : "\n        Договор ГПХ руководитель проректор - стандартное простое прохождение\n        https://tfs.university.innopolis.ru/tfs/DefaultCollection/%D0%92%D0%BD%D1%83%D1%82%D1%80%D0%B5%D0%BD%D0%BD%D1%8F%D1%8F%20%D1%80%D0%B0%D0%B7%D1%80%D0%B0%D0%B1%D0%BE%D1%82%D0%BA%D0%B0/_workitems/edit/60454\n        Consideration of the first group of approvers (varies for each user)\n        ",
    "status" : "failed",
    "statusMessage" : "selene.core.exceptions.TimeoutException: Message: \n\nTimed out after 10s, while waiting for:\nbrowser.element(('css selector', '#popup-window-content-menu-popup-action_button_bizproc_task_list_control_menu > div > div > span:nth-child(2) > span.menu-popup-item-text > span')).click\n\nReason: NoSuchElementException: Message: no such element: Unable to locate element: {\"method\":\"css selector\",\"selector\":\"#popup-window-content-menu-popup-action_button_bizproc_task_list_control_menu > div > div > span:nth-child(2) > span.menu-popup-item-text > span\"}\n  (Session info: chrome=97.0.4692.99)\n\nScreenshot: file:///home/seluser/.selene/screenshots/1644506296801/1644506296809.png\nPageSource: file:///home/seluser/.selene/screenshots/1644506296801/1644506296809.html",
    "statusTrace" : "self = <selene.core.wait.Wait object at 0x7f2ea00ba820>\nfn = <selene.core.wait.Command object at 0x7f2ea00ba8e0>\n\n    def for_(self, fn: Callable[[E], R]) -> R:\n        finish_time = time.time() + self._timeout\n    \n        while True:\n            try:\n>               return fn(self._entity)\n\n/usr/local/lib/python3.8/dist-packages/selene/core/wait.py:102: \n_ _ _ _ _ _ _ _ _ _ _ _ _ _ _ _ _ _ _ _ _ _ _ _ _ _ _ _ _ _ _ _ _ _ _ _ _ _ _ _ \n\nself = <selene.core.wait.Command object at 0x7f2ea00ba8e0>\nentity = <selene.core.entity.Element object at 0x7f2ea03ada60>\n\n    def __call__(self, entity: T) -> R:\n>       return self._fn(entity)\n\n/usr/local/lib/python3.8/dist-packages/selene/core/wait.py:56: \n_ _ _ _ _ _ _ _ _ _ _ _ _ _ _ _ _ _ _ _ _ _ _ _ _ _ _ _ _ _ _ _ _ _ _ _ _ _ _ _ \n\nelement = <selene.core.entity.Element object at 0x7f2ea03ada60>\n\n>   self.wait.command('click', lambda element: element().click())\n\n/usr/local/lib/python3.8/dist-packages/selene/core/entity.py:325: \n_ _ _ _ _ _ _ _ _ _ _ _ _ _ _ _ _ _ _ _ _ _ _ _ _ _ _ _ _ _ _ _ _ _ _ _ _ _ _ _ \n\nself = <selene.core.entity.Element object at 0x7f2ea03ada60>\n\n    def __call__(self) -> WebElement:\n>       return self._locator()\n\n/usr/local/lib/python3.8/dist-packages/selene/core/entity.py:174: \n_ _ _ _ _ _ _ _ _ _ _ _ _ _ _ _ _ _ _ _ _ _ _ _ _ _ _ _ _ _ _ _ _ _ _ _ _ _ _ _ \n\nself = <selene.core.locator.Locator object at 0x7f2ea03ad9a0>\n\n    def __call__(self) -> T:\n>       return self._locate()\n\n/usr/local/lib/python3.8/dist-packages/selene/core/locator.py:34: \n_ _ _ _ _ _ _ _ _ _ _ _ _ _ _ _ _ _ _ _ _ _ _ _ _ _ _ _ _ _ _ _ _ _ _ _ _ _ _ _ \n\n>           f'{self}.element({by})', lambda: self.driver.find_element(*by)\n        ),\n        self.config,\n    )\n\n/usr/local/lib/python3.8/dist-packages/selene/core/entity.py:1367: \n_ _ _ _ _ _ _ _ _ _ _ _ _ _ _ _ _ _ _ _ _ _ _ _ _ _ _ _ _ _ _ _ _ _ _ _ _ _ _ _ \n\nself = <selenium.webdriver.chrome.webdriver.WebDriver (session=\"ef22365b1f8974361382f87b597fb334\")>\nby = 'css selector'\nvalue = '#popup-window-content-menu-popup-action_button_bizproc_task_list_control_menu > div > div > span:nth-child(2) > span.menu-popup-item-text > span'\n\n    def find_element(self, by=By.ID, value=None):\n        \"\"\"\n        Find an element given a By strategy and locator. Prefer the find_element_by_* methods when\n        possible.\n    \n        :Usage:\n            element = driver.find_element(By.ID, 'foo')\n    \n        :rtype: WebElement\n        \"\"\"\n        if self.w3c:\n            if by == By.ID:\n                by = By.CSS_SELECTOR\n                value = '[id=\"%s\"]' % value\n            elif by == By.TAG_NAME:\n                by = By.CSS_SELECTOR\n            elif by == By.CLASS_NAME:\n                by = By.CSS_SELECTOR\n                value = \".%s\" % value\n            elif by == By.NAME:\n                by = By.CSS_SELECTOR\n                value = '[name=\"%s\"]' % value\n>       return self.execute(Command.FIND_ELEMENT, {\n            'using': by,\n            'value': value})['value']\n\n/usr/local/lib/python3.8/dist-packages/selenium/webdriver/remote/webdriver.py:976: \n_ _ _ _ _ _ _ _ _ _ _ _ _ _ _ _ _ _ _ _ _ _ _ _ _ _ _ _ _ _ _ _ _ _ _ _ _ _ _ _ \n\nself = <selenium.webdriver.chrome.webdriver.WebDriver (session=\"ef22365b1f8974361382f87b597fb334\")>\ndriver_command = 'findElement'\nparams = {'using': 'css selector', 'value': '#popup-window-content-menu-popup-action_button_bizproc_task_list_control_menu > div > div > span:nth-child(2) > span.menu-popup-item-text > span'}\n\n    def execute(self, driver_command, params=None):\n        \"\"\"\n        Sends a command to be executed by a command.CommandExecutor.\n    \n        :Args:\n         - driver_command: The name of the command to execute as a string.\n         - params: A dictionary of named parameters to send with the command.\n    \n        :Returns:\n          The command's JSON response loaded into a dictionary object.\n        \"\"\"\n        if self.session_id is not None:\n            if not params:\n                params = {'sessionId': self.session_id}\n            elif 'sessionId' not in params:\n                params['sessionId'] = self.session_id\n    \n        params = self._wrap_value(params)\n        response = self.command_executor.execute(driver_command, params)\n        if response:\n>           self.error_handler.check_response(response)\n\n/usr/local/lib/python3.8/dist-packages/selenium/webdriver/remote/webdriver.py:321: \n_ _ _ _ _ _ _ _ _ _ _ _ _ _ _ _ _ _ _ _ _ _ _ _ _ _ _ _ _ _ _ _ _ _ _ _ _ _ _ _ \n\nself = <selenium.webdriver.remote.errorhandler.ErrorHandler object at 0x7f2ed54ec9d0>\nresponse = {'status': 404, 'value': '{\"value\":{\"error\":\"no such element\",\"message\":\"no such element: Unable to locate element: {\\...\\\\n#16 0x5649dc4c9c68 \\\\u003Cunknown>\\\\n#17 0x5649dc4e4aad \\\\u003Cunknown>\\\\n#18 0x7fa5b3edc609 \\\\u003Cunknown>\\\\n\"}}'}\n\n    def check_response(self, response):\n        \"\"\"\n        Checks that a JSON response from the WebDriver does not have an error.\n    \n        :Args:\n         - response - The JSON response from the WebDriver server as a dictionary\n           object.\n    \n        :Raises: If the response contains an error message.\n        \"\"\"\n        status = response.get('status', None)\n        if status is None or status == ErrorCode.SUCCESS:\n            return\n        value = None\n        message = response.get(\"message\", \"\")\n        screen = response.get(\"screen\", \"\")\n        stacktrace = None\n        if isinstance(status, int):\n            value_json = response.get('value', None)\n            if value_json and isinstance(value_json, basestring):\n                import json\n                try:\n                    value = json.loads(value_json)\n                    if len(value.keys()) == 1:\n                        value = value['value']\n                    status = value.get('error', None)\n                    if status is None:\n                        status = value[\"status\"]\n                        message = value[\"value\"]\n                        if not isinstance(message, basestring):\n                            value = message\n                            message = message.get('message')\n                    else:\n                        message = value.get('message', None)\n                except ValueError:\n                    pass\n    \n        exception_class = ErrorInResponseException\n        if status in ErrorCode.NO_SUCH_ELEMENT:\n            exception_class = NoSuchElementException\n        elif status in ErrorCode.NO_SUCH_FRAME:\n            exception_class = NoSuchFrameException\n        elif status in ErrorCode.NO_SUCH_WINDOW:\n            exception_class = NoSuchWindowException\n        elif status in ErrorCode.STALE_ELEMENT_REFERENCE:\n            exception_class = StaleElementReferenceException\n        elif status in ErrorCode.ELEMENT_NOT_VISIBLE:\n            exception_class = ElementNotVisibleException\n        elif status in ErrorCode.INVALID_ELEMENT_STATE:\n            exception_class = InvalidElementStateException\n        elif status in ErrorCode.INVALID_SELECTOR \\\n                or status in ErrorCode.INVALID_XPATH_SELECTOR \\\n                or status in ErrorCode.INVALID_XPATH_SELECTOR_RETURN_TYPER:\n            exception_class = InvalidSelectorException\n        elif status in ErrorCode.ELEMENT_IS_NOT_SELECTABLE:\n            exception_class = ElementNotSelectableException\n        elif status in ErrorCode.ELEMENT_NOT_INTERACTABLE:\n            exception_class = ElementNotInteractableException\n        elif status in ErrorCode.INVALID_COOKIE_DOMAIN:\n            exception_class = InvalidCookieDomainException\n        elif status in ErrorCode.UNABLE_TO_SET_COOKIE:\n            exception_class = UnableToSetCookieException\n        elif status in ErrorCode.TIMEOUT:\n            exception_class = TimeoutException\n        elif status in ErrorCode.SCRIPT_TIMEOUT:\n            exception_class = TimeoutException\n        elif status in ErrorCode.UNKNOWN_ERROR:\n            exception_class = WebDriverException\n        elif status in ErrorCode.UNEXPECTED_ALERT_OPEN:\n            exception_class = UnexpectedAlertPresentException\n        elif status in ErrorCode.NO_ALERT_OPEN:\n            exception_class = NoAlertPresentException\n        elif status in ErrorCode.IME_NOT_AVAILABLE:\n            exception_class = ImeNotAvailableException\n        elif status in ErrorCode.IME_ENGINE_ACTIVATION_FAILED:\n            exception_class = ImeActivationFailedException\n        elif status in ErrorCode.MOVE_TARGET_OUT_OF_BOUNDS:\n            exception_class = MoveTargetOutOfBoundsException\n        elif status in ErrorCode.JAVASCRIPT_ERROR:\n            exception_class = JavascriptException\n        elif status in ErrorCode.SESSION_NOT_CREATED:\n            exception_class = SessionNotCreatedException\n        elif status in ErrorCode.INVALID_ARGUMENT:\n            exception_class = InvalidArgumentException\n        elif status in ErrorCode.NO_SUCH_COOKIE:\n            exception_class = NoSuchCookieException\n        elif status in ErrorCode.UNABLE_TO_CAPTURE_SCREEN:\n            exception_class = ScreenshotException\n        elif status in ErrorCode.ELEMENT_CLICK_INTERCEPTED:\n            exception_class = ElementClickInterceptedException\n        elif status in ErrorCode.INSECURE_CERTIFICATE:\n            exception_class = InsecureCertificateException\n        elif status in ErrorCode.INVALID_COORDINATES:\n            exception_class = InvalidCoordinatesException\n        elif status in ErrorCode.INVALID_SESSION_ID:\n            exception_class = InvalidSessionIdException\n        elif status in ErrorCode.UNKNOWN_METHOD:\n            exception_class = UnknownMethodException\n        else:\n            exception_class = WebDriverException\n        if value == '' or value is None:\n            value = response['value']\n        if isinstance(value, basestring):\n            if exception_class == ErrorInResponseException:\n                raise exception_class(response, value)\n            raise exception_class(value)\n        if message == \"\" and 'message' in value:\n            message = value['message']\n    \n        screen = None\n        if 'screen' in value:\n            screen = value['screen']\n    \n        stacktrace = None\n        if 'stackTrace' in value and value['stackTrace']:\n            stacktrace = []\n            try:\n                for frame in value['stackTrace']:\n                    line = self._value_or_default(frame, 'lineNumber', '')\n                    file = self._value_or_default(frame, 'fileName', '<anonymous>')\n                    if line:\n                        file = \"%s:%s\" % (file, line)\n                    meth = self._value_or_default(frame, 'methodName', '<anonymous>')\n                    if 'className' in frame:\n                        meth = \"%s.%s\" % (frame['className'], meth)\n                    msg = \"    at %s (%s)\"\n                    msg = msg % (meth, file)\n                    stacktrace.append(msg)\n            except TypeError:\n                pass\n        if exception_class == ErrorInResponseException:\n            raise exception_class(response, message)\n        elif exception_class == UnexpectedAlertPresentException:\n            alert_text = None\n            if 'data' in value:\n                alert_text = value['data'].get('text')\n            elif 'alert' in value:\n                alert_text = value['alert'].get('text')\n            raise exception_class(message, screen, stacktrace, alert_text)\n>       raise exception_class(message, screen, stacktrace)\nE       selenium.common.exceptions.NoSuchElementException: Message: no such element: Unable to locate element: {\"method\":\"css selector\",\"selector\":\"#popup-window-content-menu-popup-action_button_bizproc_task_list_control_menu > div > div > span:nth-child(2) > span.menu-popup-item-text > span\"}\nE         (Session info: chrome=97.0.4692.99)\n\n/usr/local/lib/python3.8/dist-packages/selenium/webdriver/remote/errorhandler.py:242: NoSuchElementException\n\nDuring handling of the above exception, another exception occurred:\n\nself = <tests.test_contracts_gph.test_business_process_contract_gph_standart.TestContractGPH object at 0x7f2ec94b7280>\nfor_contract_gph_standart = <models.contract_gph_data.ContractGPH object at 0x7f2ec94b7bb0>\n\n    @pytest.mark.smoke\n    def test_contract_gph_standart(self, for_contract_gph_standart):\n        \"\"\"\n        Договор ГПХ руководитель проректор - стандартное простое прохождение\n        https://tfs.university.innopolis.ru/tfs/DefaultCollection/%D0%92%D0%BD%D1%83%D1%82%D1%80%D0%B5%D0%BD%D0%BD%D1%8F%D1%8F%20%D1%80%D0%B0%D0%B7%D1%80%D0%B0%D0%B1%D0%BE%D1%82%D0%BA%D0%B0/_workitems/edit/60454\n        Consideration of the first group of approvers (varies for each user)\n        \"\"\"\n        contract_gph = for_contract_gph_standart\n        contract_gph_page.send_consideration()\n        # supervisor_2nd_group_1\n        logger.info(f\"login {contract_gph.supervisor_2nd_group[0].fullname}\")\n        admin_panel.auth_as_user(contract_gph.supervisor_2nd_group[0])\n        contract_gph_page.open_contract_page()\n        contract_gph_page.approve_contract_modal_window(contract_gph.contract_gph_name)\n        contract_gph_process_page.open_contract()\n        logger.info(f\"find contract {contract_gph.contract_gph_name}\")\n        contract_gph_list_page.find_contract_gph(contract_gph.contract_gph_name)\n        contract_gph_page.approve_supervisor_2nd_group_1.should(be.visible)\n        #     # supervisor_2nd_group_2\n        logger.info(f\"login {contract_gph.supervisor_2nd_group[1].fullname}\")\n        admin_panel.auth_as_user(contract_gph.supervisor_2nd_group[1])\n        contract_gph_page.open_contract_page()\n        contract_gph_page.approve_contract_modal_window(contract_gph.contract_gph_name)\n        contract_gph_process_page.open_contract()\n        logger.info(f\"find contract {contract_gph.contract_gph_name}\")\n        contract_gph_list_page.find_contract_gph(contract_gph.contract_gph_name)\n        contract_gph_page.approve_supervisor_2nd_group_2.should(be.visible)\n        #     # supervisor_2nd_group_3\n        logger.info(f\"login {contract_gph.supervisor_2nd_group[2].fullname}\")\n        admin_panel.auth_as_user(contract_gph.supervisor_2nd_group[2])\n        contract_gph_page.open_contract_page()\n        contract_gph_page.approve_contract_modal_window(contract_gph.contract_gph_name)\n        contract_gph_process_page.open_contract()\n        logger.info(f\"find contract {contract_gph.contract_gph_name}\")\n        contract_gph_list_page.find_contract_gph(contract_gph.contract_gph_name)\n        contract_gph_page.approve_supervisor_2nd_group_3.should(be.visible)\n        #     # supervisor_2nd_group_4\n        logger.info(f\"login {contract_gph.supervisor_2nd_group[3].fullname}\")\n        admin_panel.auth_as_user(contract_gph.supervisor_2nd_group[3])\n        contract_gph_page.open_contract_page()\n        contract_gph_page.approve_contract_modal_window(contract_gph.contract_gph_name)\n        contract_gph_process_page.open_contract()\n        logger.info(f\"find contract {contract_gph.contract_gph_name}\")\n        contract_gph_list_page.find_contract_gph(contract_gph.contract_gph_name)\n        contract_gph_page.approve_supervisor_2nd_group_4.should(be.visible)\n        # supervisor_3nd_group_1\n        logger.info(f\"login {contract_gph.supervisor_3nd_group[0].fullname}\")\n        admin_panel.auth_as_user(contract_gph.supervisor_3nd_group[0])\n        contract_gph_page.open_contract_page()\n        contract_gph_page.approve_contract_modal_window(contract_gph.contract_gph_name)\n        contract_gph_process_page.open_contract()\n        logger.info(f\"find contract {contract_gph.contract_gph_name}\")\n        contract_gph_list_page.find_contract_gph(contract_gph.contract_gph_name)\n        contract_gph_page.supervisor_3nd_group_1.should(be.visible)\n        # supervisor_3nd_group_2\n        logger.info(f\"login {contract_gph.supervisor_3nd_group[1].fullname}\")\n        admin_panel.auth_as_user(contract_gph.supervisor_3nd_group[1])\n        contract_gph_page.open_contract_page()\n        contract_gph_page.approve_contract_modal_window(contract_gph.contract_gph_name)\n        contract_gph_process_page.open_contract()\n        logger.info(f\"find contract {contract_gph.contract_gph_name}\")\n        contract_gph_list_page.find_contract_gph(contract_gph.contract_gph_name)\n        contract_gph_page.supervisor_3nd_group_2.should(be.visible)\n        # Singer approval\n        logger.info(f'login \"{contract_gph.signer.fullname}\".')\n        admin_panel.auth_as_user(contract_gph.signer)\n        contract_gph_page.open_contract_page()\n>       contract_gph_page.approve_on_check_box(contract_gph.contract_gph_id)\n\ntests/test_contracts_gph/test_business_process_contract_gph_standart.py:85: \n_ _ _ _ _ _ _ _ _ _ _ _ _ _ _ _ _ _ _ _ _ _ _ _ _ _ _ _ _ _ _ _ _ _ _ _ _ _ _ _ \npages/document_management/contracts_gph/contract_gph_page.py:166: in approve_on_check_box\n    self.approve_bottom.click()\n/usr/local/lib/python3.8/dist-packages/selene/core/entity.py:325: in click\n    self.wait.command('click', lambda element: element().click())\n/usr/local/lib/python3.8/dist-packages/selene/core/wait.py:136: in command\n    self.for_(Command(description, fn))\n_ _ _ _ _ _ _ _ _ _ _ _ _ _ _ _ _ _ _ _ _ _ _ _ _ _ _ _ _ _ _ _ _ _ _ _ _ _ _ _ \n\nself = <selene.core.wait.Wait object at 0x7f2ea00ba820>\nfn = <selene.core.wait.Command object at 0x7f2ea00ba8e0>\n\n        def for_(self, fn: Callable[[E], R]) -> R:\n            finish_time = time.time() + self._timeout\n    \n            while True:\n                try:\n                    return fn(self._entity)\n                except Exception as reason:\n                    if time.time() > finish_time:\n    \n                        reason_message = str(reason)\n    \n                        reason_string = '{name}: {message}'.format(\n                            name=reason.__class__.__name__, message=reason_message\n                        )\n                        # todo: think on how can we improve logging failures in selene, e.g. reverse msg and stacktrace\n                        # stacktrace = getattr(reason, 'stacktrace', None)\n                        timeout = self._timeout\n                        entity = self._entity\n    \n                        failure = TimeoutException(\n                            f'''\n    \n    Timed out after {timeout}s, while waiting for:\n    {entity}.{fn}\n    \n    Reason: {reason_string}'''\n                        )\n    \n>                       raise self._hook_failure(failure)\nE                       selene.core.exceptions.TimeoutException: Message: \nE                       \nE                       Timed out after 10s, while waiting for:\nE                       browser.element(('css selector', '#popup-window-content-menu-popup-action_button_bizproc_task_list_control_menu > div > div > span:nth-child(2) > span.menu-popup-item-text > span')).click\nE                       \nE                       Reason: NoSuchElementException: Message: no such element: Unable to locate element: {\"method\":\"css selector\",\"selector\":\"#popup-window-content-menu-popup-action_button_bizproc_task_list_control_menu > div > div > span:nth-child(2) > span.menu-popup-item-text > span\"}\nE                         (Session info: chrome=97.0.4692.99)\nE                       \nE                       Screenshot: file:///home/seluser/.selene/screenshots/1644506296801/1644506296809.png\nE                       PageSource: file:///home/seluser/.selene/screenshots/1644506296801/1644506296809.html\n\n/usr/local/lib/python3.8/dist-packages/selene/core/wait.py:125: TimeoutException",
    "steps" : [ {
      "name" : "Send for consideration",
      "time" : {
        "start" : 1644508686658,
        "stop" : 1644508694047,
        "duration" : 7389
      },
      "status" : "passed",
      "steps" : [ ],
      "attachments" : [ ],
      "parameters" : [ ],
      "stepsCount" : 0,
      "attachmentsCount" : 0,
      "shouldDisplayMessage" : false,
      "hasContent" : false
    }, {
      "name" : "Авторизоваться на портале под ответственным пользователем",
      "time" : {
        "start" : 1644508694048,
        "stop" : 1644508703257,
        "duration" : 9209
      },
      "status" : "passed",
      "steps" : [ {
        "name" : "Авторизоваться под администратором портала",
        "time" : {
          "start" : 1644508694048,
          "stop" : 1644508694654,
          "duration" : 606
        },
        "status" : "passed",
        "steps" : [ ],
        "attachments" : [ ],
        "parameters" : [ ],
        "stepsCount" : 0,
        "attachmentsCount" : 0,
        "shouldDisplayMessage" : false,
        "hasContent" : false
      } ],
      "attachments" : [ ],
      "parameters" : [ {
        "name" : "user",
        "value" : "<common.user.User object at 0x7f2ed5487940>"
      } ],
      "stepsCount" : 1,
      "attachmentsCount" : 0,
      "shouldDisplayMessage" : false,
      "hasContent" : true
    }, {
      "name" : "Open contract page",
      "time" : {
        "start" : 1644508703257,
        "stop" : 1644508712686,
        "duration" : 9429
      },
      "status" : "passed",
      "steps" : [ ],
      "attachments" : [ ],
      "parameters" : [ ],
      "stepsCount" : 0,
      "attachmentsCount" : 0,
      "shouldDisplayMessage" : false,
      "hasContent" : false
    }, {
      "name" : "Approve contract modal window",
      "time" : {
        "start" : 1644508712686,
        "stop" : 1644508713395,
        "duration" : 709
      },
      "status" : "passed",
      "steps" : [ ],
      "attachments" : [ ],
      "parameters" : [ {
        "name" : "title",
        "value" : "'Договор ГПХ стандартный шаблон тест2 15:57:46.347516'"
      } ],
      "stepsCount" : 0,
      "attachmentsCount" : 0,
      "shouldDisplayMessage" : false,
      "hasContent" : true
    }, {
      "name" : "Авторизоваться на портале под ответственным пользователем",
      "time" : {
        "start" : 1644508727009,
        "stop" : 1644508735643,
        "duration" : 8634
      },
      "status" : "passed",
      "steps" : [ {
        "name" : "Авторизоваться под администратором портала",
        "time" : {
          "start" : 1644508727009,
          "stop" : 1644508727655,
          "duration" : 646
        },
        "status" : "passed",
        "steps" : [ ],
        "attachments" : [ ],
        "parameters" : [ ],
        "stepsCount" : 0,
        "attachmentsCount" : 0,
        "shouldDisplayMessage" : false,
        "hasContent" : false
      } ],
      "attachments" : [ ],
      "parameters" : [ {
        "name" : "user",
        "value" : "<common.user.User object at 0x7f2ed54878b0>"
      } ],
      "stepsCount" : 1,
      "attachmentsCount" : 0,
      "shouldDisplayMessage" : false,
      "hasContent" : true
    }, {
      "name" : "Open contract page",
      "time" : {
        "start" : 1644508735643,
        "stop" : 1644508745807,
        "duration" : 10164
      },
      "status" : "passed",
      "steps" : [ ],
      "attachments" : [ ],
      "parameters" : [ ],
      "stepsCount" : 0,
      "attachmentsCount" : 0,
      "shouldDisplayMessage" : false,
      "hasContent" : false
    }, {
      "name" : "Approve contract modal window",
      "time" : {
        "start" : 1644508745807,
        "stop" : 1644508746550,
        "duration" : 743
      },
      "status" : "passed",
      "steps" : [ ],
      "attachments" : [ ],
      "parameters" : [ {
        "name" : "title",
        "value" : "'Договор ГПХ стандартный шаблон тест2 15:57:46.347516'"
      } ],
      "stepsCount" : 0,
      "attachmentsCount" : 0,
      "shouldDisplayMessage" : false,
      "hasContent" : true
    }, {
      "name" : "Авторизоваться на портале под ответственным пользователем",
      "time" : {
        "start" : 1644508761616,
        "stop" : 1644508770201,
        "duration" : 8585
      },
      "status" : "passed",
      "steps" : [ {
        "name" : "Авторизоваться под администратором портала",
        "time" : {
          "start" : 1644508761617,
          "stop" : 1644508762245,
          "duration" : 628
        },
        "status" : "passed",
        "steps" : [ ],
        "attachments" : [ ],
        "parameters" : [ ],
        "stepsCount" : 0,
        "attachmentsCount" : 0,
        "shouldDisplayMessage" : false,
        "hasContent" : false
      } ],
      "attachments" : [ ],
      "parameters" : [ {
        "name" : "user",
        "value" : "<common.user.User object at 0x7f2ed5487220>"
      } ],
      "stepsCount" : 1,
      "attachmentsCount" : 0,
      "shouldDisplayMessage" : false,
      "hasContent" : true
    }, {
      "name" : "Open contract page",
      "time" : {
        "start" : 1644508770202,
        "stop" : 1644508778662,
        "duration" : 8460
      },
      "status" : "passed",
      "steps" : [ ],
      "attachments" : [ ],
      "parameters" : [ ],
      "stepsCount" : 0,
      "attachmentsCount" : 0,
      "shouldDisplayMessage" : false,
      "hasContent" : false
    }, {
      "name" : "Approve contract modal window",
      "time" : {
        "start" : 1644508778662,
        "stop" : 1644508779249,
        "duration" : 587
      },
      "status" : "passed",
      "steps" : [ ],
      "attachments" : [ ],
      "parameters" : [ {
        "name" : "title",
        "value" : "'Договор ГПХ стандартный шаблон тест2 15:57:46.347516'"
      } ],
      "stepsCount" : 0,
      "attachmentsCount" : 0,
      "shouldDisplayMessage" : false,
      "hasContent" : true
    }, {
      "name" : "Авторизоваться на портале под ответственным пользователем",
      "time" : {
        "start" : 1644508792364,
        "stop" : 1644508800287,
        "duration" : 7923
      },
      "status" : "passed",
      "steps" : [ {
        "name" : "Авторизоваться под администратором портала",
        "time" : {
          "start" : 1644508792364,
          "stop" : 1644508793017,
          "duration" : 653
        },
        "status" : "passed",
        "steps" : [ ],
        "attachments" : [ ],
        "parameters" : [ ],
        "stepsCount" : 0,
        "attachmentsCount" : 0,
        "shouldDisplayMessage" : false,
        "hasContent" : false
      } ],
      "attachments" : [ ],
      "parameters" : [ {
        "name" : "user",
        "value" : "<common.user.User object at 0x7f2ed5487130>"
      } ],
      "stepsCount" : 1,
      "attachmentsCount" : 0,
      "shouldDisplayMessage" : false,
      "hasContent" : true
    }, {
      "name" : "Open contract page",
      "time" : {
        "start" : 1644508800288,
        "stop" : 1644508813307,
        "duration" : 13019
      },
      "status" : "passed",
      "steps" : [ ],
      "attachments" : [ ],
      "parameters" : [ ],
      "stepsCount" : 0,
      "attachmentsCount" : 0,
      "shouldDisplayMessage" : false,
      "hasContent" : false
    }, {
      "name" : "Approve contract modal window",
      "time" : {
        "start" : 1644508813307,
        "stop" : 1644508813933,
        "duration" : 626
      },
      "status" : "passed",
      "steps" : [ ],
      "attachments" : [ ],
      "parameters" : [ {
        "name" : "title",
        "value" : "'Договор ГПХ стандартный шаблон тест2 15:57:46.347516'"
      } ],
      "stepsCount" : 0,
      "attachmentsCount" : 0,
      "shouldDisplayMessage" : false,
      "hasContent" : true
    }, {
      "name" : "Авторизоваться на портале под ответственным пользователем",
      "time" : {
        "start" : 1644508831141,
        "stop" : 1644508842208,
        "duration" : 11067
      },
      "status" : "passed",
      "steps" : [ {
        "name" : "Авторизоваться под администратором портала",
        "time" : {
          "start" : 1644508831141,
          "stop" : 1644508831771,
          "duration" : 630
        },
        "status" : "passed",
        "steps" : [ ],
        "attachments" : [ ],
        "parameters" : [ ],
        "stepsCount" : 0,
        "attachmentsCount" : 0,
        "shouldDisplayMessage" : false,
        "hasContent" : false
      } ],
      "attachments" : [ ],
      "parameters" : [ {
        "name" : "user",
        "value" : "<common.user.User object at 0x7f2ed54875e0>"
      } ],
      "stepsCount" : 1,
      "attachmentsCount" : 0,
      "shouldDisplayMessage" : false,
      "hasContent" : true
    }, {
      "name" : "Open contract page",
      "time" : {
        "start" : 1644508842208,
        "stop" : 1644508851635,
        "duration" : 9427
      },
      "status" : "passed",
      "steps" : [ ],
      "attachments" : [ ],
      "parameters" : [ ],
      "stepsCount" : 0,
      "attachmentsCount" : 0,
      "shouldDisplayMessage" : false,
      "hasContent" : false
    }, {
      "name" : "Approve contract modal window",
      "time" : {
        "start" : 1644508851635,
        "stop" : 1644508852123,
        "duration" : 488
      },
      "status" : "passed",
      "steps" : [ ],
      "attachments" : [ ],
      "parameters" : [ {
        "name" : "title",
        "value" : "'Договор ГПХ стандартный шаблон тест2 15:57:46.347516'"
      } ],
      "stepsCount" : 0,
      "attachmentsCount" : 0,
      "shouldDisplayMessage" : false,
      "hasContent" : true
    }, {
      "name" : "Авторизоваться на портале под ответственным пользователем",
      "time" : {
        "start" : 1644508868910,
        "stop" : 1644508878066,
        "duration" : 9156
      },
      "status" : "passed",
      "steps" : [ {
        "name" : "Авторизоваться под администратором портала",
        "time" : {
          "start" : 1644508868911,
          "stop" : 1644508869513,
          "duration" : 602
        },
        "status" : "passed",
        "steps" : [ ],
        "attachments" : [ ],
        "parameters" : [ ],
        "stepsCount" : 0,
        "attachmentsCount" : 0,
        "shouldDisplayMessage" : false,
        "hasContent" : false
      } ],
      "attachments" : [ ],
      "parameters" : [ {
        "name" : "user",
        "value" : "<common.user.User object at 0x7f2ed5487fd0>"
      } ],
      "stepsCount" : 1,
      "attachmentsCount" : 0,
      "shouldDisplayMessage" : false,
      "hasContent" : true
    }, {
      "name" : "Open contract page",
      "time" : {
        "start" : 1644508878066,
        "stop" : 1644508892290,
        "duration" : 14224
      },
      "status" : "passed",
      "steps" : [ ],
      "attachments" : [ ],
      "parameters" : [ ],
      "stepsCount" : 0,
      "attachmentsCount" : 0,
      "shouldDisplayMessage" : false,
      "hasContent" : false
    }, {
      "name" : "Approve contract modal window",
      "time" : {
        "start" : 1644508892290,
        "stop" : 1644508893192,
        "duration" : 902
      },
      "status" : "passed",
      "steps" : [ ],
      "attachments" : [ ],
      "parameters" : [ {
        "name" : "title",
        "value" : "'Договор ГПХ стандартный шаблон тест2 15:57:46.347516'"
      } ],
      "stepsCount" : 0,
      "attachmentsCount" : 0,
      "shouldDisplayMessage" : false,
      "hasContent" : true
    }, {
      "name" : "Авторизоваться на портале под ответственным пользователем",
      "time" : {
        "start" : 1644508910571,
        "stop" : 1644508919599,
        "duration" : 9028
      },
      "status" : "passed",
      "steps" : [ {
        "name" : "Авторизоваться под администратором портала",
        "time" : {
          "start" : 1644508910571,
          "stop" : 1644508911140,
          "duration" : 569
        },
        "status" : "passed",
        "steps" : [ ],
        "attachments" : [ ],
        "parameters" : [ ],
        "stepsCount" : 0,
        "attachmentsCount" : 0,
        "shouldDisplayMessage" : false,
        "hasContent" : false
      } ],
      "attachments" : [ ],
      "parameters" : [ {
        "name" : "user",
        "value" : "<common.user.User object at 0x7f2ed5487fa0>"
      } ],
      "stepsCount" : 1,
      "attachmentsCount" : 0,
      "shouldDisplayMessage" : false,
      "hasContent" : true
    }, {
      "name" : "Open contract page",
      "time" : {
        "start" : 1644508919600,
        "stop" : 1644508928507,
        "duration" : 8907
      },
      "status" : "passed",
      "steps" : [ ],
      "attachments" : [ ],
      "parameters" : [ ],
      "stepsCount" : 0,
      "attachmentsCount" : 0,
      "shouldDisplayMessage" : false,
      "hasContent" : false
    }, {
      "name" : "Approve contract check box",
      "time" : {
        "start" : 1644508928508,
        "stop" : 1644508938973,
        "duration" : 10465
      },
      "status" : "failed",
      "statusMessage" : "selene.core.exceptions.TimeoutException: Message: \n\nTimed out after 10s, while waiting for:\nbrowser.element(('css selector', '#popup-window-content-menu-popup-action_button_bizproc_task_list_control_menu > div > div > span:nth-child(2) > span.menu-popup-item-text > span')).click\n\nReason: NoSuchElementException: Message: no such element: Unable to locate element: {\"method\":\"css selector\",\"selector\":\"#popup-window-content-menu-popup-action_button_bizproc_task_list_control_menu > div > div > span:nth-child(2) > span.menu-popup-item-text > span\"}\n  (Session info: chrome=97.0.4692.99)\n\nScreenshot: file:///home/seluser/.selene/screenshots/1644506296801/1644506296809.png\nPageSource: file:///home/seluser/.selene/screenshots/1644506296801/1644506296809.html\n\n",
      "statusTrace" : "  File \"/usr/local/lib/python3.8/dist-packages/allure_commons/_allure.py\", line 172, in impl\n    return func(*a, **kw)\n  File \"/app/pages/document_management/contracts_gph/contract_gph_page.py\", line 166, in approve_on_check_box\n    self.approve_bottom.click()\n  File \"/usr/local/lib/python3.8/dist-packages/selene/core/entity.py\", line 325, in click\n    self.wait.command('click', lambda element: element().click())\n  File \"/usr/local/lib/python3.8/dist-packages/selene/core/wait.py\", line 136, in command\n    self.for_(Command(description, fn))\n  File \"/usr/local/lib/python3.8/dist-packages/selene/core/wait.py\", line 125, in for_\n    raise self._hook_failure(failure)\n",
      "steps" : [ ],
      "attachments" : [ ],
      "parameters" : [ {
        "name" : "id",
        "value" : "'440419'"
      } ],
      "stepsCount" : 0,
      "attachmentsCount" : 0,
      "shouldDisplayMessage" : true,
      "hasContent" : true
    }, {
      "name" : "Screen-shot done",
      "time" : {
        "start" : 1644508939067,
        "stop" : 1644508939268,
        "duration" : 201
      },
      "status" : "passed",
      "steps" : [ ],
      "attachments" : [ {
        "uid" : "81c8cc037ea9d146",
        "name" : "screenshot",
        "source" : "81c8cc037ea9d146.png",
        "type" : "image/png",
        "size" : 266835
      } ],
      "parameters" : [ ],
      "stepsCount" : 0,
      "attachmentsCount" : 1,
      "shouldDisplayMessage" : false,
      "hasContent" : true
    } ],
    "attachments" : [ {
      "uid" : "b992702786eae981",
      "name" : "log",
      "source" : "b992702786eae981.txt",
      "type" : "text/plain",
      "size" : 3551
    } ],
    "parameters" : [ ],
    "stepsCount" : 30,
    "attachmentsCount" : 2,
    "shouldDisplayMessage" : true,
    "hasContent" : true
  },
  "afterStages" : [ {
    "name" : "for_contract_gph_standart::0",
    "time" : {
      "start" : 1644508939269,
      "stop" : 1644508939269,
      "duration" : 0
    },
    "status" : "passed",
    "steps" : [ ],
    "attachments" : [ ],
    "parameters" : [ ],
    "stepsCount" : 0,
    "attachmentsCount" : 0,
    "shouldDisplayMessage" : false,
    "hasContent" : false
  }, {
    "name" : "auth_admin::0",
    "time" : {
      "start" : 1644517973294,
      "stop" : 1644517973559,
      "duration" : 265
    },
    "status" : "passed",
    "steps" : [ ],
    "attachments" : [ ],
    "parameters" : [ ],
    "stepsCount" : 0,
    "attachmentsCount" : 0,
    "shouldDisplayMessage" : false,
    "hasContent" : false
  } ],
  "labels" : [ {
    "name" : "tag",
    "value" : "contract_gph"
  }, {
    "name" : "tag",
    "value" : "smoke"
  }, {
    "name" : "parentSuite",
    "value" : "tests.test_contracts_gph"
  }, {
    "name" : "suite",
    "value" : "test_business_process_contract_gph_standart"
  }, {
    "name" : "subSuite",
    "value" : "TestContractGPH"
  }, {
    "name" : "host",
    "value" : "portal-test-qa-hqc9q"
  }, {
    "name" : "thread",
    "value" : "6-MainThread"
  }, {
    "name" : "framework",
    "value" : "pytest"
  }, {
    "name" : "language",
    "value" : "cpython3"
  }, {
    "name" : "package",
    "value" : "tests.test_contracts_gph.test_business_process_contract_gph_standart"
  }, {
    "name" : "resultFormat",
    "value" : "allure2"
  } ],
  "parameters" : [ ],
  "links" : [ ],
  "hidden" : false,
  "retry" : false,
  "extra" : {
    "severity" : "normal",
    "retries" : [ ],
    "categories" : [ {
      "name" : "Product defects",
      "matchedStatuses" : [ ],
      "flaky" : false
    } ],
    "history" : {
      "statistic" : {
        "failed" : 2,
        "broken" : 0,
        "skipped" : 0,
        "passed" : 0,
        "unknown" : 0,
        "total" : 2
      },
      "items" : [ {
        "uid" : "55a91266bd832232",
        "reportUrl" : "../2/index.html#testresult/55a91266bd832232",
        "status" : "failed",
        "statusDetails" : "selene.core.exceptions.TimeoutException: Message: \n\nTimed out after 10s, while waiting for:\nbrowser.element(('css selector', '#popup-window-content-menu-popup-action_button_bizproc_task_list_control_menu > div > div > span:nth-child(2) > span.menu-popup-item-text > span')).click\n\nReason: NoSuchElementException: Message: no such element: Unable to locate element: {\"method\":\"css selector\",\"selector\":\"#popup-window-content-menu-popup-action_button_bizproc_task_list_control_menu > div > div > span:nth-child(2) > span.menu-popup-item-text > span\"}\n  (Session info: chrome=97.0.4692.99)\n\nScreenshot: file:///home/seluser/.selene/screenshots/1644506296801/1644506296809.png\nPageSource: file:///home/seluser/.selene/screenshots/1644506296801/1644506296809.html",
        "time" : {
          "start" : 1644508686658,
          "stop" : 1644508938974,
          "duration" : 252316
        }
      } ]
    },
    "tags" : [ "smoke", "contract_gph" ]
  },
  "source" : "b6a81b97a511405f.json",
  "parameterValues" : [ ]
}