{
  "uid" : "faeabcf816799c0e",
  "name" : "test_add_outbox_letter_main_flow",
  "fullName" : "tests.test_outbox_letters.test_add_outbox_letter_main_flow.TestOutboxLetters#test_add_outbox_letter_main_flow",
  "historyId" : "ad864e89b1584e2c319c72841644dae6",
  "time" : {
    "start" : 1644161647206,
    "stop" : 1644161702832,
    "duration" : 55626
  },
  "description" : "\n        Подготовка заявки для согласования нового исходящего письма\n        https://tfs.university.innopolis.ru/tfs/DefaultCollection/%D0%92%D0%BD%D1%83%D1%82%D1%80%D0%B5%D0%BD%D0%BD%D1%8F%D1%8F%20%D1%80%D0%B0%D0%B7%D1%80%D0%B0%D0%B1%D0%BE%D1%82%D0%BA%D0%B0/_workitems/edit/55188\n        ",
  "descriptionHtml" : "<pre><code>    Подготовка заявки для согласования нового исходящего письма\n    https://tfs.university.innopolis.ru/tfs/DefaultCollection/%D0%92%D0%BD%D1%83%D1%82%D1%80%D0%B5%D0%BD%D0%BD%D1%8F%D1%8F%20%D1%80%D0%B0%D0%B7%D1%80%D0%B0%D0%B1%D0%BE%D1%82%D0%BA%D0%B0/_workitems/edit/55188\n</code></pre>\n",
  "status" : "failed",
  "statusMessage" : "selene.core.exceptions.TimeoutException: Message: \n\nTimed out after 10s, while waiting for:\nbrowser.element(('css selector', 'h2')).text\n\nReason: NoSuchElementException: Message: no such element: Unable to locate element: {\"method\":\"css selector\",\"selector\":\"h2\"}\n  (Session info: chrome=97.0.4692.99)\n\nScreenshot: file:///home/seluser/.selene/screenshots/1644154264347/1644154264363.png\nPageSource: file:///home/seluser/.selene/screenshots/1644154264347/1644154264363.html",
  "statusTrace" : "self = <selene.core.wait.Wait object at 0x7f0cfeba79d0>\nfn = <selene.core.wait.Query object at 0x7f0d3405e310>\n\n    def for_(self, fn: Callable[[E], R]) -> R:\n        finish_time = time.time() + self._timeout\n    \n        while True:\n            try:\n>               return fn(self._entity)\n\n/usr/local/lib/python3.8/dist-packages/selene/core/wait.py:102: \n_ _ _ _ _ _ _ _ _ _ _ _ _ _ _ _ _ _ _ _ _ _ _ _ _ _ _ _ _ _ _ _ _ _ _ _ _ _ _ _ \n\nself = <selene.core.wait.Query object at 0x7f0d3405e310>\nentity = <selene.core.entity.Element object at 0x7f0cfec125b0>\n\n    def __call__(self, entity: T) -> R:\n>       return self._fn(entity)\n\n/usr/local/lib/python3.8/dist-packages/selene/core/wait.py:56: \n_ _ _ _ _ _ _ _ _ _ _ _ _ _ _ _ _ _ _ _ _ _ _ _ _ _ _ _ _ _ _ _ _ _ _ _ _ _ _ _ \n\nelement = <selene.core.entity.Element object at 0x7f0cfec125b0>\n\n>   text: Query[Element, str] = Query('text', lambda element: element().text)\n\n/usr/local/lib/python3.8/dist-packages/selene/core/query.py:47: \n_ _ _ _ _ _ _ _ _ _ _ _ _ _ _ _ _ _ _ _ _ _ _ _ _ _ _ _ _ _ _ _ _ _ _ _ _ _ _ _ \n\nself = <selene.core.entity.Element object at 0x7f0cfec125b0>\n\n    def __call__(self) -> WebElement:\n>       return self._locator()\n\n/usr/local/lib/python3.8/dist-packages/selene/core/entity.py:174: \n_ _ _ _ _ _ _ _ _ _ _ _ _ _ _ _ _ _ _ _ _ _ _ _ _ _ _ _ _ _ _ _ _ _ _ _ _ _ _ _ \n\nself = <selene.core.locator.Locator object at 0x7f0cfecd0550>\n\n    def __call__(self) -> T:\n>       return self._locate()\n\n/usr/local/lib/python3.8/dist-packages/selene/core/locator.py:34: \n_ _ _ _ _ _ _ _ _ _ _ _ _ _ _ _ _ _ _ _ _ _ _ _ _ _ _ _ _ _ _ _ _ _ _ _ _ _ _ _ \n\n>           f'{self}.element({by})', lambda: self.driver.find_element(*by)\n        ),\n        self.config,\n    )\n\n/usr/local/lib/python3.8/dist-packages/selene/core/entity.py:1367: \n_ _ _ _ _ _ _ _ _ _ _ _ _ _ _ _ _ _ _ _ _ _ _ _ _ _ _ _ _ _ _ _ _ _ _ _ _ _ _ _ \n\nself = <selenium.webdriver.chrome.webdriver.WebDriver (session=\"7a1824b5f73bb9c3ed3a78834c8823c2\")>\nby = 'css selector', value = 'h2'\n\n    def find_element(self, by=By.ID, value=None):\n        \"\"\"\n        Find an element given a By strategy and locator. Prefer the find_element_by_* methods when\n        possible.\n    \n        :Usage:\n            element = driver.find_element(By.ID, 'foo')\n    \n        :rtype: WebElement\n        \"\"\"\n        if self.w3c:\n            if by == By.ID:\n                by = By.CSS_SELECTOR\n                value = '[id=\"%s\"]' % value\n            elif by == By.TAG_NAME:\n                by = By.CSS_SELECTOR\n            elif by == By.CLASS_NAME:\n                by = By.CSS_SELECTOR\n                value = \".%s\" % value\n            elif by == By.NAME:\n                by = By.CSS_SELECTOR\n                value = '[name=\"%s\"]' % value\n>       return self.execute(Command.FIND_ELEMENT, {\n            'using': by,\n            'value': value})['value']\n\n/usr/local/lib/python3.8/dist-packages/selenium/webdriver/remote/webdriver.py:976: \n_ _ _ _ _ _ _ _ _ _ _ _ _ _ _ _ _ _ _ _ _ _ _ _ _ _ _ _ _ _ _ _ _ _ _ _ _ _ _ _ \n\nself = <selenium.webdriver.chrome.webdriver.WebDriver (session=\"7a1824b5f73bb9c3ed3a78834c8823c2\")>\ndriver_command = 'findElement'\nparams = {'using': 'css selector', 'value': 'h2'}\n\n    def execute(self, driver_command, params=None):\n        \"\"\"\n        Sends a command to be executed by a command.CommandExecutor.\n    \n        :Args:\n         - driver_command: The name of the command to execute as a string.\n         - params: A dictionary of named parameters to send with the command.\n    \n        :Returns:\n          The command's JSON response loaded into a dictionary object.\n        \"\"\"\n        if self.session_id is not None:\n            if not params:\n                params = {'sessionId': self.session_id}\n            elif 'sessionId' not in params:\n                params['sessionId'] = self.session_id\n    \n        params = self._wrap_value(params)\n        response = self.command_executor.execute(driver_command, params)\n        if response:\n>           self.error_handler.check_response(response)\n\n/usr/local/lib/python3.8/dist-packages/selenium/webdriver/remote/webdriver.py:321: \n_ _ _ _ _ _ _ _ _ _ _ _ _ _ _ _ _ _ _ _ _ _ _ _ _ _ _ _ _ _ _ _ _ _ _ _ _ _ _ _ \n\nself = <selenium.webdriver.remote.errorhandler.ErrorHandler object at 0x7f0d33e57940>\nresponse = {'status': 404, 'value': '{\"value\":{\"error\":\"no such element\",\"message\":\"no such element: Unable to locate element: {\\...\\\\n#16 0x55fa35baec68 \\\\u003Cunknown>\\\\n#17 0x55fa35bc9aad \\\\u003Cunknown>\\\\n#18 0x7f82925f3609 \\\\u003Cunknown>\\\\n\"}}'}\n\n    def check_response(self, response):\n        \"\"\"\n        Checks that a JSON response from the WebDriver does not have an error.\n    \n        :Args:\n         - response - The JSON response from the WebDriver server as a dictionary\n           object.\n    \n        :Raises: If the response contains an error message.\n        \"\"\"\n        status = response.get('status', None)\n        if status is None or status == ErrorCode.SUCCESS:\n            return\n        value = None\n        message = response.get(\"message\", \"\")\n        screen = response.get(\"screen\", \"\")\n        stacktrace = None\n        if isinstance(status, int):\n            value_json = response.get('value', None)\n            if value_json and isinstance(value_json, basestring):\n                import json\n                try:\n                    value = json.loads(value_json)\n                    if len(value.keys()) == 1:\n                        value = value['value']\n                    status = value.get('error', None)\n                    if status is None:\n                        status = value[\"status\"]\n                        message = value[\"value\"]\n                        if not isinstance(message, basestring):\n                            value = message\n                            message = message.get('message')\n                    else:\n                        message = value.get('message', None)\n                except ValueError:\n                    pass\n    \n        exception_class = ErrorInResponseException\n        if status in ErrorCode.NO_SUCH_ELEMENT:\n            exception_class = NoSuchElementException\n        elif status in ErrorCode.NO_SUCH_FRAME:\n            exception_class = NoSuchFrameException\n        elif status in ErrorCode.NO_SUCH_WINDOW:\n            exception_class = NoSuchWindowException\n        elif status in ErrorCode.STALE_ELEMENT_REFERENCE:\n            exception_class = StaleElementReferenceException\n        elif status in ErrorCode.ELEMENT_NOT_VISIBLE:\n            exception_class = ElementNotVisibleException\n        elif status in ErrorCode.INVALID_ELEMENT_STATE:\n            exception_class = InvalidElementStateException\n        elif status in ErrorCode.INVALID_SELECTOR \\\n                or status in ErrorCode.INVALID_XPATH_SELECTOR \\\n                or status in ErrorCode.INVALID_XPATH_SELECTOR_RETURN_TYPER:\n            exception_class = InvalidSelectorException\n        elif status in ErrorCode.ELEMENT_IS_NOT_SELECTABLE:\n            exception_class = ElementNotSelectableException\n        elif status in ErrorCode.ELEMENT_NOT_INTERACTABLE:\n            exception_class = ElementNotInteractableException\n        elif status in ErrorCode.INVALID_COOKIE_DOMAIN:\n            exception_class = InvalidCookieDomainException\n        elif status in ErrorCode.UNABLE_TO_SET_COOKIE:\n            exception_class = UnableToSetCookieException\n        elif status in ErrorCode.TIMEOUT:\n            exception_class = TimeoutException\n        elif status in ErrorCode.SCRIPT_TIMEOUT:\n            exception_class = TimeoutException\n        elif status in ErrorCode.UNKNOWN_ERROR:\n            exception_class = WebDriverException\n        elif status in ErrorCode.UNEXPECTED_ALERT_OPEN:\n            exception_class = UnexpectedAlertPresentException\n        elif status in ErrorCode.NO_ALERT_OPEN:\n            exception_class = NoAlertPresentException\n        elif status in ErrorCode.IME_NOT_AVAILABLE:\n            exception_class = ImeNotAvailableException\n        elif status in ErrorCode.IME_ENGINE_ACTIVATION_FAILED:\n            exception_class = ImeActivationFailedException\n        elif status in ErrorCode.MOVE_TARGET_OUT_OF_BOUNDS:\n            exception_class = MoveTargetOutOfBoundsException\n        elif status in ErrorCode.JAVASCRIPT_ERROR:\n            exception_class = JavascriptException\n        elif status in ErrorCode.SESSION_NOT_CREATED:\n            exception_class = SessionNotCreatedException\n        elif status in ErrorCode.INVALID_ARGUMENT:\n            exception_class = InvalidArgumentException\n        elif status in ErrorCode.NO_SUCH_COOKIE:\n            exception_class = NoSuchCookieException\n        elif status in ErrorCode.UNABLE_TO_CAPTURE_SCREEN:\n            exception_class = ScreenshotException\n        elif status in ErrorCode.ELEMENT_CLICK_INTERCEPTED:\n            exception_class = ElementClickInterceptedException\n        elif status in ErrorCode.INSECURE_CERTIFICATE:\n            exception_class = InsecureCertificateException\n        elif status in ErrorCode.INVALID_COORDINATES:\n            exception_class = InvalidCoordinatesException\n        elif status in ErrorCode.INVALID_SESSION_ID:\n            exception_class = InvalidSessionIdException\n        elif status in ErrorCode.UNKNOWN_METHOD:\n            exception_class = UnknownMethodException\n        else:\n            exception_class = WebDriverException\n        if value == '' or value is None:\n            value = response['value']\n        if isinstance(value, basestring):\n            if exception_class == ErrorInResponseException:\n                raise exception_class(response, value)\n            raise exception_class(value)\n        if message == \"\" and 'message' in value:\n            message = value['message']\n    \n        screen = None\n        if 'screen' in value:\n            screen = value['screen']\n    \n        stacktrace = None\n        if 'stackTrace' in value and value['stackTrace']:\n            stacktrace = []\n            try:\n                for frame in value['stackTrace']:\n                    line = self._value_or_default(frame, 'lineNumber', '')\n                    file = self._value_or_default(frame, 'fileName', '<anonymous>')\n                    if line:\n                        file = \"%s:%s\" % (file, line)\n                    meth = self._value_or_default(frame, 'methodName', '<anonymous>')\n                    if 'className' in frame:\n                        meth = \"%s.%s\" % (frame['className'], meth)\n                    msg = \"    at %s (%s)\"\n                    msg = msg % (meth, file)\n                    stacktrace.append(msg)\n            except TypeError:\n                pass\n        if exception_class == ErrorInResponseException:\n            raise exception_class(response, message)\n        elif exception_class == UnexpectedAlertPresentException:\n            alert_text = None\n            if 'data' in value:\n                alert_text = value['data'].get('text')\n            elif 'alert' in value:\n                alert_text = value['alert'].get('text')\n            raise exception_class(message, screen, stacktrace, alert_text)\n>       raise exception_class(message, screen, stacktrace)\nE       selenium.common.exceptions.NoSuchElementException: Message: no such element: Unable to locate element: {\"method\":\"css selector\",\"selector\":\"h2\"}\nE         (Session info: chrome=97.0.4692.99)\n\n/usr/local/lib/python3.8/dist-packages/selenium/webdriver/remote/errorhandler.py:242: NoSuchElementException\n\nDuring handling of the above exception, another exception occurred:\n\nself = <tests.test_outbox_letters.test_add_outbox_letter_main_flow.TestOutboxLetters object at 0x7f0cfeba7400>\n\n    @pytest.mark.smoke\n    def test_add_outbox_letter_main_flow(self):\n        \"\"\"\n        Подготовка заявки для согласования нового исходящего письма\n        https://tfs.university.innopolis.ru/tfs/DefaultCollection/%D0%92%D0%BD%D1%83%D1%82%D1%80%D0%B5%D0%BD%D0%BD%D1%8F%D1%8F%20%D1%80%D0%B0%D0%B7%D1%80%D0%B0%D0%B1%D0%BE%D1%82%D0%BA%D0%B0/_workitems/edit/55188\n        \"\"\"\n        admin_panel.auth_as_user(UsersConstants.ILIYA_MANAEV)\n        main_page.document_management.should(have.text(\"Документооборот\")).click()\n        main_page.outbox_letters.should(have.text(\"Письма исходящие\")).click()\n        list_outbox_letters_page.button_outbox_letter.should(have.text(\"ДОБАВИТЬ ИСХОДЯЩЕЕ ПИСЬМО\")).click()\n>       outbox_letter_name = create_outbox_letter_page.fill_required_fields()\n\ntests/test_outbox_letters/test_add_outbox_letter_main_flow.py:23: \n_ _ _ _ _ _ _ _ _ _ _ _ _ _ _ _ _ _ _ _ _ _ _ _ _ _ _ _ _ _ _ _ _ _ _ _ _ _ _ _ \npages/document_management/outbox_letters/create_outbox_letter_page.py:51: in fill_required_fields\n    return self.name_of_outbox_letter.text\n/usr/local/lib/python3.8/dist-packages/selene/core/entity.py:598: in text\n    return self.get(query.text)\n/usr/local/lib/python3.8/dist-packages/selene/core/entity.py:111: in get\n    return self.wait.for_(query)\n_ _ _ _ _ _ _ _ _ _ _ _ _ _ _ _ _ _ _ _ _ _ _ _ _ _ _ _ _ _ _ _ _ _ _ _ _ _ _ _ \n\nself = <selene.core.wait.Wait object at 0x7f0cfeba79d0>\nfn = <selene.core.wait.Query object at 0x7f0d3405e310>\n\n        def for_(self, fn: Callable[[E], R]) -> R:\n            finish_time = time.time() + self._timeout\n    \n            while True:\n                try:\n                    return fn(self._entity)\n                except Exception as reason:\n                    if time.time() > finish_time:\n    \n                        reason_message = str(reason)\n    \n                        reason_string = '{name}: {message}'.format(\n                            name=reason.__class__.__name__, message=reason_message\n                        )\n                        # todo: think on how can we improve logging failures in selene, e.g. reverse msg and stacktrace\n                        # stacktrace = getattr(reason, 'stacktrace', None)\n                        timeout = self._timeout\n                        entity = self._entity\n    \n                        failure = TimeoutException(\n                            f'''\n    \n    Timed out after {timeout}s, while waiting for:\n    {entity}.{fn}\n    \n    Reason: {reason_string}'''\n                        )\n    \n>                       raise self._hook_failure(failure)\nE                       selene.core.exceptions.TimeoutException: Message: \nE                       \nE                       Timed out after 10s, while waiting for:\nE                       browser.element(('css selector', 'h2')).text\nE                       \nE                       Reason: NoSuchElementException: Message: no such element: Unable to locate element: {\"method\":\"css selector\",\"selector\":\"h2\"}\nE                         (Session info: chrome=97.0.4692.99)\nE                       \nE                       Screenshot: file:///home/seluser/.selene/screenshots/1644154264347/1644154264363.png\nE                       PageSource: file:///home/seluser/.selene/screenshots/1644154264347/1644154264363.html\n\n/usr/local/lib/python3.8/dist-packages/selene/core/wait.py:125: TimeoutException",
  "flaky" : false,
  "newFailed" : false,
  "newBroken" : false,
  "newPassed" : false,
  "retriesCount" : 1,
  "retriesStatusChange" : false,
  "beforeStages" : [ {
    "name" : "_session_faker",
    "time" : {
      "start" : 1644154265052,
      "stop" : 1644154265141,
      "duration" : 89
    },
    "status" : "passed",
    "steps" : [ ],
    "attachments" : [ ],
    "parameters" : [ ],
    "stepsCount" : 0,
    "attachmentsCount" : 0,
    "shouldDisplayMessage" : false,
    "hasContent" : false
  }, {
    "name" : "auth_admin",
    "time" : {
      "start" : 1644154265141,
      "stop" : 1644154269235,
      "duration" : 4094
    },
    "status" : "passed",
    "steps" : [ ],
    "attachments" : [ ],
    "parameters" : [ ],
    "stepsCount" : 0,
    "attachmentsCount" : 0,
    "shouldDisplayMessage" : false,
    "hasContent" : false
  } ],
  "testStage" : {
    "description" : "\n        Подготовка заявки для согласования нового исходящего письма\n        https://tfs.university.innopolis.ru/tfs/DefaultCollection/%D0%92%D0%BD%D1%83%D1%82%D1%80%D0%B5%D0%BD%D0%BD%D1%8F%D1%8F%20%D1%80%D0%B0%D0%B7%D1%80%D0%B0%D0%B1%D0%BE%D1%82%D0%BA%D0%B0/_workitems/edit/55188\n        ",
    "status" : "failed",
    "statusMessage" : "selene.core.exceptions.TimeoutException: Message: \n\nTimed out after 10s, while waiting for:\nbrowser.element(('css selector', 'h2')).text\n\nReason: NoSuchElementException: Message: no such element: Unable to locate element: {\"method\":\"css selector\",\"selector\":\"h2\"}\n  (Session info: chrome=97.0.4692.99)\n\nScreenshot: file:///home/seluser/.selene/screenshots/1644154264347/1644154264363.png\nPageSource: file:///home/seluser/.selene/screenshots/1644154264347/1644154264363.html",
    "statusTrace" : "self = <selene.core.wait.Wait object at 0x7f0cfeba79d0>\nfn = <selene.core.wait.Query object at 0x7f0d3405e310>\n\n    def for_(self, fn: Callable[[E], R]) -> R:\n        finish_time = time.time() + self._timeout\n    \n        while True:\n            try:\n>               return fn(self._entity)\n\n/usr/local/lib/python3.8/dist-packages/selene/core/wait.py:102: \n_ _ _ _ _ _ _ _ _ _ _ _ _ _ _ _ _ _ _ _ _ _ _ _ _ _ _ _ _ _ _ _ _ _ _ _ _ _ _ _ \n\nself = <selene.core.wait.Query object at 0x7f0d3405e310>\nentity = <selene.core.entity.Element object at 0x7f0cfec125b0>\n\n    def __call__(self, entity: T) -> R:\n>       return self._fn(entity)\n\n/usr/local/lib/python3.8/dist-packages/selene/core/wait.py:56: \n_ _ _ _ _ _ _ _ _ _ _ _ _ _ _ _ _ _ _ _ _ _ _ _ _ _ _ _ _ _ _ _ _ _ _ _ _ _ _ _ \n\nelement = <selene.core.entity.Element object at 0x7f0cfec125b0>\n\n>   text: Query[Element, str] = Query('text', lambda element: element().text)\n\n/usr/local/lib/python3.8/dist-packages/selene/core/query.py:47: \n_ _ _ _ _ _ _ _ _ _ _ _ _ _ _ _ _ _ _ _ _ _ _ _ _ _ _ _ _ _ _ _ _ _ _ _ _ _ _ _ \n\nself = <selene.core.entity.Element object at 0x7f0cfec125b0>\n\n    def __call__(self) -> WebElement:\n>       return self._locator()\n\n/usr/local/lib/python3.8/dist-packages/selene/core/entity.py:174: \n_ _ _ _ _ _ _ _ _ _ _ _ _ _ _ _ _ _ _ _ _ _ _ _ _ _ _ _ _ _ _ _ _ _ _ _ _ _ _ _ \n\nself = <selene.core.locator.Locator object at 0x7f0cfecd0550>\n\n    def __call__(self) -> T:\n>       return self._locate()\n\n/usr/local/lib/python3.8/dist-packages/selene/core/locator.py:34: \n_ _ _ _ _ _ _ _ _ _ _ _ _ _ _ _ _ _ _ _ _ _ _ _ _ _ _ _ _ _ _ _ _ _ _ _ _ _ _ _ \n\n>           f'{self}.element({by})', lambda: self.driver.find_element(*by)\n        ),\n        self.config,\n    )\n\n/usr/local/lib/python3.8/dist-packages/selene/core/entity.py:1367: \n_ _ _ _ _ _ _ _ _ _ _ _ _ _ _ _ _ _ _ _ _ _ _ _ _ _ _ _ _ _ _ _ _ _ _ _ _ _ _ _ \n\nself = <selenium.webdriver.chrome.webdriver.WebDriver (session=\"7a1824b5f73bb9c3ed3a78834c8823c2\")>\nby = 'css selector', value = 'h2'\n\n    def find_element(self, by=By.ID, value=None):\n        \"\"\"\n        Find an element given a By strategy and locator. Prefer the find_element_by_* methods when\n        possible.\n    \n        :Usage:\n            element = driver.find_element(By.ID, 'foo')\n    \n        :rtype: WebElement\n        \"\"\"\n        if self.w3c:\n            if by == By.ID:\n                by = By.CSS_SELECTOR\n                value = '[id=\"%s\"]' % value\n            elif by == By.TAG_NAME:\n                by = By.CSS_SELECTOR\n            elif by == By.CLASS_NAME:\n                by = By.CSS_SELECTOR\n                value = \".%s\" % value\n            elif by == By.NAME:\n                by = By.CSS_SELECTOR\n                value = '[name=\"%s\"]' % value\n>       return self.execute(Command.FIND_ELEMENT, {\n            'using': by,\n            'value': value})['value']\n\n/usr/local/lib/python3.8/dist-packages/selenium/webdriver/remote/webdriver.py:976: \n_ _ _ _ _ _ _ _ _ _ _ _ _ _ _ _ _ _ _ _ _ _ _ _ _ _ _ _ _ _ _ _ _ _ _ _ _ _ _ _ \n\nself = <selenium.webdriver.chrome.webdriver.WebDriver (session=\"7a1824b5f73bb9c3ed3a78834c8823c2\")>\ndriver_command = 'findElement'\nparams = {'using': 'css selector', 'value': 'h2'}\n\n    def execute(self, driver_command, params=None):\n        \"\"\"\n        Sends a command to be executed by a command.CommandExecutor.\n    \n        :Args:\n         - driver_command: The name of the command to execute as a string.\n         - params: A dictionary of named parameters to send with the command.\n    \n        :Returns:\n          The command's JSON response loaded into a dictionary object.\n        \"\"\"\n        if self.session_id is not None:\n            if not params:\n                params = {'sessionId': self.session_id}\n            elif 'sessionId' not in params:\n                params['sessionId'] = self.session_id\n    \n        params = self._wrap_value(params)\n        response = self.command_executor.execute(driver_command, params)\n        if response:\n>           self.error_handler.check_response(response)\n\n/usr/local/lib/python3.8/dist-packages/selenium/webdriver/remote/webdriver.py:321: \n_ _ _ _ _ _ _ _ _ _ _ _ _ _ _ _ _ _ _ _ _ _ _ _ _ _ _ _ _ _ _ _ _ _ _ _ _ _ _ _ \n\nself = <selenium.webdriver.remote.errorhandler.ErrorHandler object at 0x7f0d33e57940>\nresponse = {'status': 404, 'value': '{\"value\":{\"error\":\"no such element\",\"message\":\"no such element: Unable to locate element: {\\...\\\\n#16 0x55fa35baec68 \\\\u003Cunknown>\\\\n#17 0x55fa35bc9aad \\\\u003Cunknown>\\\\n#18 0x7f82925f3609 \\\\u003Cunknown>\\\\n\"}}'}\n\n    def check_response(self, response):\n        \"\"\"\n        Checks that a JSON response from the WebDriver does not have an error.\n    \n        :Args:\n         - response - The JSON response from the WebDriver server as a dictionary\n           object.\n    \n        :Raises: If the response contains an error message.\n        \"\"\"\n        status = response.get('status', None)\n        if status is None or status == ErrorCode.SUCCESS:\n            return\n        value = None\n        message = response.get(\"message\", \"\")\n        screen = response.get(\"screen\", \"\")\n        stacktrace = None\n        if isinstance(status, int):\n            value_json = response.get('value', None)\n            if value_json and isinstance(value_json, basestring):\n                import json\n                try:\n                    value = json.loads(value_json)\n                    if len(value.keys()) == 1:\n                        value = value['value']\n                    status = value.get('error', None)\n                    if status is None:\n                        status = value[\"status\"]\n                        message = value[\"value\"]\n                        if not isinstance(message, basestring):\n                            value = message\n                            message = message.get('message')\n                    else:\n                        message = value.get('message', None)\n                except ValueError:\n                    pass\n    \n        exception_class = ErrorInResponseException\n        if status in ErrorCode.NO_SUCH_ELEMENT:\n            exception_class = NoSuchElementException\n        elif status in ErrorCode.NO_SUCH_FRAME:\n            exception_class = NoSuchFrameException\n        elif status in ErrorCode.NO_SUCH_WINDOW:\n            exception_class = NoSuchWindowException\n        elif status in ErrorCode.STALE_ELEMENT_REFERENCE:\n            exception_class = StaleElementReferenceException\n        elif status in ErrorCode.ELEMENT_NOT_VISIBLE:\n            exception_class = ElementNotVisibleException\n        elif status in ErrorCode.INVALID_ELEMENT_STATE:\n            exception_class = InvalidElementStateException\n        elif status in ErrorCode.INVALID_SELECTOR \\\n                or status in ErrorCode.INVALID_XPATH_SELECTOR \\\n                or status in ErrorCode.INVALID_XPATH_SELECTOR_RETURN_TYPER:\n            exception_class = InvalidSelectorException\n        elif status in ErrorCode.ELEMENT_IS_NOT_SELECTABLE:\n            exception_class = ElementNotSelectableException\n        elif status in ErrorCode.ELEMENT_NOT_INTERACTABLE:\n            exception_class = ElementNotInteractableException\n        elif status in ErrorCode.INVALID_COOKIE_DOMAIN:\n            exception_class = InvalidCookieDomainException\n        elif status in ErrorCode.UNABLE_TO_SET_COOKIE:\n            exception_class = UnableToSetCookieException\n        elif status in ErrorCode.TIMEOUT:\n            exception_class = TimeoutException\n        elif status in ErrorCode.SCRIPT_TIMEOUT:\n            exception_class = TimeoutException\n        elif status in ErrorCode.UNKNOWN_ERROR:\n            exception_class = WebDriverException\n        elif status in ErrorCode.UNEXPECTED_ALERT_OPEN:\n            exception_class = UnexpectedAlertPresentException\n        elif status in ErrorCode.NO_ALERT_OPEN:\n            exception_class = NoAlertPresentException\n        elif status in ErrorCode.IME_NOT_AVAILABLE:\n            exception_class = ImeNotAvailableException\n        elif status in ErrorCode.IME_ENGINE_ACTIVATION_FAILED:\n            exception_class = ImeActivationFailedException\n        elif status in ErrorCode.MOVE_TARGET_OUT_OF_BOUNDS:\n            exception_class = MoveTargetOutOfBoundsException\n        elif status in ErrorCode.JAVASCRIPT_ERROR:\n            exception_class = JavascriptException\n        elif status in ErrorCode.SESSION_NOT_CREATED:\n            exception_class = SessionNotCreatedException\n        elif status in ErrorCode.INVALID_ARGUMENT:\n            exception_class = InvalidArgumentException\n        elif status in ErrorCode.NO_SUCH_COOKIE:\n            exception_class = NoSuchCookieException\n        elif status in ErrorCode.UNABLE_TO_CAPTURE_SCREEN:\n            exception_class = ScreenshotException\n        elif status in ErrorCode.ELEMENT_CLICK_INTERCEPTED:\n            exception_class = ElementClickInterceptedException\n        elif status in ErrorCode.INSECURE_CERTIFICATE:\n            exception_class = InsecureCertificateException\n        elif status in ErrorCode.INVALID_COORDINATES:\n            exception_class = InvalidCoordinatesException\n        elif status in ErrorCode.INVALID_SESSION_ID:\n            exception_class = InvalidSessionIdException\n        elif status in ErrorCode.UNKNOWN_METHOD:\n            exception_class = UnknownMethodException\n        else:\n            exception_class = WebDriverException\n        if value == '' or value is None:\n            value = response['value']\n        if isinstance(value, basestring):\n            if exception_class == ErrorInResponseException:\n                raise exception_class(response, value)\n            raise exception_class(value)\n        if message == \"\" and 'message' in value:\n            message = value['message']\n    \n        screen = None\n        if 'screen' in value:\n            screen = value['screen']\n    \n        stacktrace = None\n        if 'stackTrace' in value and value['stackTrace']:\n            stacktrace = []\n            try:\n                for frame in value['stackTrace']:\n                    line = self._value_or_default(frame, 'lineNumber', '')\n                    file = self._value_or_default(frame, 'fileName', '<anonymous>')\n                    if line:\n                        file = \"%s:%s\" % (file, line)\n                    meth = self._value_or_default(frame, 'methodName', '<anonymous>')\n                    if 'className' in frame:\n                        meth = \"%s.%s\" % (frame['className'], meth)\n                    msg = \"    at %s (%s)\"\n                    msg = msg % (meth, file)\n                    stacktrace.append(msg)\n            except TypeError:\n                pass\n        if exception_class == ErrorInResponseException:\n            raise exception_class(response, message)\n        elif exception_class == UnexpectedAlertPresentException:\n            alert_text = None\n            if 'data' in value:\n                alert_text = value['data'].get('text')\n            elif 'alert' in value:\n                alert_text = value['alert'].get('text')\n            raise exception_class(message, screen, stacktrace, alert_text)\n>       raise exception_class(message, screen, stacktrace)\nE       selenium.common.exceptions.NoSuchElementException: Message: no such element: Unable to locate element: {\"method\":\"css selector\",\"selector\":\"h2\"}\nE         (Session info: chrome=97.0.4692.99)\n\n/usr/local/lib/python3.8/dist-packages/selenium/webdriver/remote/errorhandler.py:242: NoSuchElementException\n\nDuring handling of the above exception, another exception occurred:\n\nself = <tests.test_outbox_letters.test_add_outbox_letter_main_flow.TestOutboxLetters object at 0x7f0cfeba7400>\n\n    @pytest.mark.smoke\n    def test_add_outbox_letter_main_flow(self):\n        \"\"\"\n        Подготовка заявки для согласования нового исходящего письма\n        https://tfs.university.innopolis.ru/tfs/DefaultCollection/%D0%92%D0%BD%D1%83%D1%82%D1%80%D0%B5%D0%BD%D0%BD%D1%8F%D1%8F%20%D1%80%D0%B0%D0%B7%D1%80%D0%B0%D0%B1%D0%BE%D1%82%D0%BA%D0%B0/_workitems/edit/55188\n        \"\"\"\n        admin_panel.auth_as_user(UsersConstants.ILIYA_MANAEV)\n        main_page.document_management.should(have.text(\"Документооборот\")).click()\n        main_page.outbox_letters.should(have.text(\"Письма исходящие\")).click()\n        list_outbox_letters_page.button_outbox_letter.should(have.text(\"ДОБАВИТЬ ИСХОДЯЩЕЕ ПИСЬМО\")).click()\n>       outbox_letter_name = create_outbox_letter_page.fill_required_fields()\n\ntests/test_outbox_letters/test_add_outbox_letter_main_flow.py:23: \n_ _ _ _ _ _ _ _ _ _ _ _ _ _ _ _ _ _ _ _ _ _ _ _ _ _ _ _ _ _ _ _ _ _ _ _ _ _ _ _ \npages/document_management/outbox_letters/create_outbox_letter_page.py:51: in fill_required_fields\n    return self.name_of_outbox_letter.text\n/usr/local/lib/python3.8/dist-packages/selene/core/entity.py:598: in text\n    return self.get(query.text)\n/usr/local/lib/python3.8/dist-packages/selene/core/entity.py:111: in get\n    return self.wait.for_(query)\n_ _ _ _ _ _ _ _ _ _ _ _ _ _ _ _ _ _ _ _ _ _ _ _ _ _ _ _ _ _ _ _ _ _ _ _ _ _ _ _ \n\nself = <selene.core.wait.Wait object at 0x7f0cfeba79d0>\nfn = <selene.core.wait.Query object at 0x7f0d3405e310>\n\n        def for_(self, fn: Callable[[E], R]) -> R:\n            finish_time = time.time() + self._timeout\n    \n            while True:\n                try:\n                    return fn(self._entity)\n                except Exception as reason:\n                    if time.time() > finish_time:\n    \n                        reason_message = str(reason)\n    \n                        reason_string = '{name}: {message}'.format(\n                            name=reason.__class__.__name__, message=reason_message\n                        )\n                        # todo: think on how can we improve logging failures in selene, e.g. reverse msg and stacktrace\n                        # stacktrace = getattr(reason, 'stacktrace', None)\n                        timeout = self._timeout\n                        entity = self._entity\n    \n                        failure = TimeoutException(\n                            f'''\n    \n    Timed out after {timeout}s, while waiting for:\n    {entity}.{fn}\n    \n    Reason: {reason_string}'''\n                        )\n    \n>                       raise self._hook_failure(failure)\nE                       selene.core.exceptions.TimeoutException: Message: \nE                       \nE                       Timed out after 10s, while waiting for:\nE                       browser.element(('css selector', 'h2')).text\nE                       \nE                       Reason: NoSuchElementException: Message: no such element: Unable to locate element: {\"method\":\"css selector\",\"selector\":\"h2\"}\nE                         (Session info: chrome=97.0.4692.99)\nE                       \nE                       Screenshot: file:///home/seluser/.selene/screenshots/1644154264347/1644154264363.png\nE                       PageSource: file:///home/seluser/.selene/screenshots/1644154264347/1644154264363.html\n\n/usr/local/lib/python3.8/dist-packages/selene/core/wait.py:125: TimeoutException",
    "steps" : [ {
      "name" : "Авторизоваться на портале под ответственным пользователем",
      "time" : {
        "start" : 1644161647206,
        "stop" : 1644161654978,
        "duration" : 7772
      },
      "status" : "passed",
      "steps" : [ {
        "name" : "Авторизоваться под администратором портала",
        "time" : {
          "start" : 1644161647206,
          "stop" : 1644161647836,
          "duration" : 630
        },
        "status" : "passed",
        "steps" : [ ],
        "attachments" : [ ],
        "parameters" : [ ],
        "stepsCount" : 0,
        "attachmentsCount" : 0,
        "shouldDisplayMessage" : false,
        "hasContent" : false
      } ],
      "attachments" : [ ],
      "parameters" : [ {
        "name" : "user",
        "value" : "<common.user.User object at 0x7f0d33e5f0a0>"
      } ],
      "stepsCount" : 1,
      "attachmentsCount" : 0,
      "shouldDisplayMessage" : false,
      "hasContent" : true
    }, {
      "name" : "Заполнить обязательные поля",
      "time" : {
        "start" : 1644161663529,
        "stop" : 1644161702831,
        "duration" : 39302
      },
      "status" : "failed",
      "statusMessage" : "selene.core.exceptions.TimeoutException: Message: \n\nTimed out after 10s, while waiting for:\nbrowser.element(('css selector', 'h2')).text\n\nReason: NoSuchElementException: Message: no such element: Unable to locate element: {\"method\":\"css selector\",\"selector\":\"h2\"}\n  (Session info: chrome=97.0.4692.99)\n\nScreenshot: file:///home/seluser/.selene/screenshots/1644154264347/1644154264363.png\nPageSource: file:///home/seluser/.selene/screenshots/1644154264347/1644154264363.html\n\n",
      "statusTrace" : "  File \"/usr/local/lib/python3.8/dist-packages/allure_commons/_allure.py\", line 172, in impl\n    return func(*a, **kw)\n  File \"/app/pages/document_management/outbox_letters/create_outbox_letter_page.py\", line 51, in fill_required_fields\n    return self.name_of_outbox_letter.text\n  File \"/usr/local/lib/python3.8/dist-packages/selene/core/entity.py\", line 598, in text\n    return self.get(query.text)\n  File \"/usr/local/lib/python3.8/dist-packages/selene/core/entity.py\", line 111, in get\n    return self.wait.for_(query)\n  File \"/usr/local/lib/python3.8/dist-packages/selene/core/wait.py\", line 125, in for_\n    raise self._hook_failure(failure)\n",
      "steps" : [ ],
      "attachments" : [ ],
      "parameters" : [ ],
      "stepsCount" : 0,
      "attachmentsCount" : 0,
      "shouldDisplayMessage" : true,
      "hasContent" : true
    }, {
      "name" : "Screen-shot done",
      "time" : {
        "start" : 1644161702917,
        "stop" : 1644161703182,
        "duration" : 265
      },
      "status" : "passed",
      "steps" : [ ],
      "attachments" : [ {
        "uid" : "e2fbbabce04a08a5",
        "name" : "screenshot",
        "source" : "e2fbbabce04a08a5.png",
        "type" : "image/png",
        "size" : 199077
      } ],
      "parameters" : [ ],
      "stepsCount" : 0,
      "attachmentsCount" : 1,
      "shouldDisplayMessage" : false,
      "hasContent" : true
    } ],
    "attachments" : [ ],
    "parameters" : [ ],
    "stepsCount" : 4,
    "attachmentsCount" : 1,
    "shouldDisplayMessage" : true,
    "hasContent" : true
  },
  "afterStages" : [ {
    "name" : "auth_admin::0",
    "time" : {
      "start" : 1644164514922,
      "stop" : 1644164514953,
      "duration" : 31
    },
    "status" : "passed",
    "steps" : [ ],
    "attachments" : [ ],
    "parameters" : [ ],
    "stepsCount" : 0,
    "attachmentsCount" : 0,
    "shouldDisplayMessage" : false,
    "hasContent" : false
  } ],
  "labels" : [ {
    "name" : "tag",
    "value" : "smoke"
  }, {
    "name" : "parentSuite",
    "value" : "tests.test_outbox_letters"
  }, {
    "name" : "suite",
    "value" : "test_add_outbox_letter_main_flow"
  }, {
    "name" : "subSuite",
    "value" : "TestOutboxLetters"
  }, {
    "name" : "host",
    "value" : "portal-test-qa-7zmn4"
  }, {
    "name" : "thread",
    "value" : "9-MainThread"
  }, {
    "name" : "framework",
    "value" : "pytest"
  }, {
    "name" : "language",
    "value" : "cpython3"
  }, {
    "name" : "package",
    "value" : "tests.test_outbox_letters.test_add_outbox_letter_main_flow"
  }, {
    "name" : "resultFormat",
    "value" : "allure2"
  } ],
  "parameters" : [ ],
  "links" : [ ],
  "hidden" : false,
  "retry" : false,
  "extra" : {
    "severity" : "normal",
    "retries" : [ {
      "uid" : "ba9905c751bf89d8",
      "status" : "failed",
      "statusDetails" : "selene.core.exceptions.TimeoutException: Message: \n\nTimed out after 10s, while waiting for:\nbrowser.element(('css selector', 'h2')).text\n\nReason: NoSuchElementException: Message: no such element: Unable to locate element: {\"method\":\"css selector\",\"selector\":\"h2\"}\n  (Session info: chrome=97.0.4692.99)\n\nScreenshot: file:///home/seluser/.selene/screenshots/1644143429078/1644143429095.png\nPageSource: file:///home/seluser/.selene/screenshots/1644143429078/1644143429095.html",
      "time" : {
        "start" : 1644150687207,
        "stop" : 1644150753939,
        "duration" : 66732
      }
    } ],
    "categories" : [ {
      "name" : "Product defects",
      "matchedStatuses" : [ ],
      "flaky" : false
    } ],
    "history" : {
      "statistic" : {
        "failed" : 2,
        "broken" : 0,
        "skipped" : 0,
        "passed" : 0,
        "unknown" : 0,
        "total" : 2
      },
      "items" : [ {
        "uid" : "1c6e9af8dedfbd10",
        "reportUrl" : "../2/index.html#testresult/1c6e9af8dedfbd10",
        "status" : "failed",
        "statusDetails" : "selene.core.exceptions.TimeoutException: Message: \n\nTimed out after 10s, while waiting for:\nbrowser.element(('css selector', 'h2')).text\n\nReason: NoSuchElementException: Message: no such element: Unable to locate element: {\"method\":\"css selector\",\"selector\":\"h2\"}\n  (Session info: chrome=97.0.4692.99)\n\nScreenshot: file:///home/seluser/.selene/screenshots/1644143429078/1644143429095.png\nPageSource: file:///home/seluser/.selene/screenshots/1644143429078/1644143429095.html",
        "time" : {
          "start" : 1644150687207,
          "stop" : 1644150753939,
          "duration" : 66732
        }
      } ]
    },
    "tags" : [ "smoke" ]
  },
  "source" : "faeabcf816799c0e.json",
  "parameterValues" : [ ]
}